2022-03-17 02:54:52:586 grammar LogManager.java:25 before: (PARSER_GRAMMAR Rust (OPTIONS (= tokenVocab RustLexer)) (@ header {
    import arrayList "github.com/colegno/arraylist"
    import "OLC2/interfaces"
    import "OLC2/expressions"
    import "OLC2/instructions"
    import "OLC2/environment"
    import "strings"
}) (RULES (RULE start (returns environment.Code code) (BLOCK (ALT (* (BLOCK (ALT (+= e global_env)))) main (* (BLOCK (ALT (+= e global_env)))) {
        global := arrayList.New()
        listInt := localctx.(*StartContext).GetE()
        for _, e := range listInt {
            global.Add(e.GetHi())
        }
        $code = environment.NewCode($main.mainInst, global)
    }))) (RULE global_env (returns string hi) (BLOCK (ALT declaration PYC {$hi = "declaration"}) (ALT function {$hi = "function"}) (ALT module {$hi = "module"}))) (RULE main (returns *arrayList.List mainInst) (BLOCK (ALT FUNC MAIN PARIZQ PARDER LLAVEIZQ instructions LLAVEDER { $mainInst = $instructions.insts }))) (RULE instructions (returns *arrayList.List insts) (@ init {
    $insts = arrayList.New()
  }) (BLOCK (ALT (+ (BLOCK (ALT (+= e instruction)))) {
        listInt := localctx.(*InstructionsContext).GetE()
        for _, e := range listInt {
            $insts.Add(e.GetInst())
        }
    }))) (RULE instruction (returns interfaces.Instruction inst) (BLOCK (ALT impression PYC { $inst = $impression.pr }) (ALT declaration PYC { $inst = $declaration.dec }) (ALT assignment PYC { $inst = $assignment.ass }) (ALT condIf { $inst = $condIf.ifCond }) (ALT condMatch { $inst = $condMatch.mtch }))) (RULE condIf (returns  interfaces.Instruction ifCond ) (BLOCK (ALT IF expression LLAVEIZQ block LLAVEDER (* (BLOCK (ALT (+= e condElseIf)))) condElse {
            elif := arrayList.New()
            listElif := localctx.(*CondIfContext).GetE()
            for _, e := range listElif {
                elif.Add(e.GetElif())
            }
            $ifCond = instructions.NewIf($IF.line, $IF.pos, $expression.p, $block.blk, elif, $condElse.blkelse)
            }))) (RULE condElseIf (returns interfaces.Instruction elif) (BLOCK (ALT ELSE IF expression LLAVEIZQ block LLAVEDER {
    elif := arrayList.New()
    condelse := arrayList.New()
    $elif = instructions.NewIf($ELSE.line, $ELSE.pos, $expression.p, $block.blk, elif, condelse)
    }))) (RULE condElse (returns *arrayList.List blkelse) (BLOCK (ALT ELSE LLAVEIZQ block LLAVEDER { $blkelse = $block.blk }) (ALT { $blkelse = arrayList.New() }))) (RULE block (returns *arrayList.List blk) (@ init {
    $blk = arrayList.New()
  }) (BLOCK (ALT (= bloque block) instruction {
                            $bloque.blk.Add($instruction.inst)
                            $blk = $bloque.blk
                            }) (ALT (= bloque block) expression {
                            $bloque.blk.Add($expression.p)
                            $blk = $bloque.blk
                           }) (ALT instruction { $blk.Add($instruction.inst) }) (ALT expression { $blk.Add($expression.p) }))) (RULE condMatch (returns interfaces.Instruction mtch) (BLOCK (ALT MATCH expression LLAVEIZQ (+ (BLOCK (ALT (+= e listArms)))) defaultArm LLAVEDER {
        arrarms := arrayList.New()
        larms := localctx.(*CondMatchContext).GetE()
        for _, e := range larms {
            arrarms.Add(e.GetArms())
        }
        $mtch = instructions.NewMatch($MATCH.line, $MATCH.pos, $expression.p, arrarms, $defaultArm.defa)
        }))) (RULE listArms (returns interfaces.Instruction arms) (BLOCK (ALT listMatch ARROW2 block COMA {
         $arms = instructions.NewArm($listMatch.start.GetLine(),$listMatch.start.GetColumn(), $listMatch.ma, $block.blk)
         }) (ALT listMatch ARROW2 LLAVEIZQ block LLAVEDER COMA {
        $arms = instructions.NewArm($listMatch.start.GetLine(),$listMatch.start.GetColumn(), $listMatch.ma, $block.blk)
        }))) (RULE listMatch (returns *arrayList.List ma) (BLOCK (ALT (= lma listMatch) PLEC expression {
                                $lma.ma.Add($expression.p)
                                $ma = $lma.ma
                             }) (ALT expression {
                 $ma = arrayList.New()
                 $ma.Add($expression.p)
              }))) (RULE defaultArm (returns *arrayList.List defa) (BLOCK (ALT UNDERSCORE ARROW2 block COMA { $defa = $block.blk }) (ALT UNDERSCORE ARROW2 LLAVEIZQ block LLAVEDER COMA { $defa = $block.blk }) (ALT { $defa = arrayList.New() }))) (RULE impression (returns interfaces.Instruction pr) (BLOCK (ALT PRINT PARIZQ listParams PARDER { $pr = instructions.NewPrint($PRINT.line,$PRINT.pos,$listParams.l) }))) (RULE declaration (returns interfaces.Instruction dec) (BLOCK (ALT LET MUT ID D_PTS types IGUAL expression { $dec = instructions.NewDeclaration($LET.line, $LET.pos, $ID.text, $types.ty, $expression.p, true) }) (ALT LET MUT ID IGUAL expression { $dec = instructions.NewDeclaration($LET.line, $LET.pos, $ID.text, environment.WILDCARD, $expression.p, true) }) (ALT LET ID D_PTS types IGUAL expression { $dec = instructions.NewDeclaration($LET.line, $LET.pos, $ID.text, $types.ty, $expression.p, false) }) (ALT LET ID IGUAL expression { $dec = instructions.NewDeclaration($LET.line, $LET.pos, $ID.text, environment.WILDCARD, $expression.p, false) }) (ALT LET MUT ID D_PTS arrayType IGUAL expression { $dec = instructions.NewArrayDeclaration($LET.line, $LET.pos, $ID.text, $arrayType.t, $expression.p, true) }) (ALT LET ID D_PTS arrayType IGUAL expression { $dec = instructions.NewArrayDeclaration($LET.line, $LET.pos, $ID.text, $arrayType.t, $expression.p, false) }))) (RULE assignment (returns interfaces.Instruction ass) (BLOCK (ALT ID IGUAL expression { $ass = instructions.NewAssignment($ID.line, $ID.pos, $ID.text, $expression.p)}))) (RULE arrayType (returns *arrayList.List t) (BLOCK (ALT CORIZQ arrayType PYC expression CORDER {
                                            newType := environment.NewArrayType(environment.ARRAY, $expression.p)
                                           $arrayType.t.Add(newType)
                                           $t = $arrayType.t
                                            }) (ALT CORIZQ types PYC expression CORDER {
                                        $t = arrayList.New()
                                        newType := environment.NewArrayType($types.ty, $expression.p)
                                        $t.Add(newType)
                                     }))) (RULE function (returns ) (BLOCK (ALT FUNC ID PARIZQ listParams PARDER LLAVEIZQ instructions LLAVEDER))) (RULE module (returns ) (BLOCK (ALT MODULE ID LLAVEIZQ LLAVEDER))) (RULE types (returns environment.TipoExpresion ty) (BLOCK (ALT INT { $ty = environment.INTEGER }) (ALT FLOAT { $ty = environment.FLOAT }) (ALT BOOL { $ty = environment.BOOLEAN }) (ALT CHAR { $ty = environment.CHAR }) (ALT STR1 { $ty = environment.STRING }) (ALT VECTOR { $ty = environment.VECTOR }) (ALT STRUCT { $ty = environment.STRUCT }))) (RULE listParams (returns *arrayList.List l) (BLOCK (ALT (= list listParams) COMA expression {
                                        $list.l.Add($expression.p)
                                        $l = $list.l
                                     }) (ALT expression {
                $l = arrayList.New()
                $l.Add($expression.p)
             }))) (RULE expression (returns interfaces.Expression p) (BLOCK (ALT expr_arit { $p = $expr_arit.p }))) (RULE expr_arit (returns interfaces.Expression p) (BLOCK (ALT (= opIz expr_arit) (= op (BLOCK (ALT MUL) (ALT DIV))) (= opDe expr_arit) {$p = expressions.NewOperation($opIz.start.GetLine(),$opIz.start.GetColumn(),$opIz.p,$op.text,$opDe.p)}) (ALT (= opIz expr_arit) (= op (BLOCK (ALT ADD) (ALT SUB))) (= opDe expr_arit) {$p = expressions.NewOperation(0,0,$opIz.p,$op.text,$opDe.p)}) (ALT (= opIz expr_arit) (= op (BLOCK (ALT MENOR) (ALT MENORIGUAL) (ALT MAYORIGUAL) (ALT MAYOR))) (= opDe expr_arit) {$p = expressions.NewOperation(0,0,$opIz.p,$op.text,$opDe.p)}) (ALT CORIZQ listParams CORDER { $p = expressions.NewArray($CORIZQ.line, $CORIZQ.pos, $listParams.l) }) (ALT PARIZQ expression PARDER { $p = $expression.p }) (ALT primitive { $p = $primitive.p }) (ALT condIf { $p = $condIf.ifCond }) (ALT condMatch { $p = $condMatch.mtch }))) (RULE primitive (returns interfaces.Expression p) (BLOCK (ALT NUMBER {
            if (strings.Contains($NUMBER.text,".")){
                num,err := strconv.ParseFloat($NUMBER.text, 64);
                if err!= nil{
                    fmt.Println(err)
                }
                $p = expressions.NewPrimitive($NUMBER.line,$NUMBER.pos,num,environment.FLOAT)
            }else{
                num,err := strconv.Atoi($NUMBER.text)
                if err!= nil{
                    fmt.Println(err)
                }
                $p = expressions.NewPrimitive($NUMBER.line,$NUMBER.pos,num,environment.INTEGER)
            }
        }) (ALT STRING {
                str := $STRING.text
                $p = expressions.NewPrimitive($STRING.line, $STRING.pos,str[1:len(str)-1],environment.STRING)
            }) (ALT TRU { $p = expressions.NewPrimitive($TRU.line, $TRU.pos,true,environment.BOOLEAN) }) (ALT FAL { $p = expressions.NewPrimitive($FAL.line, $FAL.pos,false,environment.BOOLEAN) }) (ALT (= list listArray) { $p = $list.p}))) (RULE listArray (returns interfaces.Expression p) (BLOCK (ALT (= list listArray) CORIZQ expression CORDER { $p = expressions.NewArrayAccess($list.start.GetLine(), $list.start.GetColumn(), $list.p, $expression.p) }) (ALT ID { $p = expressions.NewCallVar($ID.line, $ID.pos, $ID.text)})))))
2022-03-17 02:54:52:631 grammar LogManager.java:25 after: (PARSER_GRAMMAR Rust (OPTIONS (= tokenVocab RustLexer)) (@ header {
    import arrayList "github.com/colegno/arraylist"
    import "OLC2/interfaces"
    import "OLC2/expressions"
    import "OLC2/instructions"
    import "OLC2/environment"
    import "strings"
}) (RULES (RULE start (returns environment.Code code) (BLOCK (ALT (* (BLOCK (ALT (+= e global_env)))) main (* (BLOCK (ALT (+= e global_env)))) {
        global := arrayList.New()
        listInt := localctx.(*StartContext).GetE()
        for _, e := range listInt {
            global.Add(e.GetHi())
        }
        $code = environment.NewCode($main.mainInst, global)
    }))) (RULE global_env (returns string hi) (BLOCK (ALT declaration PYC {$hi = "declaration"}) (ALT function {$hi = "function"}) (ALT module {$hi = "module"}))) (RULE main (returns *arrayList.List mainInst) (BLOCK (ALT FUNC MAIN PARIZQ PARDER LLAVEIZQ instructions LLAVEDER { $mainInst = $instructions.insts }))) (RULE instructions (returns *arrayList.List insts) (@ init {
    $insts = arrayList.New()
  }) (BLOCK (ALT (+ (BLOCK (ALT (+= e instruction)))) {
        listInt := localctx.(*InstructionsContext).GetE()
        for _, e := range listInt {
            $insts.Add(e.GetInst())
        }
    }))) (RULE instruction (returns interfaces.Instruction inst) (BLOCK (ALT impression PYC { $inst = $impression.pr }) (ALT declaration PYC { $inst = $declaration.dec }) (ALT assignment PYC { $inst = $assignment.ass }) (ALT condIf { $inst = $condIf.ifCond }) (ALT condMatch { $inst = $condMatch.mtch }))) (RULE condIf (returns  interfaces.Instruction ifCond ) (BLOCK (ALT IF expression LLAVEIZQ block LLAVEDER (* (BLOCK (ALT (+= e condElseIf)))) condElse {
            elif := arrayList.New()
            listElif := localctx.(*CondIfContext).GetE()
            for _, e := range listElif {
                elif.Add(e.GetElif())
            }
            $ifCond = instructions.NewIf($IF.line, $IF.pos, $expression.p, $block.blk, elif, $condElse.blkelse)
            }))) (RULE condElseIf (returns interfaces.Instruction elif) (BLOCK (ALT ELSE IF expression LLAVEIZQ block LLAVEDER {
    elif := arrayList.New()
    condelse := arrayList.New()
    $elif = instructions.NewIf($ELSE.line, $ELSE.pos, $expression.p, $block.blk, elif, condelse)
    }))) (RULE condElse (returns *arrayList.List blkelse) (BLOCK (ALT ELSE LLAVEIZQ block LLAVEDER { $blkelse = $block.blk }) (ALT { $blkelse = arrayList.New() }))) (RULE block (returns *arrayList.List blk) (@ init {
    $blk = arrayList.New()
  }) (BLOCK (ALT (= bloque block) instruction {
                            $bloque.blk.Add($instruction.inst)
                            $blk = $bloque.blk
                            }) (ALT (= bloque block) expression {
                            $bloque.blk.Add($expression.p)
                            $blk = $bloque.blk
                           }) (ALT instruction { $blk.Add($instruction.inst) }) (ALT expression { $blk.Add($expression.p) }))) (RULE condMatch (returns interfaces.Instruction mtch) (BLOCK (ALT MATCH expression LLAVEIZQ (+ (BLOCK (ALT (+= e listArms)))) defaultArm LLAVEDER {
        arrarms := arrayList.New()
        larms := localctx.(*CondMatchContext).GetE()
        for _, e := range larms {
            arrarms.Add(e.GetArms())
        }
        $mtch = instructions.NewMatch($MATCH.line, $MATCH.pos, $expression.p, arrarms, $defaultArm.defa)
        }))) (RULE listArms (returns interfaces.Instruction arms) (BLOCK (ALT listMatch ARROW2 block COMA {
         $arms = instructions.NewArm($listMatch.start.GetLine(),$listMatch.start.GetColumn(), $listMatch.ma, $block.blk)
         }) (ALT listMatch ARROW2 LLAVEIZQ block LLAVEDER COMA {
        $arms = instructions.NewArm($listMatch.start.GetLine(),$listMatch.start.GetColumn(), $listMatch.ma, $block.blk)
        }))) (RULE listMatch (returns *arrayList.List ma) (BLOCK (ALT (= lma listMatch) PLEC expression {
                                $lma.ma.Add($expression.p)
                                $ma = $lma.ma
                             }) (ALT expression {
                 $ma = arrayList.New()
                 $ma.Add($expression.p)
              }))) (RULE defaultArm (returns *arrayList.List defa) (BLOCK (ALT UNDERSCORE ARROW2 block COMA { $defa = $block.blk }) (ALT UNDERSCORE ARROW2 LLAVEIZQ block LLAVEDER COMA { $defa = $block.blk }) (ALT { $defa = arrayList.New() }))) (RULE impression (returns interfaces.Instruction pr) (BLOCK (ALT PRINT PARIZQ listParams PARDER { $pr = instructions.NewPrint($PRINT.line,$PRINT.pos,$listParams.l) }))) (RULE declaration (returns interfaces.Instruction dec) (BLOCK (ALT LET MUT ID D_PTS types IGUAL expression { $dec = instructions.NewDeclaration($LET.line, $LET.pos, $ID.text, $types.ty, $expression.p, true) }) (ALT LET MUT ID IGUAL expression { $dec = instructions.NewDeclaration($LET.line, $LET.pos, $ID.text, environment.WILDCARD, $expression.p, true) }) (ALT LET ID D_PTS types IGUAL expression { $dec = instructions.NewDeclaration($LET.line, $LET.pos, $ID.text, $types.ty, $expression.p, false) }) (ALT LET ID IGUAL expression { $dec = instructions.NewDeclaration($LET.line, $LET.pos, $ID.text, environment.WILDCARD, $expression.p, false) }) (ALT LET MUT ID D_PTS arrayType IGUAL expression { $dec = instructions.NewArrayDeclaration($LET.line, $LET.pos, $ID.text, $arrayType.t, $expression.p, true) }) (ALT LET ID D_PTS arrayType IGUAL expression { $dec = instructions.NewArrayDeclaration($LET.line, $LET.pos, $ID.text, $arrayType.t, $expression.p, false) }))) (RULE assignment (returns interfaces.Instruction ass) (BLOCK (ALT ID IGUAL expression { $ass = instructions.NewAssignment($ID.line, $ID.pos, $ID.text, $expression.p)}))) (RULE arrayType (returns *arrayList.List t) (BLOCK (ALT CORIZQ arrayType PYC expression CORDER {
                                            newType := environment.NewArrayType(environment.ARRAY, $expression.p)
                                           $arrayType.t.Add(newType)
                                           $t = $arrayType.t
                                            }) (ALT CORIZQ types PYC expression CORDER {
                                        $t = arrayList.New()
                                        newType := environment.NewArrayType($types.ty, $expression.p)
                                        $t.Add(newType)
                                     }))) (RULE function (returns ) (BLOCK (ALT FUNC ID PARIZQ listParams PARDER LLAVEIZQ instructions LLAVEDER))) (RULE module (returns ) (BLOCK (ALT MODULE ID LLAVEIZQ LLAVEDER))) (RULE types (returns environment.TipoExpresion ty) (BLOCK (ALT INT { $ty = environment.INTEGER }) (ALT FLOAT { $ty = environment.FLOAT }) (ALT BOOL { $ty = environment.BOOLEAN }) (ALT CHAR { $ty = environment.CHAR }) (ALT STR1 { $ty = environment.STRING }) (ALT VECTOR { $ty = environment.VECTOR }) (ALT STRUCT { $ty = environment.STRUCT }))) (RULE listParams (returns *arrayList.List l) (BLOCK (ALT (= list listParams) COMA expression {
                                        $list.l.Add($expression.p)
                                        $l = $list.l
                                     }) (ALT expression {
                $l = arrayList.New()
                $l.Add($expression.p)
             }))) (RULE expression (returns interfaces.Expression p) (BLOCK (ALT expr_arit { $p = $expr_arit.p }))) (RULE expr_arit (returns interfaces.Expression p) (BLOCK (ALT (= opIz expr_arit) (= op (SET MUL DIV)) (= opDe expr_arit) {$p = expressions.NewOperation($opIz.start.GetLine(),$opIz.start.GetColumn(),$opIz.p,$op.text,$opDe.p)}) (ALT (= opIz expr_arit) (= op (SET ADD SUB)) (= opDe expr_arit) {$p = expressions.NewOperation(0,0,$opIz.p,$op.text,$opDe.p)}) (ALT (= opIz expr_arit) (= op (SET MENOR MENORIGUAL MAYORIGUAL MAYOR)) (= opDe expr_arit) {$p = expressions.NewOperation(0,0,$opIz.p,$op.text,$opDe.p)}) (ALT CORIZQ listParams CORDER { $p = expressions.NewArray($CORIZQ.line, $CORIZQ.pos, $listParams.l) }) (ALT PARIZQ expression PARDER { $p = $expression.p }) (ALT primitive { $p = $primitive.p }) (ALT condIf { $p = $condIf.ifCond }) (ALT condMatch { $p = $condMatch.mtch }))) (RULE primitive (returns interfaces.Expression p) (BLOCK (ALT NUMBER {
            if (strings.Contains($NUMBER.text,".")){
                num,err := strconv.ParseFloat($NUMBER.text, 64);
                if err!= nil{
                    fmt.Println(err)
                }
                $p = expressions.NewPrimitive($NUMBER.line,$NUMBER.pos,num,environment.FLOAT)
            }else{
                num,err := strconv.Atoi($NUMBER.text)
                if err!= nil{
                    fmt.Println(err)
                }
                $p = expressions.NewPrimitive($NUMBER.line,$NUMBER.pos,num,environment.INTEGER)
            }
        }) (ALT STRING {
                str := $STRING.text
                $p = expressions.NewPrimitive($STRING.line, $STRING.pos,str[1:len(str)-1],environment.STRING)
            }) (ALT TRU { $p = expressions.NewPrimitive($TRU.line, $TRU.pos,true,environment.BOOLEAN) }) (ALT FAL { $p = expressions.NewPrimitive($FAL.line, $FAL.pos,false,environment.BOOLEAN) }) (ALT (= list listArray) { $p = $list.p}))) (RULE listArray (returns interfaces.Expression p) (BLOCK (ALT (= list listArray) CORIZQ expression CORDER { $p = expressions.NewArrayAccess($list.start.GetLine(), $list.start.GetColumn(), $list.p, $expression.p) }) (ALT ID { $p = expressions.NewCallVar($ID.line, $ID.pos, $ID.text)})))))
2022-03-17 02:54:52:830 left-recursion LogManager.java:25 block returns [*arrayList.List blk]
    :   ( {} instruction<tokenIndex=272> { $blk.Add($instruction.inst) } 
        | expression<tokenIndex=278> { $blk.Add($expression.p) } 
        )
        (
          {p.Precpred(p.GetParserRuleContext(), 4)}?<p=4> instruction<tokenIndex=256> {
                                      $bloque.blk.Add($instruction.inst)
                                      $blk = $bloque.blk
                                      }
                  | {p.Precpred(p.GetParserRuleContext(), 3)}?<p=3> expression<tokenIndex=266> {
                                      $bloque.blk.Add($expression.p)
                                      $blk = $bloque.blk
                                     }
        )*
    ;
2022-03-17 02:54:52:836 grammar LogManager.java:25 added: (RULE block (returns *arrayList.List blk) (BLOCK (ALT (BLOCK (ALT {} (instruction (ELEMENT_OPTIONS (= tokenIndex 272))) { $blk.Add($instruction.inst) }) (ALT (expression (ELEMENT_OPTIONS (= tokenIndex 278))) { $blk.Add($expression.p) })) (* (BLOCK (ALT ({p.Precpred(p.GetParserRuleContext(), 4)}? (ELEMENT_OPTIONS (= p 4))) (instruction (ELEMENT_OPTIONS (= tokenIndex 256))) {
                                      $bloque.blk.Add($instruction.inst)
                                      $blk = $bloque.blk
                                      }) (ALT ({p.Precpred(p.GetParserRuleContext(), 3)}? (ELEMENT_OPTIONS (= p 3))) (expression (ELEMENT_OPTIONS (= tokenIndex 266))) {
                                      $bloque.blk.Add($expression.p)
                                      $blk = $bloque.blk
                                     }))))))
2022-03-17 02:54:52:899 left-recursion LogManager.java:25 listMatch returns [*arrayList.List ma]
    :   ( {} expression<tokenIndex=365> {
                 $ma = arrayList.New()
                 $ma.Add($expression.p)
              } 
        )
        (
          {p.Precpred(p.GetParserRuleContext(), 2)}?<p=2> PLEC<tokenIndex=357> expression<tokenIndex=359> {
                                          $lma.ma.Add($expression.p)
                                          $ma = $lma.ma
                                       }
        )*
    ;
2022-03-17 02:54:52:901 grammar LogManager.java:25 added: (RULE listMatch (returns *arrayList.List ma) (BLOCK (ALT (BLOCK (ALT {} (expression (ELEMENT_OPTIONS (= tokenIndex 365))) {
                 $ma = arrayList.New()
                 $ma.Add($expression.p)
              })) (* (BLOCK (ALT ({p.Precpred(p.GetParserRuleContext(), 2)}? (ELEMENT_OPTIONS (= p 2))) (PLEC (ELEMENT_OPTIONS (= tokenIndex 357))) (expression (ELEMENT_OPTIONS (= tokenIndex 359))) {
                                          $lma.ma.Add($expression.p)
                                          $ma = $lma.ma
                                       }))))))
2022-03-17 02:54:52:952 left-recursion LogManager.java:25 listParams returns [*arrayList.List l]
    :   ( {} expression<tokenIndex=696> {
                $l = arrayList.New()
                $l.Add($expression.p)
             } 
        )
        (
          {p.Precpred(p.GetParserRuleContext(), 2)}?<p=2> COMA<tokenIndex=688> expression<tokenIndex=690>   {
                                                  $list.l.Add($expression.p)
                                                  $l = $list.l
                                               }
        )*
    ;
2022-03-17 02:54:52:952 grammar LogManager.java:25 added: (RULE listParams (returns *arrayList.List l) (BLOCK (ALT (BLOCK (ALT {} (expression (ELEMENT_OPTIONS (= tokenIndex 696))) {
                $l = arrayList.New()
                $l.Add($expression.p)
             })) (* (BLOCK (ALT ({p.Precpred(p.GetParserRuleContext(), 2)}? (ELEMENT_OPTIONS (= p 2))) (COMA (ELEMENT_OPTIONS (= tokenIndex 688))) (expression (ELEMENT_OPTIONS (= tokenIndex 690))) {
                                                  $list.l.Add($expression.p)
                                                  $l = $list.l
                                               }))))))
2022-03-17 02:54:52:981 left-recursion LogManager.java:25 expr_arit returns [interfaces.Expression p]
    :   ( {} CORIZQ<tokenIndex=786> listParams<tokenIndex=788> CORDER<tokenIndex=790> { $p = expressions.NewArray($CORIZQ.line, $CORIZQ.pos, $listParams.l) } 
        | PARIZQ<tokenIndex=796> expression<tokenIndex=798> PARDER<tokenIndex=800> { $p = $expression.p } 
        | primitive<tokenIndex=806> { $p = $primitive.p } 
        | condIf<tokenIndex=812> { $p = $condIf.ifCond } 
        | condMatch<tokenIndex=818> { $p = $condMatch.mtch } 
        )
        (
          {p.Precpred(p.GetParserRuleContext(), 8)}?<p=8> op=(MUL<tokenIndex=729>|DIV<tokenIndex=731>) opDe=expr_arit<tokenIndex=736,p=9> {$p = expressions.NewOperation($opIz.start.GetLine(),$opIz.start.GetColumn(),$opIz.p,$op.text,$opDe.p)}
                  | {p.Precpred(p.GetParserRuleContext(), 7)}?<p=7> op=(ADD<tokenIndex=749>|SUB<tokenIndex=751>) opDe=expr_arit<tokenIndex=756,p=8> {$p = expressions.NewOperation(0,0,$opIz.p,$op.text,$opDe.p)}
                  | {p.Precpred(p.GetParserRuleContext(), 6)}?<p=6> op=(MENOR<tokenIndex=769>|MENORIGUAL<tokenIndex=771>|MAYORIGUAL<tokenIndex=773>|MAYOR<tokenIndex=775>) opDe=expr_arit<tokenIndex=780,p=7> {$p = expressions.NewOperation(0,0,$opIz.p,$op.text,$opDe.p)}
        )*
    ;
2022-03-17 02:54:52:987 grammar LogManager.java:25 added: (RULE expr_arit (returns interfaces.Expression p) (BLOCK (ALT (BLOCK (ALT {} (CORIZQ (ELEMENT_OPTIONS (= tokenIndex 786))) (listParams (ELEMENT_OPTIONS (= tokenIndex 788))) (CORDER (ELEMENT_OPTIONS (= tokenIndex 790))) { $p = expressions.NewArray($CORIZQ.line, $CORIZQ.pos, $listParams.l) }) (ALT (PARIZQ (ELEMENT_OPTIONS (= tokenIndex 796))) (expression (ELEMENT_OPTIONS (= tokenIndex 798))) (PARDER (ELEMENT_OPTIONS (= tokenIndex 800))) { $p = $expression.p }) (ALT (primitive (ELEMENT_OPTIONS (= tokenIndex 806))) { $p = $primitive.p }) (ALT (condIf (ELEMENT_OPTIONS (= tokenIndex 812))) { $p = $condIf.ifCond }) (ALT (condMatch (ELEMENT_OPTIONS (= tokenIndex 818))) { $p = $condMatch.mtch })) (* (BLOCK (ALT ({p.Precpred(p.GetParserRuleContext(), 8)}? (ELEMENT_OPTIONS (= p 8))) (= op (SET (MUL (ELEMENT_OPTIONS (= tokenIndex 729))) (DIV (ELEMENT_OPTIONS (= tokenIndex 731))))) (= opDe (expr_arit (ELEMENT_OPTIONS (= tokenIndex 736) (= p 9)))) {$p = expressions.NewOperation($opIz.start.GetLine(),$opIz.start.GetColumn(),$opIz.p,$op.text,$opDe.p)}) (ALT ({p.Precpred(p.GetParserRuleContext(), 7)}? (ELEMENT_OPTIONS (= p 7))) (= op (SET (ADD (ELEMENT_OPTIONS (= tokenIndex 749))) (SUB (ELEMENT_OPTIONS (= tokenIndex 751))))) (= opDe (expr_arit (ELEMENT_OPTIONS (= tokenIndex 756) (= p 8)))) {$p = expressions.NewOperation(0,0,$opIz.p,$op.text,$opDe.p)}) (ALT ({p.Precpred(p.GetParserRuleContext(), 6)}? (ELEMENT_OPTIONS (= p 6))) (= op (SET (MENOR (ELEMENT_OPTIONS (= tokenIndex 769))) (MENORIGUAL (ELEMENT_OPTIONS (= tokenIndex 771))) (MAYORIGUAL (ELEMENT_OPTIONS (= tokenIndex 773))) (MAYOR (ELEMENT_OPTIONS (= tokenIndex 775))))) (= opDe (expr_arit (ELEMENT_OPTIONS (= tokenIndex 780) (= p 7)))) {$p = expressions.NewOperation(0,0,$opIz.p,$op.text,$opDe.p)}))))))
2022-03-17 02:54:53:029 left-recursion LogManager.java:25 listArray returns [interfaces.Expression p]
    :   ( {} ID<tokenIndex=885> { $p = expressions.NewCallVar($ID.line, $ID.pos, $ID.text)} 
        )
        (
          {p.Precpred(p.GetParserRuleContext(), 2)}?<p=2> CORIZQ<tokenIndex=875> expression<tokenIndex=877> CORDER<tokenIndex=879> { $p = expressions.NewArrayAccess($list.start.GetLine(), $list.start.GetColumn(), $list.p, $expression.p) }
        )*
    ;
2022-03-17 02:54:53:031 grammar LogManager.java:25 added: (RULE listArray (returns interfaces.Expression p) (BLOCK (ALT (BLOCK (ALT {} (ID (ELEMENT_OPTIONS (= tokenIndex 885))) { $p = expressions.NewCallVar($ID.line, $ID.pos, $ID.text)})) (* (BLOCK (ALT ({p.Precpred(p.GetParserRuleContext(), 2)}? (ELEMENT_OPTIONS (= p 2))) (CORIZQ (ELEMENT_OPTIONS (= tokenIndex 875))) (expression (ELEMENT_OPTIONS (= tokenIndex 877))) (CORDER (ELEMENT_OPTIONS (= tokenIndex 879))) { $p = expressions.NewArrayAccess($list.start.GetLine(), $list.start.GetColumn(), $list.p, $expression.p) }))))))
2022-03-17 02:54:53:042 grammar LogManager.java:25 import INT=1
2022-03-17 02:54:53:043 grammar LogManager.java:25 import FLOAT=2
2022-03-17 02:54:53:043 grammar LogManager.java:25 import BOOL=3
2022-03-17 02:54:53:043 grammar LogManager.java:25 import CHAR=4
2022-03-17 02:54:53:043 grammar LogManager.java:25 import STR1=5
2022-03-17 02:54:53:043 grammar LogManager.java:25 import STR2=6
2022-03-17 02:54:53:043 grammar LogManager.java:25 import USIZE=7
2022-03-17 02:54:53:043 grammar LogManager.java:25 import VECTOR=8
2022-03-17 02:54:53:043 grammar LogManager.java:25 import STRUCT=9
2022-03-17 02:54:53:043 grammar LogManager.java:25 import TRU=10
2022-03-17 02:54:53:043 grammar LogManager.java:25 import FAL=11
2022-03-17 02:54:53:043 grammar LogManager.java:25 import POW=12
2022-03-17 02:54:53:043 grammar LogManager.java:25 import PRINT=13
2022-03-17 02:54:53:043 grammar LogManager.java:25 import LET=14
2022-03-17 02:54:53:043 grammar LogManager.java:25 import MUT=15
2022-03-17 02:54:53:043 grammar LogManager.java:25 import FUNC=16
2022-03-17 02:54:53:043 grammar LogManager.java:25 import ARROW1=17
2022-03-17 02:54:53:043 grammar LogManager.java:25 import ARROW2=18
2022-03-17 02:54:53:043 grammar LogManager.java:25 import ABS=19
2022-03-17 02:54:53:043 grammar LogManager.java:25 import SQRT=20
2022-03-17 02:54:53:043 grammar LogManager.java:25 import TOSTR=21
2022-03-17 02:54:53:043 grammar LogManager.java:25 import CLONE=22
2022-03-17 02:54:53:043 grammar LogManager.java:25 import NEW=23
2022-03-17 02:54:53:043 grammar LogManager.java:25 import LEN=24
2022-03-17 02:54:53:043 grammar LogManager.java:25 import PUSH=25
2022-03-17 02:54:53:043 grammar LogManager.java:25 import REMOVE=26
2022-03-17 02:54:53:043 grammar LogManager.java:25 import CONTAINS=27
2022-03-17 02:54:53:043 grammar LogManager.java:25 import INSERT=28
2022-03-17 02:54:53:043 grammar LogManager.java:25 import CAPACITY=29
2022-03-17 02:54:53:043 grammar LogManager.java:25 import WCAPACITY=30
2022-03-17 02:54:53:043 grammar LogManager.java:25 import MAIN=31
2022-03-17 02:54:53:043 grammar LogManager.java:25 import IF=32
2022-03-17 02:54:53:043 grammar LogManager.java:25 import ELSE=33
2022-03-17 02:54:53:043 grammar LogManager.java:25 import MATCH=34
2022-03-17 02:54:53:043 grammar LogManager.java:25 import LOOP=35
2022-03-17 02:54:53:043 grammar LogManager.java:25 import WHILE=36
2022-03-17 02:54:53:043 grammar LogManager.java:25 import FOR=37
2022-03-17 02:54:53:043 grammar LogManager.java:25 import IN=38
2022-03-17 02:54:53:043 grammar LogManager.java:25 import BREAK=39
2022-03-17 02:54:53:043 grammar LogManager.java:25 import CONTINUE=40
2022-03-17 02:54:53:043 grammar LogManager.java:25 import RETURN=41
2022-03-17 02:54:53:043 grammar LogManager.java:25 import MODULE=42
2022-03-17 02:54:53:044 grammar LogManager.java:25 import PUB=43
2022-03-17 02:54:53:044 grammar LogManager.java:25 import NUMBER=44
2022-03-17 02:54:53:044 grammar LogManager.java:25 import STRING=45
2022-03-17 02:54:53:044 grammar LogManager.java:25 import ID=46
2022-03-17 02:54:53:044 grammar LogManager.java:25 import PUNTO=47
2022-03-17 02:54:53:044 grammar LogManager.java:25 import C_PTS=48
2022-03-17 02:54:53:044 grammar LogManager.java:25 import D_PTS=49
2022-03-17 02:54:53:044 grammar LogManager.java:25 import PYC=50
2022-03-17 02:54:53:044 grammar LogManager.java:25 import COMA=51
2022-03-17 02:54:53:044 grammar LogManager.java:25 import DIFERENTE=52
2022-03-17 02:54:53:044 grammar LogManager.java:25 import IG_IG=53
2022-03-17 02:54:53:044 grammar LogManager.java:25 import NOT=54
2022-03-17 02:54:53:044 grammar LogManager.java:25 import OR=55
2022-03-17 02:54:53:044 grammar LogManager.java:25 import PLEC=56
2022-03-17 02:54:53:044 grammar LogManager.java:25 import UNDERSCORE=57
2022-03-17 02:54:53:044 grammar LogManager.java:25 import AND=58
2022-03-17 02:54:53:044 grammar LogManager.java:25 import IGUAL=59
2022-03-17 02:54:53:044 grammar LogManager.java:25 import MAYORIGUAL=60
2022-03-17 02:54:53:044 grammar LogManager.java:25 import MENORIGUAL=61
2022-03-17 02:54:53:044 grammar LogManager.java:25 import MAYOR=62
2022-03-17 02:54:53:044 grammar LogManager.java:25 import MENOR=63
2022-03-17 02:54:53:044 grammar LogManager.java:25 import MUL=64
2022-03-17 02:54:53:044 grammar LogManager.java:25 import DIV=65
2022-03-17 02:54:53:044 grammar LogManager.java:25 import ADD=66
2022-03-17 02:54:53:044 grammar LogManager.java:25 import SUB=67
2022-03-17 02:54:53:044 grammar LogManager.java:25 import MOD=68
2022-03-17 02:54:53:044 grammar LogManager.java:25 import PARIZQ=69
2022-03-17 02:54:53:044 grammar LogManager.java:25 import PARDER=70
2022-03-17 02:54:53:044 grammar LogManager.java:25 import LLAVEIZQ=71
2022-03-17 02:54:53:044 grammar LogManager.java:25 import LLAVEDER=72
2022-03-17 02:54:53:044 grammar LogManager.java:25 import CORIZQ=73
2022-03-17 02:54:53:044 grammar LogManager.java:25 import CORDER=74
2022-03-17 02:54:53:044 grammar LogManager.java:25 import WHITESPACE=75
2022-03-17 02:54:53:044 grammar LogManager.java:25 import COMMENT=76
2022-03-17 02:54:53:044 grammar LogManager.java:25 import LINE_COMMENT=77
2022-03-17 02:54:53:044 grammar LogManager.java:25 import 'i64'=1
2022-03-17 02:54:53:044 grammar LogManager.java:25 import 'f64'=2
2022-03-17 02:54:53:044 grammar LogManager.java:25 import 'bool'=3
2022-03-17 02:54:53:044 grammar LogManager.java:25 import 'char'=4
2022-03-17 02:54:53:044 grammar LogManager.java:25 import 'String'=5
2022-03-17 02:54:53:044 grammar LogManager.java:25 import '&str'=6
2022-03-17 02:54:53:044 grammar LogManager.java:25 import 'usize'=7
2022-03-17 02:54:53:044 grammar LogManager.java:25 import 'vec'=8
2022-03-17 02:54:53:044 grammar LogManager.java:25 import 'struct'=9
2022-03-17 02:54:53:044 grammar LogManager.java:25 import 'true'=10
2022-03-17 02:54:53:044 grammar LogManager.java:25 import 'false'=11
2022-03-17 02:54:53:044 grammar LogManager.java:25 import 'pow'=12
2022-03-17 02:54:53:044 grammar LogManager.java:25 import 'println!'=13
2022-03-17 02:54:53:044 grammar LogManager.java:25 import 'let'=14
2022-03-17 02:54:53:044 grammar LogManager.java:25 import 'mut'=15
2022-03-17 02:54:53:044 grammar LogManager.java:25 import 'fn'=16
2022-03-17 02:54:53:044 grammar LogManager.java:25 import '->'=17
2022-03-17 02:54:53:044 grammar LogManager.java:25 import '=>'=18
2022-03-17 02:54:53:044 grammar LogManager.java:25 import 'abs'=19
2022-03-17 02:54:53:044 grammar LogManager.java:25 import 'sqrt'=20
2022-03-17 02:54:53:044 grammar LogManager.java:25 import 'to_string'=21
2022-03-17 02:54:53:044 grammar LogManager.java:25 import 'clone'=22
2022-03-17 02:54:53:044 grammar LogManager.java:25 import 'new'=23
2022-03-17 02:54:53:044 grammar LogManager.java:25 import 'len'=24
2022-03-17 02:54:53:044 grammar LogManager.java:25 import 'push'=25
2022-03-17 02:54:53:044 grammar LogManager.java:25 import 'remove'=26
2022-03-17 02:54:53:044 grammar LogManager.java:25 import 'contains'=27
2022-03-17 02:54:53:044 grammar LogManager.java:25 import 'insert'=28
2022-03-17 02:54:53:044 grammar LogManager.java:25 import 'capacity'=29
2022-03-17 02:54:53:044 grammar LogManager.java:25 import 'with_capacity'=30
2022-03-17 02:54:53:044 grammar LogManager.java:25 import 'main'=31
2022-03-17 02:54:53:045 grammar LogManager.java:25 import 'if'=32
2022-03-17 02:54:53:045 grammar LogManager.java:25 import 'else'=33
2022-03-17 02:54:53:045 grammar LogManager.java:25 import 'match'=34
2022-03-17 02:54:53:045 grammar LogManager.java:25 import 'loop'=35
2022-03-17 02:54:53:045 grammar LogManager.java:25 import 'while'=36
2022-03-17 02:54:53:045 grammar LogManager.java:25 import 'for'=37
2022-03-17 02:54:53:045 grammar LogManager.java:25 import 'in'=38
2022-03-17 02:54:53:045 grammar LogManager.java:25 import 'break'=39
2022-03-17 02:54:53:045 grammar LogManager.java:25 import 'continue'=40
2022-03-17 02:54:53:045 grammar LogManager.java:25 import 'return'=41
2022-03-17 02:54:53:045 grammar LogManager.java:25 import 'mod'=42
2022-03-17 02:54:53:045 grammar LogManager.java:25 import 'pub'=43
2022-03-17 02:54:53:045 grammar LogManager.java:25 import '.'=47
2022-03-17 02:54:53:045 grammar LogManager.java:25 import '::'=48
2022-03-17 02:54:53:045 grammar LogManager.java:25 import ':'=49
2022-03-17 02:54:53:045 grammar LogManager.java:25 import ';'=50
2022-03-17 02:54:53:045 grammar LogManager.java:25 import ','=51
2022-03-17 02:54:53:045 grammar LogManager.java:25 import '!='=52
2022-03-17 02:54:53:045 grammar LogManager.java:25 import '=='=53
2022-03-17 02:54:53:045 grammar LogManager.java:25 import '!'=54
2022-03-17 02:54:53:045 grammar LogManager.java:25 import '||'=55
2022-03-17 02:54:53:045 grammar LogManager.java:25 import '|'=56
2022-03-17 02:54:53:045 grammar LogManager.java:25 import '_'=57
2022-03-17 02:54:53:045 grammar LogManager.java:25 import '&&'=58
2022-03-17 02:54:53:045 grammar LogManager.java:25 import '='=59
2022-03-17 02:54:53:045 grammar LogManager.java:25 import '>='=60
2022-03-17 02:54:53:045 grammar LogManager.java:25 import '<='=61
2022-03-17 02:54:53:045 grammar LogManager.java:25 import '>'=62
2022-03-17 02:54:53:045 grammar LogManager.java:25 import '<'=63
2022-03-17 02:54:53:045 grammar LogManager.java:25 import '*'=64
2022-03-17 02:54:53:045 grammar LogManager.java:25 import '/'=65
2022-03-17 02:54:53:045 grammar LogManager.java:25 import '+'=66
2022-03-17 02:54:53:045 grammar LogManager.java:25 import '-'=67
2022-03-17 02:54:53:045 grammar LogManager.java:25 import '%'=68
2022-03-17 02:54:53:045 grammar LogManager.java:25 import '('=69
2022-03-17 02:54:53:045 grammar LogManager.java:25 import ')'=70
2022-03-17 02:54:53:045 grammar LogManager.java:25 import '{'=71
2022-03-17 02:54:53:045 grammar LogManager.java:25 import '}'=72
2022-03-17 02:54:53:045 grammar LogManager.java:25 import '['=73
2022-03-17 02:54:53:045 grammar LogManager.java:25 import ']'=74
2022-03-17 02:54:53:045 grammar LogManager.java:25 tokens={INT=1, FLOAT=2, BOOL=3, CHAR=4, STR1=5, STR2=6, USIZE=7, VECTOR=8, STRUCT=9, TRU=10, FAL=11, POW=12, PRINT=13, LET=14, MUT=15, FUNC=16, ARROW1=17, ARROW2=18, ABS=19, SQRT=20, TOSTR=21, CLONE=22, NEW=23, LEN=24, PUSH=25, REMOVE=26, CONTAINS=27, INSERT=28, CAPACITY=29, WCAPACITY=30, MAIN=31, IF=32, ELSE=33, MATCH=34, LOOP=35, WHILE=36, FOR=37, IN=38, BREAK=39, CONTINUE=40, RETURN=41, MODULE=42, PUB=43, NUMBER=44, STRING=45, ID=46, PUNTO=47, C_PTS=48, D_PTS=49, PYC=50, COMA=51, DIFERENTE=52, IG_IG=53, NOT=54, OR=55, PLEC=56, UNDERSCORE=57, AND=58, IGUAL=59, MAYORIGUAL=60, MENORIGUAL=61, MAYOR=62, MENOR=63, MUL=64, DIV=65, ADD=66, SUB=67, MOD=68, PARIZQ=69, PARDER=70, LLAVEIZQ=71, LLAVEDER=72, CORIZQ=73, CORDER=74, WHITESPACE=75, COMMENT=76, LINE_COMMENT=77, 'i64'=1, 'f64'=2, 'bool'=3, 'char'=4, 'String'=5, '&str'=6, 'usize'=7, 'vec'=8, 'struct'=9, 'true'=10, 'false'=11, 'pow'=12, 'println!'=13, 'let'=14, 'mut'=15, 'fn'=16, '->'=17, '=>'=18, 'abs'=19, 'sqrt'=20, 'to_string'=21, 'clone'=22, 'new'=23, 'len'=24, 'push'=25, 'remove'=26, 'contains'=27, 'insert'=28, 'capacity'=29, 'with_capacity'=30, 'main'=31, 'if'=32, 'else'=33, 'match'=34, 'loop'=35, 'while'=36, 'for'=37, 'in'=38, 'break'=39, 'continue'=40, 'return'=41, 'mod'=42, 'pub'=43, '.'=47, '::'=48, ':'=49, ';'=50, ','=51, '!='=52, '=='=53, '!'=54, '||'=55, '|'=56, '_'=57, '&&'=58, '='=59, '>='=60, '<='=61, '>'=62, '<'=63, '*'=64, '/'=65, '+'=66, '-'=67, '%'=68, '('=69, ')'=70, '{'=71, '}'=72, '['=73, ']'=74}
2022-03-17 02:54:53:046 semantics LogManager.java:25 tokens={EOF=-1, INT=1, FLOAT=2, BOOL=3, CHAR=4, STR1=5, STR2=6, USIZE=7, VECTOR=8, STRUCT=9, TRU=10, FAL=11, POW=12, PRINT=13, LET=14, MUT=15, FUNC=16, ARROW1=17, ARROW2=18, ABS=19, SQRT=20, TOSTR=21, CLONE=22, NEW=23, LEN=24, PUSH=25, REMOVE=26, CONTAINS=27, INSERT=28, CAPACITY=29, WCAPACITY=30, MAIN=31, IF=32, ELSE=33, MATCH=34, LOOP=35, WHILE=36, FOR=37, IN=38, BREAK=39, CONTINUE=40, RETURN=41, MODULE=42, PUB=43, NUMBER=44, STRING=45, ID=46, PUNTO=47, C_PTS=48, D_PTS=49, PYC=50, COMA=51, DIFERENTE=52, IG_IG=53, NOT=54, OR=55, PLEC=56, UNDERSCORE=57, AND=58, IGUAL=59, MAYORIGUAL=60, MENORIGUAL=61, MAYOR=62, MENOR=63, MUL=64, DIV=65, ADD=66, SUB=67, MOD=68, PARIZQ=69, PARDER=70, LLAVEIZQ=71, LLAVEDER=72, CORIZQ=73, CORDER=74, WHITESPACE=75, COMMENT=76, LINE_COMMENT=77}
2022-03-17 02:54:53:046 semantics LogManager.java:25 strings={'i64'=1, 'f64'=2, 'bool'=3, 'char'=4, 'String'=5, '&str'=6, 'usize'=7, 'vec'=8, 'struct'=9, 'true'=10, 'false'=11, 'pow'=12, 'println!'=13, 'let'=14, 'mut'=15, 'fn'=16, '->'=17, '=>'=18, 'abs'=19, 'sqrt'=20, 'to_string'=21, 'clone'=22, 'new'=23, 'len'=24, 'push'=25, 'remove'=26, 'contains'=27, 'insert'=28, 'capacity'=29, 'with_capacity'=30, 'main'=31, 'if'=32, 'else'=33, 'match'=34, 'loop'=35, 'while'=36, 'for'=37, 'in'=38, 'break'=39, 'continue'=40, 'return'=41, 'mod'=42, 'pub'=43, '.'=47, '::'=48, ':'=49, ';'=50, ','=51, '!='=52, '=='=53, '!'=54, '||'=55, '|'=56, '_'=57, '&&'=58, '='=59, '>='=60, '<='=61, '>'=62, '<'=63, '*'=64, '/'=65, '+'=66, '-'=67, '%'=68, '('=69, ')'=70, '{'=71, '}'=72, '['=73, ']'=74}
2022-03-17 02:54:53:103 LL1 LogManager.java:25 
DECISION 0 in rule start
2022-03-17 02:54:53:103 LL1 LogManager.java:25 look=[{14, 16, 42}, 16]
2022-03-17 02:54:53:103 LL1 LogManager.java:25 LL(1)? false
2022-03-17 02:54:53:103 LL1 LogManager.java:25 
DECISION 1 in rule start
2022-03-17 02:54:53:103 LL1 LogManager.java:25 look=[{14, 16, 42}, <EOF>]
2022-03-17 02:54:53:103 LL1 LogManager.java:25 LL(1)? true
2022-03-17 02:54:53:103 LL1 LogManager.java:25 
DECISION 2 in rule global_env
2022-03-17 02:54:53:103 LL1 LogManager.java:25 look=[14, 16, 42]
2022-03-17 02:54:53:103 LL1 LogManager.java:25 LL(1)? true
2022-03-17 02:54:53:103 LL1 LogManager.java:25 
DECISION 3 in rule instructions
2022-03-17 02:54:53:103 LL1 LogManager.java:25 look=[{13..14, 32, 34, 46}, 72]
2022-03-17 02:54:53:103 LL1 LogManager.java:25 LL(1)? true
2022-03-17 02:54:53:103 LL1 LogManager.java:25 
DECISION 4 in rule instruction
2022-03-17 02:54:53:103 LL1 LogManager.java:25 look=[13, 14, 46, 32, 34]
2022-03-17 02:54:53:103 LL1 LogManager.java:25 LL(1)? true
2022-03-17 02:54:53:103 LL1 LogManager.java:25 
DECISION 5 in rule condIf
2022-03-17 02:54:53:104 LL1 LogManager.java:25 look=[33, null]
2022-03-17 02:54:53:104 LL1 LogManager.java:25 LL(1)? false
2022-03-17 02:54:53:104 LL1 LogManager.java:25 
DECISION 6 in rule condElse
2022-03-17 02:54:53:105 LL1 LogManager.java:25 look=[33, null]
2022-03-17 02:54:53:105 LL1 LogManager.java:25 LL(1)? false
2022-03-17 02:54:53:105 LL1 LogManager.java:25 
DECISION 7 in rule block
2022-03-17 02:54:53:105 LL1 LogManager.java:25 look=[{13..14, 32, 34, 46}, {10..11, 32, 34, 44..46, 69, 73}]
2022-03-17 02:54:53:105 LL1 LogManager.java:25 LL(1)? false
2022-03-17 02:54:53:105 LL1 LogManager.java:25 
DECISION 8 in rule block
2022-03-17 02:54:53:105 LL1 LogManager.java:25 look=[null, null]
2022-03-17 02:54:53:105 LL1 LogManager.java:25 LL(1)? false
2022-03-17 02:54:53:105 LL1 LogManager.java:25 
DECISION 9 in rule block
2022-03-17 02:54:53:105 LL1 LogManager.java:25 look=[null, {51, 72}]
2022-03-17 02:54:53:105 LL1 LogManager.java:25 LL(1)? false
2022-03-17 02:54:53:105 LL1 LogManager.java:25 
DECISION 10 in rule condMatch
2022-03-17 02:54:53:105 LL1 LogManager.java:25 look=[{10..11, 32, 34, 44..46, 69, 73}, {57, 72}]
2022-03-17 02:54:53:105 LL1 LogManager.java:25 LL(1)? true
2022-03-17 02:54:53:105 LL1 LogManager.java:25 
DECISION 11 in rule listArms
2022-03-17 02:54:53:106 LL1 LogManager.java:25 look=[{10..11, 32, 34, 44..46, 69, 73}, {10..11, 32, 34, 44..46, 69, 73}]
2022-03-17 02:54:53:106 LL1 LogManager.java:25 LL(1)? false
2022-03-17 02:54:53:106 LL1 LogManager.java:25 
DECISION 12 in rule listMatch
2022-03-17 02:54:53:106 LL1 LogManager.java:25 look=[null, 18]
2022-03-17 02:54:53:106 LL1 LogManager.java:25 LL(1)? false
2022-03-17 02:54:53:106 LL1 LogManager.java:25 
DECISION 13 in rule defaultArm
2022-03-17 02:54:53:106 LL1 LogManager.java:25 look=[57, 57, 72]
2022-03-17 02:54:53:106 LL1 LogManager.java:25 LL(1)? false
2022-03-17 02:54:53:106 LL1 LogManager.java:25 
DECISION 14 in rule declaration
2022-03-17 02:54:53:106 LL1 LogManager.java:25 look=[14, 14, 14, 14, 14, 14]
2022-03-17 02:54:53:106 LL1 LogManager.java:25 LL(1)? false
2022-03-17 02:54:53:106 LL1 LogManager.java:25 
DECISION 15 in rule arrayType
2022-03-17 02:54:53:106 LL1 LogManager.java:25 look=[73, 73]
2022-03-17 02:54:53:106 LL1 LogManager.java:25 LL(1)? false
2022-03-17 02:54:53:106 LL1 LogManager.java:25 
DECISION 16 in rule types
2022-03-17 02:54:53:107 LL1 LogManager.java:25 look=[1, 2, 3, 4, 5, 8, 9]
2022-03-17 02:54:53:107 LL1 LogManager.java:25 LL(1)? true
2022-03-17 02:54:53:107 LL1 LogManager.java:25 
DECISION 17 in rule listParams
2022-03-17 02:54:53:107 LL1 LogManager.java:25 look=[null, {70, 74}]
2022-03-17 02:54:53:107 LL1 LogManager.java:25 LL(1)? false
2022-03-17 02:54:53:107 LL1 LogManager.java:25 
DECISION 18 in rule expr_arit
2022-03-17 02:54:53:107 LL1 LogManager.java:25 look=[73, 69, {10..11, 44..46}, 32, 34]
2022-03-17 02:54:53:107 LL1 LogManager.java:25 LL(1)? true
2022-03-17 02:54:53:107 LL1 LogManager.java:25 
DECISION 19 in rule expr_arit
2022-03-17 02:54:53:107 LL1 LogManager.java:25 look=[null, null, null]
2022-03-17 02:54:53:107 LL1 LogManager.java:25 LL(1)? false
2022-03-17 02:54:53:107 LL1 LogManager.java:25 
DECISION 20 in rule expr_arit
2022-03-17 02:54:53:107 LL1 LogManager.java:25 look=[null, null]
2022-03-17 02:54:53:107 LL1 LogManager.java:25 LL(1)? false
2022-03-17 02:54:53:107 LL1 LogManager.java:25 
DECISION 21 in rule primitive
2022-03-17 02:54:53:107 LL1 LogManager.java:25 look=[44, 45, 10, 11, 46]
2022-03-17 02:54:53:107 LL1 LogManager.java:25 LL(1)? true
2022-03-17 02:54:53:107 LL1 LogManager.java:25 
DECISION 22 in rule listArray
2022-03-17 02:54:53:108 LL1 LogManager.java:25 look=[null, null]
2022-03-17 02:54:53:108 LL1 LogManager.java:25 LL(1)? false
2022-03-17 02:54:53:129 action-translator LogManager.java:25 translate 
    import arrayList "github.com/colegno/arraylist"
    import "OLC2/interfaces"
    import "OLC2/expressions"
    import "OLC2/instructions"
    import "OLC2/environment"
    import "strings"

2022-03-17 02:54:53:170 action-translator LogManager.java:25 translate 
        global := arrayList.New()
        listInt := localctx.(*StartContext).GetE()
        for _, e := range listInt {
            global.Add(e.GetHi())
        }
        $code = environment.NewCode($main.mainInst, global)
    
2022-03-17 02:54:53:170 action-translator LogManager.java:25 attr [@-1,181:184='code',<0>,24:9]
2022-03-17 02:54:53:170 action-translator LogManager.java:25 qattr [@-1,209:212='main',<0>,24:37].[@-1,214:221='mainInst',<0>,24:42]
2022-03-17 02:54:53:177 action-translator LogManager.java:25 translate $hi = "declaration"
2022-03-17 02:54:53:177 action-translator LogManager.java:25 attr [@-1,1:2='hi',<0>,29:19]
2022-03-17 02:54:53:177 action-translator LogManager.java:25 translate $hi = "function"
2022-03-17 02:54:53:177 action-translator LogManager.java:25 attr [@-1,1:2='hi',<0>,30:12]
2022-03-17 02:54:53:177 action-translator LogManager.java:25 translate $hi = "module"
2022-03-17 02:54:53:177 action-translator LogManager.java:25 attr [@-1,1:2='hi',<0>,31:10]
2022-03-17 02:54:53:178 action-translator LogManager.java:25 translate  $mainInst = $instructions.insts 
2022-03-17 02:54:53:179 action-translator LogManager.java:25 attr [@-1,2:9='mainInst',<0>,35:59]
2022-03-17 02:54:53:179 action-translator LogManager.java:25 qattr [@-1,14:25='instructions',<0>,35:71].[@-1,27:31='insts',<0>,35:84]
2022-03-17 02:54:53:179 action-translator LogManager.java:25 translate 
    $insts = arrayList.New()
  
2022-03-17 02:54:53:179 action-translator LogManager.java:25 attr [@-1,7:11='insts',<0>,40:5]
2022-03-17 02:54:53:179 action-translator LogManager.java:25 translate 
        listInt := localctx.(*InstructionsContext).GetE()
        for _, e := range listInt {
            $insts.Add(e.GetInst())
        }
    
2022-03-17 02:54:53:179 action-translator LogManager.java:25 attr [@-1,111:115='insts',<0>,46:13]
2022-03-17 02:54:53:180 action-translator LogManager.java:25 translate  $inst = $impression.pr 
2022-03-17 02:54:53:180 action-translator LogManager.java:25 attr [@-1,2:5='inst',<0>,52:19]
2022-03-17 02:54:53:180 action-translator LogManager.java:25 qattr [@-1,10:19='impression',<0>,52:27].[@-1,21:22='pr',<0>,52:38]
2022-03-17 02:54:53:180 action-translator LogManager.java:25 translate  $inst = $declaration.dec 
2022-03-17 02:54:53:180 action-translator LogManager.java:25 attr [@-1,2:5='inst',<0>,53:20]
2022-03-17 02:54:53:180 action-translator LogManager.java:25 qattr [@-1,10:20='declaration',<0>,53:28].[@-1,22:24='dec',<0>,53:40]
2022-03-17 02:54:53:180 action-translator LogManager.java:25 translate  $inst = $assignment.ass 
2022-03-17 02:54:53:181 action-translator LogManager.java:25 attr [@-1,2:5='inst',<0>,54:19]
2022-03-17 02:54:53:181 action-translator LogManager.java:25 qattr [@-1,10:19='assignment',<0>,54:27].[@-1,21:23='ass',<0>,54:38]
2022-03-17 02:54:53:181 action-translator LogManager.java:25 translate  $inst = $condIf.ifCond 
2022-03-17 02:54:53:181 action-translator LogManager.java:25 attr [@-1,2:5='inst',<0>,55:11]
2022-03-17 02:54:53:181 action-translator LogManager.java:25 qattr [@-1,10:15='condIf',<0>,55:19].[@-1,17:22='ifCond',<0>,55:26]
2022-03-17 02:54:53:181 action-translator LogManager.java:25 translate  $inst = $condMatch.mtch 
2022-03-17 02:54:53:181 action-translator LogManager.java:25 attr [@-1,2:5='inst',<0>,56:14]
2022-03-17 02:54:53:181 action-translator LogManager.java:25 qattr [@-1,10:18='condMatch',<0>,56:22].[@-1,20:23='mtch',<0>,56:32]
2022-03-17 02:54:53:181 action-translator LogManager.java:25 translate 
            elif := arrayList.New()
            listElif := localctx.(*CondIfContext).GetE()
            for _, e := range listElif {
                elif.Add(e.GetElif())
            }
            $ifCond = instructions.NewIf($IF.line, $IF.pos, $expression.p, $block.blk, elif, $condElse.blkelse)
            
2022-03-17 02:54:53:181 action-translator LogManager.java:25 attr [@-1,206:211='ifCond',<0>,66:13]
2022-03-17 02:54:53:181 action-translator LogManager.java:25 qattr [@-1,235:236='IF',<0>,66:42].[@-1,238:241='line',<0>,66:45]
2022-03-17 02:54:53:181 action-translator LogManager.java:25 qattr [@-1,245:246='IF',<0>,66:52].[@-1,248:250='pos',<0>,66:55]
2022-03-17 02:54:53:181 action-translator LogManager.java:25 qattr [@-1,254:263='expression',<0>,66:61].[@-1,265:265='p',<0>,66:72]
2022-03-17 02:54:53:181 action-translator LogManager.java:25 qattr [@-1,269:273='block',<0>,66:76].[@-1,275:277='blk',<0>,66:82]
2022-03-17 02:54:53:181 action-translator LogManager.java:25 qattr [@-1,287:294='condElse',<0>,66:94].[@-1,296:302='blkelse',<0>,66:103]
2022-03-17 02:54:53:181 action-translator LogManager.java:25 translate 
    elif := arrayList.New()
    condelse := arrayList.New()
    $elif = instructions.NewIf($ELSE.line, $ELSE.pos, $expression.p, $block.blk, elif, condelse)
    
2022-03-17 02:54:53:181 action-translator LogManager.java:25 attr [@-1,69:72='elif',<0>,74:5]
2022-03-17 02:54:53:181 action-translator LogManager.java:25 qattr [@-1,96:99='ELSE',<0>,74:32].[@-1,101:104='line',<0>,74:37]
2022-03-17 02:54:53:184 action-translator LogManager.java:25 qattr [@-1,108:111='ELSE',<0>,74:44].[@-1,113:115='pos',<0>,74:49]
2022-03-17 02:54:53:184 action-translator LogManager.java:25 qattr [@-1,119:128='expression',<0>,74:55].[@-1,130:130='p',<0>,74:66]
2022-03-17 02:54:53:184 action-translator LogManager.java:25 qattr [@-1,134:138='block',<0>,74:70].[@-1,140:142='blk',<0>,74:76]
2022-03-17 02:54:53:184 action-translator LogManager.java:25 translate  $blkelse = $block.blk 
2022-03-17 02:54:53:184 action-translator LogManager.java:25 attr [@-1,2:8='blkelse',<0>,79:33]
2022-03-17 02:54:53:184 action-translator LogManager.java:25 qattr [@-1,13:17='block',<0>,79:44].[@-1,19:21='blk',<0>,79:50]
2022-03-17 02:54:53:184 action-translator LogManager.java:25 translate  $blkelse = arrayList.New() 
2022-03-17 02:54:53:184 action-translator LogManager.java:25 attr [@-1,2:8='blkelse',<0>,80:4]
2022-03-17 02:54:53:185 action-translator LogManager.java:25 translate 
    $blk = arrayList.New()
  
2022-03-17 02:54:53:185 action-translator LogManager.java:25 attr [@-1,7:9='blk',<0>,85:5]
2022-03-17 02:54:53:185 action-translator LogManager.java:25 translate 
2022-03-17 02:54:53:185 action-translator LogManager.java:25 translate  $blk.Add($instruction.inst) 
2022-03-17 02:54:53:185 action-translator LogManager.java:25 attr [@-1,2:4='blk',<0>,2:43]
2022-03-17 02:54:53:185 action-translator LogManager.java:25 qattr [@-1,11:21='instruction',<0>,2:52].[@-1,23:26='inst',<0>,2:64]
2022-03-17 02:54:53:185 action-translator LogManager.java:25 translate  $blk.Add($expression.p) 
2022-03-17 02:54:53:185 action-translator LogManager.java:25 attr [@-1,2:4='blk',<0>,3:39]
2022-03-17 02:54:53:185 action-translator LogManager.java:25 qattr [@-1,11:20='expression',<0>,3:48].[@-1,22:22='p',<0>,3:59]
2022-03-17 02:54:53:185 action-translator LogManager.java:25 translate p.Precpred(p.GetParserRuleContext(), 4)
2022-03-17 02:54:53:185 action-translator LogManager.java:25 translate 
                                      $bloque.blk.Add($instruction.inst)
                                      $blk = $bloque.blk
                                      
2022-03-17 02:54:53:185 action-translator LogManager.java:25 qattr [@-1,41:46='bloque',<0>,7:39].[@-1,48:50='blk',<0>,7:46]
2022-03-17 02:54:53:185 action-translator LogManager.java:25 qattr [@-1,57:67='instruction',<0>,7:55].[@-1,69:72='inst',<0>,7:67]
2022-03-17 02:54:53:185 action-translator LogManager.java:25 attr [@-1,115:117='blk',<0>,8:39]
2022-03-17 02:54:53:185 action-translator LogManager.java:25 qattr [@-1,122:127='bloque',<0>,8:46].[@-1,129:131='blk',<0>,8:53]
2022-03-17 02:54:53:185 action-translator LogManager.java:25 translate p.Precpred(p.GetParserRuleContext(), 3)
2022-03-17 02:54:53:185 action-translator LogManager.java:25 translate 
                                      $bloque.blk.Add($expression.p)
                                      $blk = $bloque.blk
                                     
2022-03-17 02:54:53:185 action-translator LogManager.java:25 qattr [@-1,41:46='bloque',<0>,11:39].[@-1,48:50='blk',<0>,11:46]
2022-03-17 02:54:53:185 action-translator LogManager.java:25 qattr [@-1,57:66='expression',<0>,11:55].[@-1,68:68='p',<0>,11:66]
2022-03-17 02:54:53:185 action-translator LogManager.java:25 attr [@-1,111:113='blk',<0>,12:39]
2022-03-17 02:54:53:185 action-translator LogManager.java:25 qattr [@-1,118:123='bloque',<0>,12:46].[@-1,125:127='blk',<0>,12:53]
2022-03-17 02:54:53:185 action-translator LogManager.java:25 translate p.Precpred(p.GetParserRuleContext(), 4)
2022-03-17 02:54:53:185 action-translator LogManager.java:25 translate p.Precpred(p.GetParserRuleContext(), 3)
2022-03-17 02:54:53:185 action-translator LogManager.java:25 translate 
        arrarms := arrayList.New()
        larms := localctx.(*CondMatchContext).GetE()
        for _, e := range larms {
            arrarms.Add(e.GetArms())
        }
        $mtch = instructions.NewMatch($MATCH.line, $MATCH.pos, $expression.p, arrarms, $defaultArm.defa)
        
2022-03-17 02:54:53:185 action-translator LogManager.java:25 attr [@-1,185:188='mtch',<0>,107:9]
2022-03-17 02:54:53:185 action-translator LogManager.java:25 qattr [@-1,215:219='MATCH',<0>,107:39].[@-1,221:224='line',<0>,107:45]
2022-03-17 02:54:53:189 action-translator LogManager.java:25 qattr [@-1,228:232='MATCH',<0>,107:52].[@-1,234:236='pos',<0>,107:58]
2022-03-17 02:54:53:189 action-translator LogManager.java:25 qattr [@-1,240:249='expression',<0>,107:64].[@-1,251:251='p',<0>,107:75]
2022-03-17 02:54:53:189 action-translator LogManager.java:25 qattr [@-1,264:273='defaultArm',<0>,107:88].[@-1,275:278='defa',<0>,107:99]
2022-03-17 02:54:53:189 action-translator LogManager.java:25 translate 
         $arms = instructions.NewArm($listMatch.start.GetLine(),$listMatch.start.GetColumn(), $listMatch.ma, $block.blk)
         
2022-03-17 02:54:53:189 action-translator LogManager.java:25 attr [@-1,12:15='arms',<0>,113:10]
2022-03-17 02:54:53:189 action-translator LogManager.java:25 qattr [@-1,40:48='listMatch',<0>,113:38].[@-1,50:54='start',<0>,113:48]
2022-03-17 02:54:53:189 action-translator LogManager.java:25 qattr [@-1,67:75='listMatch',<0>,113:65].[@-1,77:81='start',<0>,113:75]
2022-03-17 02:54:53:189 action-translator LogManager.java:25 qattr [@-1,97:105='listMatch',<0>,113:95].[@-1,107:108='ma',<0>,113:105]
2022-03-17 02:54:53:189 action-translator LogManager.java:25 qattr [@-1,112:116='block',<0>,113:110].[@-1,118:120='blk',<0>,113:116]
2022-03-17 02:54:53:189 action-translator LogManager.java:25 translate 
        $arms = instructions.NewArm($listMatch.start.GetLine(),$listMatch.start.GetColumn(), $listMatch.ma, $block.blk)
        
2022-03-17 02:54:53:189 action-translator LogManager.java:25 attr [@-1,11:14='arms',<0>,116:9]
2022-03-17 02:54:53:189 action-translator LogManager.java:25 qattr [@-1,39:47='listMatch',<0>,116:37].[@-1,49:53='start',<0>,116:47]
2022-03-17 02:54:53:189 action-translator LogManager.java:25 qattr [@-1,66:74='listMatch',<0>,116:64].[@-1,76:80='start',<0>,116:74]
2022-03-17 02:54:53:189 action-translator LogManager.java:25 qattr [@-1,96:104='listMatch',<0>,116:94].[@-1,106:107='ma',<0>,116:104]
2022-03-17 02:54:53:195 action-translator LogManager.java:25 qattr [@-1,111:115='block',<0>,116:109].[@-1,117:119='blk',<0>,116:115]
2022-03-17 02:54:53:195 action-translator LogManager.java:25 translate 
2022-03-17 02:54:53:195 action-translator LogManager.java:25 translate 
                 $ma = arrayList.New()
                 $ma.Add($expression.p)
              
2022-03-17 02:54:53:195 action-translator LogManager.java:25 attr [@-1,20:21='ma',<0>,3:18]
2022-03-17 02:54:53:195 action-translator LogManager.java:25 attr [@-1,60:61='ma',<0>,4:18]
2022-03-17 02:54:53:195 action-translator LogManager.java:25 qattr [@-1,68:77='expression',<0>,4:26].[@-1,79:79='p',<0>,4:37]
2022-03-17 02:54:53:195 action-translator LogManager.java:25 translate p.Precpred(p.GetParserRuleContext(), 2)
2022-03-17 02:54:53:196 action-translator LogManager.java:25 translate 
                                          $lma.ma.Add($expression.p)
                                          $ma = $lma.ma
                                       
2022-03-17 02:54:53:196 action-translator LogManager.java:25 qattr [@-1,45:47='lma',<0>,9:43].[@-1,49:50='ma',<0>,9:47]
2022-03-17 02:54:53:196 action-translator LogManager.java:25 qattr [@-1,57:66='expression',<0>,9:55].[@-1,68:68='p',<0>,9:66]
2022-03-17 02:54:53:196 action-translator LogManager.java:25 attr [@-1,115:116='ma',<0>,10:43]
2022-03-17 02:54:53:196 action-translator LogManager.java:25 qattr [@-1,121:123='lma',<0>,10:49].[@-1,125:126='ma',<0>,10:53]
2022-03-17 02:54:53:196 action-translator LogManager.java:25 translate p.Precpred(p.GetParserRuleContext(), 2)
2022-03-17 02:54:53:196 action-translator LogManager.java:25 translate  $defa = $block.blk 
2022-03-17 02:54:53:196 action-translator LogManager.java:25 attr [@-1,2:5='defa',<0>,132:33]
2022-03-17 02:54:53:196 action-translator LogManager.java:25 qattr [@-1,10:14='block',<0>,132:41].[@-1,16:18='blk',<0>,132:47]
2022-03-17 02:54:53:197 action-translator LogManager.java:25 translate  $defa = $block.blk 
2022-03-17 02:54:53:197 action-translator LogManager.java:25 attr [@-1,2:5='defa',<0>,133:51]
2022-03-17 02:54:53:197 action-translator LogManager.java:25 qattr [@-1,10:14='block',<0>,133:59].[@-1,16:18='blk',<0>,133:65]
2022-03-17 02:54:53:197 action-translator LogManager.java:25 translate  $defa = arrayList.New() 
2022-03-17 02:54:53:197 action-translator LogManager.java:25 attr [@-1,2:5='defa',<0>,134:4]
2022-03-17 02:54:53:197 action-translator LogManager.java:25 translate  $pr = instructions.NewPrint($PRINT.line,$PRINT.pos,$listParams.l) 
2022-03-17 02:54:53:197 action-translator LogManager.java:25 attr [@-1,2:3='pr',<0>,138:35]
2022-03-17 02:54:53:197 action-translator LogManager.java:25 qattr [@-1,30:34='PRINT',<0>,138:63].[@-1,36:39='line',<0>,138:69]
2022-03-17 02:54:53:197 action-translator LogManager.java:25 qattr [@-1,42:46='PRINT',<0>,138:75].[@-1,48:50='pos',<0>,138:81]
2022-03-17 02:54:53:197 action-translator LogManager.java:25 qattr [@-1,53:62='listParams',<0>,138:86].[@-1,64:64='l',<0>,138:97]
2022-03-17 02:54:53:197 action-translator LogManager.java:25 translate  $dec = instructions.NewDeclaration($LET.line, $LET.pos, $ID.text, $types.ty, $expression.p, true) 
2022-03-17 02:54:53:197 action-translator LogManager.java:25 attr [@-1,2:4='dec',<0>,142:46]
2022-03-17 02:54:53:197 action-translator LogManager.java:25 qattr [@-1,37:39='LET',<0>,142:81].[@-1,41:44='line',<0>,142:85]
2022-03-17 02:54:53:197 action-translator LogManager.java:25 qattr [@-1,48:50='LET',<0>,142:92].[@-1,52:54='pos',<0>,142:96]
2022-03-17 02:54:53:197 action-translator LogManager.java:25 qattr [@-1,58:59='ID',<0>,142:102].[@-1,61:64='text',<0>,142:105]
2022-03-17 02:54:53:197 action-translator LogManager.java:25 qattr [@-1,68:72='types',<0>,142:112].[@-1,74:75='ty',<0>,142:118]
2022-03-17 02:54:53:199 action-translator LogManager.java:25 qattr [@-1,79:88='expression',<0>,142:123].[@-1,90:90='p',<0>,142:134]
2022-03-17 02:54:53:199 action-translator LogManager.java:25 translate  $dec = instructions.NewDeclaration($LET.line, $LET.pos, $ID.text, environment.WILDCARD, $expression.p, true) 
2022-03-17 02:54:53:199 action-translator LogManager.java:25 attr [@-1,2:4='dec',<0>,143:46]
2022-03-17 02:54:53:199 action-translator LogManager.java:25 qattr [@-1,37:39='LET',<0>,143:81].[@-1,41:44='line',<0>,143:85]
2022-03-17 02:54:53:199 action-translator LogManager.java:25 qattr [@-1,48:50='LET',<0>,143:92].[@-1,52:54='pos',<0>,143:96]
2022-03-17 02:54:53:199 action-translator LogManager.java:25 qattr [@-1,58:59='ID',<0>,143:102].[@-1,61:64='text',<0>,143:105]
2022-03-17 02:54:53:199 action-translator LogManager.java:25 qattr [@-1,90:99='expression',<0>,143:134].[@-1,101:101='p',<0>,143:145]
2022-03-17 02:54:53:199 action-translator LogManager.java:25 translate  $dec = instructions.NewDeclaration($LET.line, $LET.pos, $ID.text, $types.ty, $expression.p, false) 
2022-03-17 02:54:53:199 action-translator LogManager.java:25 attr [@-1,2:4='dec',<0>,144:46]
2022-03-17 02:54:53:199 action-translator LogManager.java:25 qattr [@-1,37:39='LET',<0>,144:81].[@-1,41:44='line',<0>,144:85]
2022-03-17 02:54:53:199 action-translator LogManager.java:25 qattr [@-1,48:50='LET',<0>,144:92].[@-1,52:54='pos',<0>,144:96]
2022-03-17 02:54:53:199 action-translator LogManager.java:25 qattr [@-1,58:59='ID',<0>,144:102].[@-1,61:64='text',<0>,144:105]
2022-03-17 02:54:53:199 action-translator LogManager.java:25 qattr [@-1,68:72='types',<0>,144:112].[@-1,74:75='ty',<0>,144:118]
2022-03-17 02:54:53:199 action-translator LogManager.java:25 qattr [@-1,79:88='expression',<0>,144:123].[@-1,90:90='p',<0>,144:134]
2022-03-17 02:54:53:199 action-translator LogManager.java:25 translate  $dec = instructions.NewDeclaration($LET.line, $LET.pos, $ID.text, environment.WILDCARD, $expression.p, false) 
2022-03-17 02:54:53:199 action-translator LogManager.java:25 attr [@-1,2:4='dec',<0>,145:46]
2022-03-17 02:54:53:199 action-translator LogManager.java:25 qattr [@-1,37:39='LET',<0>,145:81].[@-1,41:44='line',<0>,145:85]
2022-03-17 02:54:53:199 action-translator LogManager.java:25 qattr [@-1,48:50='LET',<0>,145:92].[@-1,52:54='pos',<0>,145:96]
2022-03-17 02:54:53:199 action-translator LogManager.java:25 qattr [@-1,58:59='ID',<0>,145:102].[@-1,61:64='text',<0>,145:105]
2022-03-17 02:54:53:199 action-translator LogManager.java:25 qattr [@-1,90:99='expression',<0>,145:134].[@-1,101:101='p',<0>,145:145]
2022-03-17 02:54:53:199 action-translator LogManager.java:25 translate  $dec = instructions.NewArrayDeclaration($LET.line, $LET.pos, $ID.text, $arrayType.t, $expression.p, true) 
2022-03-17 02:54:53:199 action-translator LogManager.java:25 attr [@-1,2:4='dec',<0>,146:48]
2022-03-17 02:54:53:199 action-translator LogManager.java:25 qattr [@-1,42:44='LET',<0>,146:88].[@-1,46:49='line',<0>,146:92]
2022-03-17 02:54:53:199 action-translator LogManager.java:25 qattr [@-1,53:55='LET',<0>,146:99].[@-1,57:59='pos',<0>,146:103]
2022-03-17 02:54:53:199 action-translator LogManager.java:25 qattr [@-1,63:64='ID',<0>,146:109].[@-1,66:69='text',<0>,146:112]
2022-03-17 02:54:53:199 action-translator LogManager.java:25 qattr [@-1,73:81='arrayType',<0>,146:119].[@-1,83:83='t',<0>,146:129]
2022-03-17 02:54:53:199 action-translator LogManager.java:25 qattr [@-1,87:96='expression',<0>,146:133].[@-1,98:98='p',<0>,146:144]
2022-03-17 02:54:53:199 action-translator LogManager.java:25 translate  $dec = instructions.NewArrayDeclaration($LET.line, $LET.pos, $ID.text, $arrayType.t, $expression.p, false) 
2022-03-17 02:54:53:199 action-translator LogManager.java:25 attr [@-1,2:4='dec',<0>,147:46]
2022-03-17 02:54:53:199 action-translator LogManager.java:25 qattr [@-1,42:44='LET',<0>,147:86].[@-1,46:49='line',<0>,147:90]
2022-03-17 02:54:53:199 action-translator LogManager.java:25 qattr [@-1,53:55='LET',<0>,147:97].[@-1,57:59='pos',<0>,147:101]
2022-03-17 02:54:53:199 action-translator LogManager.java:25 qattr [@-1,63:64='ID',<0>,147:107].[@-1,66:69='text',<0>,147:110]
2022-03-17 02:54:53:199 action-translator LogManager.java:25 qattr [@-1,73:81='arrayType',<0>,147:117].[@-1,83:83='t',<0>,147:127]
2022-03-17 02:54:53:199 action-translator LogManager.java:25 qattr [@-1,87:96='expression',<0>,147:131].[@-1,98:98='p',<0>,147:142]
2022-03-17 02:54:53:199 action-translator LogManager.java:25 translate  $ass = instructions.NewAssignment($ID.line, $ID.pos, $ID.text, $expression.p)
2022-03-17 02:54:53:199 action-translator LogManager.java:25 attr [@-1,2:4='ass',<0>,151:24]
2022-03-17 02:54:53:199 action-translator LogManager.java:25 qattr [@-1,36:37='ID',<0>,151:58].[@-1,39:42='line',<0>,151:61]
2022-03-17 02:54:53:199 action-translator LogManager.java:25 qattr [@-1,46:47='ID',<0>,151:68].[@-1,49:51='pos',<0>,151:71]
2022-03-17 02:54:53:199 action-translator LogManager.java:25 qattr [@-1,55:56='ID',<0>,151:77].[@-1,58:61='text',<0>,151:80]
2022-03-17 02:54:53:199 action-translator LogManager.java:25 qattr [@-1,65:74='expression',<0>,151:87].[@-1,76:76='p',<0>,151:98]
2022-03-17 02:54:53:204 action-translator LogManager.java:25 translate 
                                            newType := environment.NewArrayType(environment.ARRAY, $expression.p)
                                           $arrayType.t.Add(newType)
                                           $t = $arrayType.t
                                            
2022-03-17 02:54:53:204 action-translator LogManager.java:25 qattr [@-1,102:111='expression',<0>,156:100].[@-1,113:113='p',<0>,156:111]
2022-03-17 02:54:53:204 action-translator LogManager.java:25 qattr [@-1,161:169='arrayType',<0>,157:44].[@-1,171:171='t',<0>,157:54]
2022-03-17 02:54:53:204 action-translator LogManager.java:25 attr [@-1,231:231='t',<0>,158:44]
2022-03-17 02:54:53:204 action-translator LogManager.java:25 qattr [@-1,236:244='arrayType',<0>,158:49].[@-1,246:246='t',<0>,158:59]
2022-03-17 02:54:53:204 action-translator LogManager.java:25 translate 
                                        $t = arrayList.New()
                                        newType := environment.NewArrayType($types.ty, $expression.p)
                                        $t.Add(newType)
                                     
2022-03-17 02:54:53:204 action-translator LogManager.java:25 attr [@-1,43:43='t',<0>,161:41]
2022-03-17 02:54:53:204 action-translator LogManager.java:25 qattr [@-1,141:145='types',<0>,162:77].[@-1,147:148='ty',<0>,162:83]
2022-03-17 02:54:53:204 action-translator LogManager.java:25 qattr [@-1,152:161='expression',<0>,162:88].[@-1,163:163='p',<0>,162:99]
2022-03-17 02:54:53:204 action-translator LogManager.java:25 attr [@-1,208:208='t',<0>,163:41]
2022-03-17 02:54:53:205 action-translator LogManager.java:25 translate  $ty = environment.INTEGER 
2022-03-17 02:54:53:206 action-translator LogManager.java:25 attr [@-1,2:3='ty',<0>,176:8]
2022-03-17 02:54:53:206 action-translator LogManager.java:25 translate  $ty = environment.FLOAT 
2022-03-17 02:54:53:206 action-translator LogManager.java:25 attr [@-1,2:3='ty',<0>,177:10]
2022-03-17 02:54:53:206 action-translator LogManager.java:25 translate  $ty = environment.BOOLEAN 
2022-03-17 02:54:53:206 action-translator LogManager.java:25 attr [@-1,2:3='ty',<0>,178:9]
2022-03-17 02:54:53:206 action-translator LogManager.java:25 translate  $ty = environment.CHAR 
2022-03-17 02:54:53:206 action-translator LogManager.java:25 attr [@-1,2:3='ty',<0>,179:9]
2022-03-17 02:54:53:206 action-translator LogManager.java:25 translate  $ty = environment.STRING 
2022-03-17 02:54:53:206 action-translator LogManager.java:25 attr [@-1,2:3='ty',<0>,180:9]
2022-03-17 02:54:53:206 action-translator LogManager.java:25 translate  $ty = environment.VECTOR 
2022-03-17 02:54:53:206 action-translator LogManager.java:25 attr [@-1,2:3='ty',<0>,181:11]
2022-03-17 02:54:53:206 action-translator LogManager.java:25 translate  $ty = environment.STRUCT 
2022-03-17 02:54:53:206 action-translator LogManager.java:25 attr [@-1,2:3='ty',<0>,182:11]
2022-03-17 02:54:53:206 action-translator LogManager.java:25 translate 
2022-03-17 02:54:53:206 action-translator LogManager.java:25 translate 
                $l = arrayList.New()
                $l.Add($expression.p)
             
2022-03-17 02:54:53:206 action-translator LogManager.java:25 attr [@-1,19:19='l',<0>,3:17]
2022-03-17 02:54:53:206 action-translator LogManager.java:25 attr [@-1,57:57='l',<0>,4:17]
2022-03-17 02:54:53:206 action-translator LogManager.java:25 qattr [@-1,64:73='expression',<0>,4:24].[@-1,75:75='p',<0>,4:35]
2022-03-17 02:54:53:206 action-translator LogManager.java:25 translate p.Precpred(p.GetParserRuleContext(), 2)
2022-03-17 02:54:53:206 action-translator LogManager.java:25 translate 
                                                  $list.l.Add($expression.p)
                                                  $l = $list.l
                                               
2022-03-17 02:54:53:206 action-translator LogManager.java:25 qattr [@-1,53:56='list',<0>,9:51].[@-1,58:58='l',<0>,9:56]
2022-03-17 02:54:53:206 action-translator LogManager.java:25 qattr [@-1,65:74='expression',<0>,9:63].[@-1,76:76='p',<0>,9:74]
2022-03-17 02:54:53:206 action-translator LogManager.java:25 attr [@-1,131:131='l',<0>,10:51]
2022-03-17 02:54:53:206 action-translator LogManager.java:25 qattr [@-1,136:139='list',<0>,10:56].[@-1,141:141='l',<0>,10:61]
2022-03-17 02:54:53:206 action-translator LogManager.java:25 translate p.Precpred(p.GetParserRuleContext(), 2)
2022-03-17 02:54:53:206 action-translator LogManager.java:25 translate  $p = $expr_arit.p 
2022-03-17 02:54:53:206 action-translator LogManager.java:25 attr [@-1,2:2='p',<0>,197:14]
2022-03-17 02:54:53:206 action-translator LogManager.java:25 qattr [@-1,7:15='expr_arit',<0>,197:19].[@-1,17:17='p',<0>,197:29]
2022-03-17 02:54:53:209 action-translator LogManager.java:25 translate 
2022-03-17 02:54:53:209 action-translator LogManager.java:25 translate  $p = expressions.NewArray($CORIZQ.line, $CORIZQ.pos, $listParams.l) 
2022-03-17 02:54:53:209 action-translator LogManager.java:25 attr [@-1,2:2='p',<0>,2:88]
2022-03-17 02:54:53:209 action-translator LogManager.java:25 qattr [@-1,28:33='CORIZQ',<0>,2:114].[@-1,35:38='line',<0>,2:121]
2022-03-17 02:54:53:210 action-translator LogManager.java:25 qattr [@-1,42:47='CORIZQ',<0>,2:128].[@-1,49:51='pos',<0>,2:135]
2022-03-17 02:54:53:210 action-translator LogManager.java:25 qattr [@-1,55:64='listParams',<0>,2:141].[@-1,66:66='l',<0>,2:152]
2022-03-17 02:54:53:210 action-translator LogManager.java:25 translate  $p = $expression.p 
2022-03-17 02:54:53:210 action-translator LogManager.java:25 attr [@-1,2:2='p',<0>,3:85]
2022-03-17 02:54:53:210 action-translator LogManager.java:25 qattr [@-1,7:16='expression',<0>,3:90].[@-1,18:18='p',<0>,3:101]
2022-03-17 02:54:53:210 action-translator LogManager.java:25 translate  $p = $primitive.p 
2022-03-17 02:54:53:210 action-translator LogManager.java:25 attr [@-1,2:2='p',<0>,4:38]
2022-03-17 02:54:53:210 action-translator LogManager.java:25 qattr [@-1,7:15='primitive',<0>,4:43].[@-1,17:17='p',<0>,4:53]
2022-03-17 02:54:53:211 action-translator LogManager.java:25 translate  $p = $condIf.ifCond 
2022-03-17 02:54:53:211 action-translator LogManager.java:25 attr [@-1,2:2='p',<0>,5:35]
2022-03-17 02:54:53:211 action-translator LogManager.java:25 qattr [@-1,7:12='condIf',<0>,5:40].[@-1,14:19='ifCond',<0>,5:47]
2022-03-17 02:54:53:211 action-translator LogManager.java:25 translate  $p = $condMatch.mtch 
2022-03-17 02:54:53:211 action-translator LogManager.java:25 attr [@-1,2:2='p',<0>,6:38]
2022-03-17 02:54:53:211 action-translator LogManager.java:25 qattr [@-1,7:15='condMatch',<0>,6:43].[@-1,17:20='mtch',<0>,6:53]
2022-03-17 02:54:53:211 action-translator LogManager.java:25 translate p.Precpred(p.GetParserRuleContext(), 8)
2022-03-17 02:54:53:212 action-translator LogManager.java:25 translate $p = expressions.NewOperation($opIz.start.GetLine(),$opIz.start.GetColumn(),$opIz.p,$op.text,$opDe.p)
2022-03-17 02:54:53:212 action-translator LogManager.java:25 attr [@-1,1:1='p',<0>,9:139]
2022-03-17 02:54:53:213 action-translator LogManager.java:25 qattr [@-1,31:34='opIz',<0>,9:169].[@-1,36:40='start',<0>,9:174]
2022-03-17 02:54:53:213 action-translator LogManager.java:25 qattr [@-1,53:56='opIz',<0>,9:191].[@-1,58:62='start',<0>,9:196]
2022-03-17 02:54:53:213 action-translator LogManager.java:25 qattr [@-1,77:80='opIz',<0>,9:215].[@-1,82:82='p',<0>,9:220]
2022-03-17 02:54:53:213 action-translator LogManager.java:25 qattr [@-1,85:86='op',<0>,9:223].[@-1,88:91='text',<0>,9:226]
2022-03-17 02:54:53:213 action-translator LogManager.java:25 qattr [@-1,94:97='opDe',<0>,9:232].[@-1,99:99='p',<0>,9:237]
2022-03-17 02:54:53:213 action-translator LogManager.java:25 translate p.Precpred(p.GetParserRuleContext(), 7)
2022-03-17 02:54:53:213 action-translator LogManager.java:25 translate $p = expressions.NewOperation(0,0,$opIz.p,$op.text,$opDe.p)
2022-03-17 02:54:53:213 action-translator LogManager.java:25 attr [@-1,1:1='p',<0>,10:149]
2022-03-17 02:54:53:213 action-translator LogManager.java:25 qattr [@-1,35:38='opIz',<0>,10:183].[@-1,40:40='p',<0>,10:188]
2022-03-17 02:54:53:213 action-translator LogManager.java:25 qattr [@-1,43:44='op',<0>,10:191].[@-1,46:49='text',<0>,10:194]
2022-03-17 02:54:53:214 action-translator LogManager.java:25 qattr [@-1,52:55='opDe',<0>,10:200].[@-1,57:57='p',<0>,10:205]
2022-03-17 02:54:53:214 action-translator LogManager.java:25 translate p.Precpred(p.GetParserRuleContext(), 6)
2022-03-17 02:54:53:214 action-translator LogManager.java:25 translate $p = expressions.NewOperation(0,0,$opIz.p,$op.text,$opDe.p)
2022-03-17 02:54:53:214 action-translator LogManager.java:25 attr [@-1,1:1='p',<0>,11:207]
2022-03-17 02:54:53:214 action-translator LogManager.java:25 qattr [@-1,35:38='opIz',<0>,11:241].[@-1,40:40='p',<0>,11:246]
2022-03-17 02:54:53:214 action-translator LogManager.java:25 qattr [@-1,43:44='op',<0>,11:249].[@-1,46:49='text',<0>,11:252]
2022-03-17 02:54:53:214 action-translator LogManager.java:25 qattr [@-1,52:55='opDe',<0>,11:258].[@-1,57:57='p',<0>,11:263]
2022-03-17 02:54:53:214 action-translator LogManager.java:25 translate p.Precpred(p.GetParserRuleContext(), 8)
2022-03-17 02:54:53:214 action-translator LogManager.java:25 translate p.Precpred(p.GetParserRuleContext(), 7)
2022-03-17 02:54:53:214 action-translator LogManager.java:25 translate p.Precpred(p.GetParserRuleContext(), 6)
2022-03-17 02:54:53:214 action-translator LogManager.java:25 translate 
            if (strings.Contains($NUMBER.text,".")){
                num,err := strconv.ParseFloat($NUMBER.text, 64);
                if err!= nil{
                    fmt.Println(err)
                }
                $p = expressions.NewPrimitive($NUMBER.line,$NUMBER.pos,num,environment.FLOAT)
            }else{
                num,err := strconv.Atoi($NUMBER.text)
                if err!= nil{
                    fmt.Println(err)
                }
                $p = expressions.NewPrimitive($NUMBER.line,$NUMBER.pos,num,environment.INTEGER)
            }
        
2022-03-17 02:54:53:214 action-translator LogManager.java:25 qattr [@-1,36:41='NUMBER',<0>,213:34].[@-1,43:46='text',<0>,213:41]
2022-03-17 02:54:53:214 action-translator LogManager.java:25 qattr [@-1,103:108='NUMBER',<0>,214:47].[@-1,110:113='text',<0>,214:54]
2022-03-17 02:54:53:214 action-translator LogManager.java:25 attr [@-1,227:227='p',<0>,218:17]
2022-03-17 02:54:53:214 action-translator LogManager.java:25 qattr [@-1,257:262='NUMBER',<0>,218:47].[@-1,264:267='line',<0>,218:54]
2022-03-17 02:54:53:214 action-translator LogManager.java:25 qattr [@-1,270:275='NUMBER',<0>,218:60].[@-1,277:279='pos',<0>,218:67]
2022-03-17 02:54:53:214 action-translator LogManager.java:25 qattr [@-1,366:371='NUMBER',<0>,220:41].[@-1,373:376='text',<0>,220:48]
2022-03-17 02:54:53:214 action-translator LogManager.java:25 attr [@-1,485:485='p',<0>,224:17]
2022-03-17 02:54:53:214 action-translator LogManager.java:25 qattr [@-1,515:520='NUMBER',<0>,224:47].[@-1,522:525='line',<0>,224:54]
2022-03-17 02:54:53:214 action-translator LogManager.java:25 qattr [@-1,528:533='NUMBER',<0>,224:60].[@-1,535:537='pos',<0>,224:67]
2022-03-17 02:54:53:214 action-translator LogManager.java:25 translate 
                str := $STRING.text
                $p = expressions.NewPrimitive($STRING.line, $STRING.pos,str[1:len(str)-1],environment.STRING)
            
2022-03-17 02:54:53:214 action-translator LogManager.java:25 qattr [@-1,26:31='STRING',<0>,228:24].[@-1,33:36='text',<0>,228:31]
2022-03-17 02:54:53:214 action-translator LogManager.java:25 attr [@-1,56:56='p',<0>,229:17]
2022-03-17 02:54:53:214 action-translator LogManager.java:25 qattr [@-1,86:91='STRING',<0>,229:47].[@-1,93:96='line',<0>,229:54]
2022-03-17 02:54:53:214 action-translator LogManager.java:25 qattr [@-1,100:105='STRING',<0>,229:61].[@-1,107:109='pos',<0>,229:68]
2022-03-17 02:54:53:214 action-translator LogManager.java:25 translate  $p = expressions.NewPrimitive($TRU.line, $TRU.pos,true,environment.BOOLEAN) 
2022-03-17 02:54:53:214 action-translator LogManager.java:25 attr [@-1,2:2='p',<0>,231:8]
2022-03-17 02:54:53:214 action-translator LogManager.java:25 qattr [@-1,32:34='TRU',<0>,231:38].[@-1,36:39='line',<0>,231:42]
2022-03-17 02:54:53:214 action-translator LogManager.java:25 qattr [@-1,43:45='TRU',<0>,231:49].[@-1,47:49='pos',<0>,231:53]
2022-03-17 02:54:53:214 action-translator LogManager.java:25 translate  $p = expressions.NewPrimitive($FAL.line, $FAL.pos,false,environment.BOOLEAN) 
2022-03-17 02:54:53:214 action-translator LogManager.java:25 attr [@-1,2:2='p',<0>,232:8]
2022-03-17 02:54:53:214 action-translator LogManager.java:25 qattr [@-1,32:34='FAL',<0>,232:38].[@-1,36:39='line',<0>,232:42]
2022-03-17 02:54:53:214 action-translator LogManager.java:25 qattr [@-1,43:45='FAL',<0>,232:49].[@-1,47:49='pos',<0>,232:53]
2022-03-17 02:54:53:214 action-translator LogManager.java:25 translate  $p = $list.p
2022-03-17 02:54:53:214 action-translator LogManager.java:25 attr [@-1,2:2='p',<0>,233:19]
2022-03-17 02:54:53:214 action-translator LogManager.java:25 qattr [@-1,7:10='list',<0>,233:24].[@-1,12:12='p',<0>,233:29]
2022-03-17 02:54:53:214 action-translator LogManager.java:25 translate 
2022-03-17 02:54:53:214 action-translator LogManager.java:25 translate  $p = expressions.NewCallVar($ID.line, $ID.pos, $ID.text)
2022-03-17 02:54:53:214 action-translator LogManager.java:25 attr [@-1,2:2='p',<0>,2:34]
2022-03-17 02:54:53:214 action-translator LogManager.java:25 qattr [@-1,30:31='ID',<0>,2:62].[@-1,33:36='line',<0>,2:65]
2022-03-17 02:54:53:214 action-translator LogManager.java:25 qattr [@-1,40:41='ID',<0>,2:72].[@-1,43:45='pos',<0>,2:75]
2022-03-17 02:54:53:214 action-translator LogManager.java:25 qattr [@-1,49:50='ID',<0>,2:81].[@-1,52:55='text',<0>,2:84]
2022-03-17 02:54:53:214 action-translator LogManager.java:25 translate p.Precpred(p.GetParserRuleContext(), 2)
2022-03-17 02:54:53:214 action-translator LogManager.java:25 translate  $p = expressions.NewArrayAccess($list.start.GetLine(), $list.start.GetColumn(), $list.p, $expression.p) 
2022-03-17 02:54:53:214 action-translator LogManager.java:25 attr [@-1,2:2='p',<0>,5:133]
2022-03-17 02:54:53:214 action-translator LogManager.java:25 qattr [@-1,34:37='list',<0>,5:165].[@-1,39:43='start',<0>,5:170]
2022-03-17 02:54:53:214 action-translator LogManager.java:25 qattr [@-1,57:60='list',<0>,5:188].[@-1,62:66='start',<0>,5:193]
2022-03-17 02:54:53:214 action-translator LogManager.java:25 qattr [@-1,82:85='list',<0>,5:213].[@-1,87:87='p',<0>,5:218]
2022-03-17 02:54:53:214 action-translator LogManager.java:25 qattr [@-1,91:100='expression',<0>,5:222].[@-1,102:102='p',<0>,5:233]
2022-03-17 02:54:53:214 action-translator LogManager.java:25 translate p.Precpred(p.GetParserRuleContext(), 2)
2022-03-17 02:54:53:540 action-translator LogManager.java:25 translate 
    import arrayList "github.com/colegno/arraylist"
    import "OLC2/interfaces"
    import "OLC2/expressions"
    import "OLC2/instructions"
    import "OLC2/environment"
    import "strings"

2022-03-17 02:54:53:541 action-translator LogManager.java:25 translate 
    import arrayList "github.com/colegno/arraylist"
    import "OLC2/interfaces"
    import "OLC2/expressions"
    import "OLC2/instructions"
    import "OLC2/environment"
    import "strings"

2022-03-17 02:54:54:097 action-translator LogManager.java:25 translate 
    import arrayList "github.com/colegno/arraylist"
    import "OLC2/interfaces"
    import "OLC2/expressions"
    import "OLC2/instructions"
    import "OLC2/environment"
    import "strings"

2022-03-17 02:54:54:097 action-translator LogManager.java:25 translate 
    import arrayList "github.com/colegno/arraylist"
    import "OLC2/interfaces"
    import "OLC2/expressions"
    import "OLC2/instructions"
    import "OLC2/environment"
    import "strings"

