2022-03-23 04:11:18:461 grammar LogManager.java:25 before: (PARSER_GRAMMAR Rust (OPTIONS (= tokenVocab RustLexer)) (@ header {
    import arrayList "github.com/colegno/arraylist"
    import "OLC2/interfaces"
    import "OLC2/expressions"
    import "OLC2/instructions"
    import "OLC2/environment"
    import "strings"
}) (RULES (RULE start (returns environment.Code code) (BLOCK (ALT (* (BLOCK (ALT (+= e global_env)))) main (* (BLOCK (ALT (+= e global_env)))) {
        global := arrayList.New()
        listInt := localctx.(*StartContext).GetE()
        for _, e := range listInt {
            global.Add(e.GetHi())
        }
        $code = environment.NewCode($main.mainInst, global)
    }))) (RULE global_env (returns interfaces.Instruction hi) (BLOCK (ALT declaration PYC { $hi = $declaration.dec }) (ALT function { $hi = $function.fun }) (ALT module))) (RULE main (returns *arrayList.List mainInst) (BLOCK (ALT FUNC MAIN PARIZQ PARDER LLAVEIZQ block LLAVEDER { $mainInst = $block.blk }))) (RULE instructions (returns *arrayList.List insts) (@ init {
    $insts = arrayList.New()
  }) (BLOCK (ALT (+ (BLOCK (ALT (+= e instruction)))) {
        listInt := localctx.(*InstructionsContext).GetE()
        for _, e := range listInt {
            $insts.Add(e.GetInst())
        }
    }))) (RULE instruction (returns interfaces.Instruction inst) (BLOCK (ALT impression PYC { $inst = $impression.pr }) (ALT declaration PYC { $inst = $declaration.dec }) (ALT assignment PYC { $inst = $assignment.ass }) (ALT condIf { $inst = $condIf.ifCond }) (ALT condMatch { $inst = $condMatch.mtch }) (ALT loopWhile { $inst = $loopWhile.lw }) (ALT loopBucle { $inst = $loopBucle.lb }) (ALT loopForin { $inst = $loopForin.lfi }) (ALT transBreak PYC { $inst = $transBreak.brk }) (ALT transContinue PYC { $inst = $transContinue.cnt }) (ALT transReturn { $inst = $transReturn.rt }) (ALT structCreation { $inst = $structCreation.dec }) (ALT insVectors PYC { $inst = $insVectors.iv }))) (RULE insVectors (returns interfaces.Instruction iv) (BLOCK (ALT ID PUNTO PUSH PARIZQ expression PARDER { $iv = instructions.NewPush($ID.line, $ID.pos, $ID.text, $expression.p) }) (ALT ID PUNTO INSERT PARIZQ (= exp1 expression) COMA (= exp2 expression) PARDER { $iv = instructions.NewInsert($ID.line, $ID.pos, $ID.text, $exp1.p, $exp2.p) }))) (RULE listParamsCall (returns *arrayList.List l) (BLOCK (ALT (= list listParamsCall) COMA expression {
                                         ByRef := environment.NewByReference($expression.p, false)
                                         $list.l.Add(ByRef);
                                         $l = $list.l;
                                      }) (ALT (= list listParamsCall) COMA AMP MUT expression {
                                            ByRef := environment.NewByReference($expression.p, true)
                                            $list.l.Add(ByRef);
                                            $l = $list.l;
                                         }) (ALT expression {
                 ByRef := environment.NewByReference($expression.p, false)
                 $l = arrayList.New()
                 $l.Add(ByRef)
              }) (ALT AMP MUT expression {
                        ByRef := environment.NewByReference($expression.p, true)
                        $l = arrayList.New()
                        $l.Add(ByRef)
                     }) (ALT {
          $l = arrayList.New()
       }))) (RULE loopWhile (returns interfaces.Instruction lw) (BLOCK (ALT WHILE expression LLAVEIZQ block LLAVEDER { $lw = instructions.NewWhile($WHILE.line, $WHILE.pos, $expression.p, $block.blk ) }))) (RULE loopBucle (returns interfaces.Instruction lb) (BLOCK (ALT LOOP LLAVEIZQ block LLAVEDER { $lb = instructions.NewLoop($LOOP.line, $LOOP.pos, $block.blk) }))) (RULE loopForin (returns interfaces.Instruction lfi) (BLOCK (ALT FOR ID IN expression LLAVEIZQ instructions LLAVEDER { $lfi = instructions.NewForIn($FOR.line, $FOR.pos, $ID.text, $expression.p, $instructions.insts) }))) (RULE transBreak (returns interfaces.Instruction brk) (BLOCK (ALT BREAK expression { $brk = instructions.NewBreak($BREAK.line, $BREAK.pos, $expression.p) }) (ALT BREAK { $brk = instructions.NewBreak($BREAK.line, $BREAK.pos, nil) }))) (RULE transContinue (returns interfaces.Instruction cnt) (BLOCK (ALT CONTINUE { $cnt = instructions.NewContinue($CONTINUE.line, $CONTINUE.pos) }))) (RULE transReturn (returns interfaces.Instruction rt) (BLOCK (ALT RETURN expression PYC { $rt = instructions.NewReturn($RETURN.line, $RETURN.pos, $expression.p) }) (ALT RETURN PYC { $rt = instructions.NewReturn($RETURN.line, $RETURN.pos, nil) }) (ALT RETURN expression { $rt = instructions.NewReturn($RETURN.line, $RETURN.pos, $expression.p) }) (ALT RETURN { $rt = instructions.NewReturn($RETURN.line, $RETURN.pos, nil) }))) (RULE condIf (returns  interfaces.Instruction ifCond ) (BLOCK (ALT IF expression LLAVEIZQ block LLAVEDER (* (BLOCK (ALT (+= e condElseIf)))) condElse {
            elif := arrayList.New()
            listElif := localctx.(*CondIfContext).GetE()
            for _, e := range listElif {
                elif.Add(e.GetElif())
            }
            $ifCond = instructions.NewIf($IF.line, $IF.pos, $expression.p, $block.blk, elif, $condElse.blkelse)
            }))) (RULE condElseIf (returns interfaces.Instruction elif) (BLOCK (ALT ELSE IF expression LLAVEIZQ block LLAVEDER {
    elif := arrayList.New()
    condelse := arrayList.New()
    $elif = instructions.NewIf($ELSE.line, $ELSE.pos, $expression.p, $block.blk, elif, condelse)
    }))) (RULE condElse (returns *arrayList.List blkelse) (BLOCK (ALT ELSE LLAVEIZQ block LLAVEDER { $blkelse = $block.blk }) (ALT { $blkelse = arrayList.New() }))) (RULE block (returns *arrayList.List blk) (@ init {
    $blk = arrayList.New()
  }) (BLOCK (ALT (= bloque block) instruction {
                            $bloque.blk.Add($instruction.inst)
                            $blk = $bloque.blk
                            }) (ALT (= bloque block) expression {
                            $bloque.blk.Add($expression.p)
                            $blk = $bloque.blk
                           }) (ALT instruction { $blk.Add($instruction.inst) }) (ALT expression { $blk.Add($expression.p) }))) (RULE condMatch (returns interfaces.Instruction mtch) (BLOCK (ALT MATCH expression LLAVEIZQ (+ (BLOCK (ALT (+= e listArms)))) defaultArm LLAVEDER {
        arrarms := arrayList.New()
        larms := localctx.(*CondMatchContext).GetE()
        for _, e := range larms {
            arrarms.Add(e.GetArms())
        }
        $mtch = instructions.NewMatch($MATCH.line, $MATCH.pos, $expression.p, arrarms, $defaultArm.defa)
        }))) (RULE listArms (returns interfaces.Instruction arms) (BLOCK (ALT listMatch ARROW2 block COMA {
         $arms = instructions.NewArm($listMatch.start.GetLine(),$listMatch.start.GetColumn(), $listMatch.ma, $block.blk)
         }) (ALT listMatch ARROW2 LLAVEIZQ block LLAVEDER COMA {
        $arms = instructions.NewArm($listMatch.start.GetLine(),$listMatch.start.GetColumn(), $listMatch.ma, $block.blk)
        }))) (RULE listMatch (returns *arrayList.List ma) (BLOCK (ALT (= lma listMatch) PLEC expression {
                                $lma.ma.Add($expression.p)
                                $ma = $lma.ma
                             }) (ALT expression {
                 $ma = arrayList.New()
                 $ma.Add($expression.p)
              }))) (RULE defaultArm (returns *arrayList.List defa) (BLOCK (ALT UNDERSCORE ARROW2 block COMA { $defa = $block.blk }) (ALT UNDERSCORE ARROW2 LLAVEIZQ block LLAVEDER COMA { $defa = $block.blk }) (ALT { $defa = arrayList.New() }))) (RULE impression (returns interfaces.Instruction pr) (BLOCK (ALT PRINT PARIZQ listParams PARDER { $pr = instructions.NewPrint($PRINT.line,$PRINT.pos,$listParams.l) }))) (RULE declaration (returns interfaces.Instruction dec) (BLOCK (ALT LET MUT ID D_PTS types IGUAL expression { $dec = instructions.NewDeclaration($LET.line, $LET.pos, $ID.text, $types.ty, $expression.p, true) }) (ALT LET MUT ID IGUAL expression { $dec = instructions.NewDeclaration($LET.line, $LET.pos, $ID.text, environment.WILDCARD, $expression.p, true) }) (ALT LET ID D_PTS types IGUAL expression { $dec = instructions.NewDeclaration($LET.line, $LET.pos, $ID.text, $types.ty, $expression.p, false) }) (ALT LET ID IGUAL expression { $dec = instructions.NewDeclaration($LET.line, $LET.pos, $ID.text, environment.WILDCARD, $expression.p, false) }) (ALT LET MUT ID D_PTS arrayType IGUAL expression { $dec = instructions.NewArrayDeclaration($LET.line, $LET.pos, $ID.text, $arrayType.t, $expression.p, true) }) (ALT LET ID D_PTS arrayType IGUAL expression { $dec = instructions.NewArrayDeclaration($LET.line, $LET.pos, $ID.text, $arrayType.t, $expression.p, false) }) (ALT vectDeclaration { $dec = $vectDeclaration.vec }))) (RULE vectDeclaration (returns interfaces.Instruction vec) (BLOCK (ALT LET ID D_PTS VECTOR2 MENOR types MAYOR IGUAL VECTOR2 C_PTS NEW PARIZQ PARDER { $vec = instructions.NewVectorDeclaration($LET.line, $LET.pos, $ID.text, $types.ty, nil, false, nil, "") }) (ALT LET ID D_PTS VECTOR2 MENOR types MAYOR IGUAL VECTOR2 C_PTS WCAPACITY PARIZQ expression PARDER { $vec = instructions.NewVectorDeclaration($LET.line, $LET.pos, $ID.text, $types.ty, $expression.p, false, nil, "") }) (ALT LET MUT ID D_PTS VECTOR2 MENOR types MAYOR IGUAL VECTOR2 C_PTS NEW PARIZQ PARDER { $vec = instructions.NewVectorDeclaration($LET.line, $LET.pos, $ID.text, $types.ty, nil, true, nil) }) (ALT LET MUT ID D_PTS VECTOR2 MENOR types MAYOR IGUAL VECTOR2 C_PTS WCAPACITY PARIZQ expression PARDER { $vec = instructions.NewVectorDeclaration($LET.line, $LET.pos, $ID.text, $types.ty, $expression.p, true, nil) }) (ALT LET ID D_PTS VECTOR2 MENOR types MAYOR IGUAL expression { $vec = instructions.NewVectorDeclaration($LET.line, $LET.pos, $ID.text, $types.ty, nil, false, $expression.p) }) (ALT LET MUT ID D_PTS VECTOR2 MENOR types MAYOR IGUAL expression { $vec = instructions.NewVectorDeclaration($LET.line, $LET.pos, $ID.text, $types.ty, nil, true, $expression.p) }) (ALT LET (= id1 ID) D_PTS VECTOR2 MENOR (= id2 ID) MAYOR IGUAL VECTOR2 C_PTS NEW PARIZQ PARDER { $vec = instructions.NewVectorDeclaration($LET.line, $LET.pos, $ID.text, $types.ty, nil, false, nil) }) (ALT LET (= id1 ID) D_PTS VECTOR2 MENOR (= id2 ID) MAYOR IGUAL VECTOR2 C_PTS WCAPACITY PARIZQ expression PARDER { $vec = instructions.NewVectorDeclaration($LET.line, $LET.pos, $ID.text, $types.ty, $expression.p, false, nil) }) (ALT LET MUT (= id1 ID) D_PTS VECTOR2 MENOR (= id2 ID) MAYOR IGUAL VECTOR2 C_PTS NEW PARIZQ PARDER { $vec = instructions.NewVectorDeclaration($LET.line, $LET.pos, $ID.text, $types.ty, nil, true, nil) }) (ALT LET MUT (= id1 ID) D_PTS VECTOR2 MENOR (= id2 ID) MAYOR IGUAL VECTOR2 C_PTS WCAPACITY PARIZQ expression PARDER { $vec = instructions.NewVectorDeclaration($LET.line, $LET.pos, $ID.text, $types.ty, $expression.p, true, nil) }) (ALT LET (= id1 ID) D_PTS VECTOR2 MENOR (= id2 ID) MAYOR IGUAL expression { $vec = instructions.NewVectorDeclaration($LET.line, $LET.pos, $ID.text, $types.ty, nil, false, $expression.p) }) (ALT LET MUT (= id1 ID) D_PTS VECTOR2 MENOR (= id2 ID) MAYOR IGUAL expression { $vec = instructions.NewVectorDeclaration($LET.line, $LET.pos, $ID.text, $types.ty, nil, true, $expression.p) }))) (RULE structCreation (returns interfaces.Instruction dec) (BLOCK (ALT STRUCT ID LLAVEIZQ listStructDec LLAVEDER { $dec = instructions.NewStruct($STRUCT.line, $STRUCT.pos, $ID.text, $listStructDec.l) }))) (RULE listStructDec (returns *arrayList.List l) (BLOCK (ALT (= list listStructDec) COMA (= id1 ID) D_PTS types {
                                        StrDef := environment.NewStructType($id1.text, $types.ty, "")
                                        $list.l.Add(StrDef);
                                        $l = $list.l;
                                    }) (ALT (= list listStructDec) COMA (= id1 ID) D_PTS (= id2 ID) {
                                          StrDef := environment.NewStructType($id1.text,environment.WILDCARD, $id2.text)
                                          $list.l.Add(StrDef);
                                          $l = $list.l;
                                      }) (ALT (= id1 ID) D_PTS types {
                    StrDef := environment.NewStructType($id1.text, $types.ty, "")
                    $l = arrayList.New();
                    $l.Add(StrDef);
                }) (ALT (= id1 ID) D_PTS (= id2 ID) {
                      StrDef := environment.NewStructType($id1.text, environment.WILDCARD, $id2.text)
                      $l = arrayList.New();
                      $l.Add(StrDef);
                  }))) (RULE assignment (returns interfaces.Instruction ass) (BLOCK (ALT ID IGUAL expression { $ass = instructions.NewAssignment($ID.line, $ID.pos, $ID.text, $expression.p)}) (ALT listAccessStruct IGUAL expression { $ass = instructions.NewStructAssign($listAccessStruct.start.GetLine(),$listAccessStruct.start.GetColumn(), $listAccessStruct.l, $expression.p) }) (ALT ID listAccessArray IGUAL expression { $ass = instructions.NewArrayAssign($ID.line, $ID.pos, $ID.text, $listAccessArray.l, $expression.p) }))) (RULE listAccessStruct (returns *arrayList.List l) (BLOCK (ALT (= list listAccessStruct) PUNTO ID {
                                   $list.l.Add($ID.text)
                                   $l = $list.l
                                  }) (ALT ID {
    $l = arrayList.New()
    $l.Add($ID.text)
}))) (RULE listAccessArray (returns *arrayList.List l) (BLOCK (ALT (= list listAccessArray) CORIZQ expression CORDER {
                                                  $list.l.Add($expression.p)
                                                  $l = $list.l
                                                 }) (ALT CORIZQ expression CORDER {
                              $l = arrayList.New()
                              $l.Add($expression.p)
                          }))) (RULE arrayType (returns *arrayList.List t) (BLOCK (ALT CORIZQ arrayType PYC expression CORDER {
                                        newType := environment.NewArrayType(environment.ARRAY, $expression.p)
                                       $arrayType.t.Add(newType)
                                       $t = $arrayType.t
                                        }) (ALT CORIZQ types PYC expression CORDER {
                            $t = arrayList.New()
                            newType := environment.NewArrayType($types.ty, $expression.p)
                            $t.Add(newType)
                         }))) (RULE function (returns  interfaces.Instruction fun ) (BLOCK (ALT FUNC ID PARIZQ listParamsFunc PARDER LLAVEIZQ block LLAVEDER {
                        $fun = instructions.NewFunction($FUNC.line, $FUNC.pos, $ID.text, $listParamsFunc.lpf, environment.WILDCARD, $block.blk)
                        }) (ALT FUNC ID PARIZQ listParamsFunc PARDER ARROW1 types LLAVEIZQ block LLAVEDER {
                       $fun = instructions.NewFunction($FUNC.line, $FUNC.pos, $ID.text, $listParamsFunc.lpf, $types.ty, $block.blk)
                       }))) (RULE listParamsFunc (returns *arrayList.List lpf) (BLOCK (ALT (= list listParamsFunc) COMA ID D_PTS types {
                   newParam := instructions.NewParamsDeclaration($ID.line, $ID.pos, $ID.text, $types.ty)
                   $list.lpf.Add(newParam)
                   $lpf = $list.lpf
                    }) (ALT (= list listParamsFunc) COMA ID D_PTS AMP MUT arrayType {
             newParam := instructions.NewParamsDeclaration($ID.line, $ID.pos, $ID.text, environment.ARRAY)
             $list.lpf.Add(newParam)
             $lpf = $list.lpf
              }) (ALT (= list listParamsFunc) COMA ID D_PTS arrayType {
             newParam := instructions.NewParamsDeclaration($ID.line, $ID.pos, $ID.text, environment.ARRAY)
             $list.lpf.Add(newParam)
             $lpf = $list.lpf
              }) (ALT ID D_PTS types {
                $lpf = arrayList.New()
                newParam := instructions.NewParamsDeclaration($ID.line, $ID.pos, $ID.text, $types.ty)
                $lpf.Add(newParam)
             }) (ALT ID D_PTS AMP MUT arrayType {
                 $lpf = arrayList.New()
                 newParam := instructions.NewParamsDeclaration($ID.line, $ID.pos, $ID.text, environment.ARRAY)
                 $lpf.Add(newParam)
              }) (ALT ID D_PTS arrayType {
                 $lpf = arrayList.New()
                 newParam := instructions.NewParamsDeclaration($ID.line, $ID.pos, $ID.text, environment.ARRAY)
                 $lpf.Add(newParam)
              }) (ALT { $lpf = arrayList.New() }))) (RULE module (returns ) (BLOCK (ALT MODULE ID LLAVEIZQ moduleContent LLAVEDER))) (RULE moduleContent (returns ) (BLOCK (ALT module) (ALT function))) (RULE types (returns environment.TipoExpresion ty) (BLOCK (ALT INT { $ty = environment.INTEGER }) (ALT FLOAT { $ty = environment.FLOAT }) (ALT BOOL { $ty = environment.BOOLEAN }) (ALT CHAR { $ty = environment.CHAR }) (ALT STR1 { $ty = environment.STRING }) (ALT STR2 { $ty = environment.STR }) (ALT VECTOR1 { $ty = environment.VECTOR }) (ALT STRUCT { $ty = environment.STRUCT }))) (RULE listParams (returns *arrayList.List l) (BLOCK (ALT (= list listParams) COMA expression {
                                        $list.l.Add($expression.p)
                                        $l = $list.l
                                     }) (ALT expression {
                $l = arrayList.New()
                $l.Add($expression.p)
             }))) (RULE listVec (returns interfaces.Expression lv) (BLOCK (ALT (= exp1 expression) PYC (= exp2 expression) { $lv = expressions.NewVectorList($exp1.start.GetLine(),$exp1.start.GetColumn(), $exp1.p, $exp2.p) }))) (RULE expression (returns interfaces.Expression p) (BLOCK (ALT expr_arit { $p = $expr_arit.p }) (ALT (= expuno expression) PUNTO PUNTO (= expdos expression) { $p = expressions.NewRange($expuno.start.GetLine(),$expuno.start.GetColumn(), $expuno.p, $expdos.p) }))) (RULE callFunction (returns interfaces.Expression cf) (BLOCK (ALT ID PARIZQ listParamsCall PARDER PYC { $cf = expressions.NewCallExp($ID.line, $ID.pos, $ID.text, $listParamsCall.l) }) (ALT ID PARIZQ listParamsCall PARDER { $cf = expressions.NewCallExp($ID.line, $ID.pos, $ID.text, $listParamsCall.l) }))) (RULE expr_arit (returns interfaces.Expression p) (BLOCK (ALT (= opIz expr_arit) (= op (BLOCK (ALT MUL) (ALT DIV) (ALT MOD))) (= opDe expr_arit) {$p = expressions.NewOperation($opIz.start.GetLine(),$opIz.start.GetColumn(),$opIz.p,$op.text,$opDe.p)}) (ALT (= opIz expr_arit) (= op (BLOCK (ALT ADD) (ALT SUB))) (= opDe expr_arit) {$p = expressions.NewOperation($opIz.start.GetLine(),$opIz.start.GetColumn(),$opIz.p,$op.text,$opDe.p)}) (ALT (= opIz expr_arit) (= op (BLOCK (ALT MENOR) (ALT MENORIGUAL) (ALT MAYORIGUAL) (ALT MAYOR) (ALT IG_IG) (ALT DIFERENTE))) (= opDe expr_arit) {$p = expressions.NewOperation($opIz.start.GetLine(),$opIz.start.GetColumn(),$opIz.p,$op.text,$opDe.p)}) (ALT SUB (= opDe expr_arit) {$p = expressions.NewOperation($SUB.line,$SUB.pos,$opDe.p,"MENOS_UNARIO",nil)}) (ALT NOT (= opDe expr_arit) {$p = expressions.NewOperation($NOT.line,$NOT.pos,$opDe.p,$NOT.text,nil)}) (ALT CORIZQ listParams CORDER { $p = expressions.NewArray($CORIZQ.line, $CORIZQ.pos, $listParams.l) }) (ALT VECTOR1 NOT CORIZQ listParams CORDER { $p = expressions.NewVector($VECTOR1.line, $VECTOR1.pos, $listParams.l) }) (ALT VECTOR1 NOT CORIZQ listVec CORDER { $p = $listVec.lv }) (ALT PARIZQ expression PARDER { $p = $expression.p }) (ALT ID LLAVEIZQ listStructExp LLAVEDER { $p = expressions.NewStructExp($ID.line, $ID.pos, $ID.text, $listStructExp.l ) }) (ALT callFunction { $p = $callFunction.cf }) (ALT primitive { $p = $primitive.p }) (ALT condIf { $p = $condIf.ifCond }) (ALT condMatch { $p = $condMatch.mtch }) (ALT loopBucle { $p = $loopBucle.lb }) (ALT expVectors { $p = $expVectors.ev }))) (RULE primitive (returns interfaces.Expression p) (BLOCK (ALT NUMBER {
            if (strings.Contains($NUMBER.text,".")){
                num,err := strconv.ParseFloat($NUMBER.text, 64);
                if err!= nil{
                    fmt.Println(err)
                }
                $p = expressions.NewPrimitive($NUMBER.line,$NUMBER.pos,num,environment.FLOAT)
            }else{
                num,err := strconv.Atoi($NUMBER.text)
                if err!= nil{
                    fmt.Println(err)
                }
                $p = expressions.NewPrimitive($NUMBER.line,$NUMBER.pos,num,environment.INTEGER)
            }
        }) (ALT stringTypes { $p = $stringTypes.st  }) (ALT CHARACTER { $p = expressions.NewPrimitive($CHARACTER.line, $CHARACTER.pos,$CHARACTER.text,environment.CHAR) }) (ALT TRU { $p = expressions.NewPrimitive($TRU.line, $TRU.pos,true,environment.BOOLEAN) }) (ALT FAL { $p = expressions.NewPrimitive($FAL.line, $FAL.pos,false,environment.BOOLEAN) }) (ALT (= list listArray) { $p = $list.p}))) (RULE stringTypes (returns interfaces.Expression st) (BLOCK (ALT STRING PUNTO (= fnc (BLOCK (ALT TOSTR) (ALT TOOWN))) {
                                     str := $STRING.text
                                     $st = expressions.NewPrimitive($STRING.line, $STRING.pos,str[1:len(str)-1],environment.STRING)
                                 }) (ALT (* (BLOCK (ALT AMP))) STRING (* (BLOCK (ALT PUNTO TOSTR) (ALT PUNTO TOOWN))) {
              str := $STRING.text
              $st = expressions.NewPrimitive($AMP.line, $AMP.pos,str[1:len(str)-1],environment.STR)
          }))) (RULE listArray (returns interfaces.Expression p) (BLOCK (ALT (= list listArray) CORIZQ expression CORDER { $p = expressions.NewArrayAccess($list.start.GetLine(), $list.start.GetColumn(), $list.p, $expression.p) }) (ALT (= list listArray) PUNTO ID { $p = expressions.NewStructAccess($list.start.GetLine(), $list.start.GetColumn(), $list.p, $ID.text)  }) (ALT ID { $p = expressions.NewCallVar($ID.line, $ID.pos, $ID.text)}))) (RULE listStructExp (returns *arrayList.List l) (BLOCK (ALT (= list listStructExp) COMA ID D_PTS expression {
                                        StrExp := environment.NewStructContent($ID.text, $expression.p)
                                        $list.l.Add(StrExp);
                                        $l = $list.l;
                                    }) (ALT ID D_PTS expression {
                    StrExp := environment.NewStructContent($ID.text, $expression.p)
                    $l = arrayList.New();
                    $l.Add(StrExp);
                }))) (RULE expVectors (returns interfaces.Expression ev) (BLOCK (ALT ID PUNTO REMOVE PARIZQ expression PARDER { $ev = expressions.NewRemove($ID.line, $ID.pos, $ID.text, $expression.p) }) (ALT ID PUNTO CONTAINS PARIZQ AMP expression PARDER { $ev = expressions.NewContains($ID.line, $ID.pos, $ID.text, $expression.p) }) (ALT ID PUNTO LEN PARIZQ PARDER { $ev = expressions.NewLen($ID.line, $ID.pos, $ID.text) }) (ALT ID PUNTO CAPACITY PARIZQ PARDER { $ev = expressions.NewCapacity($ID.line, $ID.pos, $ID.text) })))))
2022-03-23 04:11:18:500 grammar LogManager.java:25 after: (PARSER_GRAMMAR Rust (OPTIONS (= tokenVocab RustLexer)) (@ header {
    import arrayList "github.com/colegno/arraylist"
    import "OLC2/interfaces"
    import "OLC2/expressions"
    import "OLC2/instructions"
    import "OLC2/environment"
    import "strings"
}) (RULES (RULE start (returns environment.Code code) (BLOCK (ALT (* (BLOCK (ALT (+= e global_env)))) main (* (BLOCK (ALT (+= e global_env)))) {
        global := arrayList.New()
        listInt := localctx.(*StartContext).GetE()
        for _, e := range listInt {
            global.Add(e.GetHi())
        }
        $code = environment.NewCode($main.mainInst, global)
    }))) (RULE global_env (returns interfaces.Instruction hi) (BLOCK (ALT declaration PYC { $hi = $declaration.dec }) (ALT function { $hi = $function.fun }) (ALT module))) (RULE main (returns *arrayList.List mainInst) (BLOCK (ALT FUNC MAIN PARIZQ PARDER LLAVEIZQ block LLAVEDER { $mainInst = $block.blk }))) (RULE instructions (returns *arrayList.List insts) (@ init {
    $insts = arrayList.New()
  }) (BLOCK (ALT (+ (BLOCK (ALT (+= e instruction)))) {
        listInt := localctx.(*InstructionsContext).GetE()
        for _, e := range listInt {
            $insts.Add(e.GetInst())
        }
    }))) (RULE instruction (returns interfaces.Instruction inst) (BLOCK (ALT impression PYC { $inst = $impression.pr }) (ALT declaration PYC { $inst = $declaration.dec }) (ALT assignment PYC { $inst = $assignment.ass }) (ALT condIf { $inst = $condIf.ifCond }) (ALT condMatch { $inst = $condMatch.mtch }) (ALT loopWhile { $inst = $loopWhile.lw }) (ALT loopBucle { $inst = $loopBucle.lb }) (ALT loopForin { $inst = $loopForin.lfi }) (ALT transBreak PYC { $inst = $transBreak.brk }) (ALT transContinue PYC { $inst = $transContinue.cnt }) (ALT transReturn { $inst = $transReturn.rt }) (ALT structCreation { $inst = $structCreation.dec }) (ALT insVectors PYC { $inst = $insVectors.iv }))) (RULE insVectors (returns interfaces.Instruction iv) (BLOCK (ALT ID PUNTO PUSH PARIZQ expression PARDER { $iv = instructions.NewPush($ID.line, $ID.pos, $ID.text, $expression.p) }) (ALT ID PUNTO INSERT PARIZQ (= exp1 expression) COMA (= exp2 expression) PARDER { $iv = instructions.NewInsert($ID.line, $ID.pos, $ID.text, $exp1.p, $exp2.p) }))) (RULE listParamsCall (returns *arrayList.List l) (BLOCK (ALT (= list listParamsCall) COMA expression {
                                         ByRef := environment.NewByReference($expression.p, false)
                                         $list.l.Add(ByRef);
                                         $l = $list.l;
                                      }) (ALT (= list listParamsCall) COMA AMP MUT expression {
                                            ByRef := environment.NewByReference($expression.p, true)
                                            $list.l.Add(ByRef);
                                            $l = $list.l;
                                         }) (ALT expression {
                 ByRef := environment.NewByReference($expression.p, false)
                 $l = arrayList.New()
                 $l.Add(ByRef)
              }) (ALT AMP MUT expression {
                        ByRef := environment.NewByReference($expression.p, true)
                        $l = arrayList.New()
                        $l.Add(ByRef)
                     }) (ALT {
          $l = arrayList.New()
       }))) (RULE loopWhile (returns interfaces.Instruction lw) (BLOCK (ALT WHILE expression LLAVEIZQ block LLAVEDER { $lw = instructions.NewWhile($WHILE.line, $WHILE.pos, $expression.p, $block.blk ) }))) (RULE loopBucle (returns interfaces.Instruction lb) (BLOCK (ALT LOOP LLAVEIZQ block LLAVEDER { $lb = instructions.NewLoop($LOOP.line, $LOOP.pos, $block.blk) }))) (RULE loopForin (returns interfaces.Instruction lfi) (BLOCK (ALT FOR ID IN expression LLAVEIZQ instructions LLAVEDER { $lfi = instructions.NewForIn($FOR.line, $FOR.pos, $ID.text, $expression.p, $instructions.insts) }))) (RULE transBreak (returns interfaces.Instruction brk) (BLOCK (ALT BREAK expression { $brk = instructions.NewBreak($BREAK.line, $BREAK.pos, $expression.p) }) (ALT BREAK { $brk = instructions.NewBreak($BREAK.line, $BREAK.pos, nil) }))) (RULE transContinue (returns interfaces.Instruction cnt) (BLOCK (ALT CONTINUE { $cnt = instructions.NewContinue($CONTINUE.line, $CONTINUE.pos) }))) (RULE transReturn (returns interfaces.Instruction rt) (BLOCK (ALT RETURN expression PYC { $rt = instructions.NewReturn($RETURN.line, $RETURN.pos, $expression.p) }) (ALT RETURN PYC { $rt = instructions.NewReturn($RETURN.line, $RETURN.pos, nil) }) (ALT RETURN expression { $rt = instructions.NewReturn($RETURN.line, $RETURN.pos, $expression.p) }) (ALT RETURN { $rt = instructions.NewReturn($RETURN.line, $RETURN.pos, nil) }))) (RULE condIf (returns  interfaces.Instruction ifCond ) (BLOCK (ALT IF expression LLAVEIZQ block LLAVEDER (* (BLOCK (ALT (+= e condElseIf)))) condElse {
            elif := arrayList.New()
            listElif := localctx.(*CondIfContext).GetE()
            for _, e := range listElif {
                elif.Add(e.GetElif())
            }
            $ifCond = instructions.NewIf($IF.line, $IF.pos, $expression.p, $block.blk, elif, $condElse.blkelse)
            }))) (RULE condElseIf (returns interfaces.Instruction elif) (BLOCK (ALT ELSE IF expression LLAVEIZQ block LLAVEDER {
    elif := arrayList.New()
    condelse := arrayList.New()
    $elif = instructions.NewIf($ELSE.line, $ELSE.pos, $expression.p, $block.blk, elif, condelse)
    }))) (RULE condElse (returns *arrayList.List blkelse) (BLOCK (ALT ELSE LLAVEIZQ block LLAVEDER { $blkelse = $block.blk }) (ALT { $blkelse = arrayList.New() }))) (RULE block (returns *arrayList.List blk) (@ init {
    $blk = arrayList.New()
  }) (BLOCK (ALT (= bloque block) instruction {
                            $bloque.blk.Add($instruction.inst)
                            $blk = $bloque.blk
                            }) (ALT (= bloque block) expression {
                            $bloque.blk.Add($expression.p)
                            $blk = $bloque.blk
                           }) (ALT instruction { $blk.Add($instruction.inst) }) (ALT expression { $blk.Add($expression.p) }))) (RULE condMatch (returns interfaces.Instruction mtch) (BLOCK (ALT MATCH expression LLAVEIZQ (+ (BLOCK (ALT (+= e listArms)))) defaultArm LLAVEDER {
        arrarms := arrayList.New()
        larms := localctx.(*CondMatchContext).GetE()
        for _, e := range larms {
            arrarms.Add(e.GetArms())
        }
        $mtch = instructions.NewMatch($MATCH.line, $MATCH.pos, $expression.p, arrarms, $defaultArm.defa)
        }))) (RULE listArms (returns interfaces.Instruction arms) (BLOCK (ALT listMatch ARROW2 block COMA {
         $arms = instructions.NewArm($listMatch.start.GetLine(),$listMatch.start.GetColumn(), $listMatch.ma, $block.blk)
         }) (ALT listMatch ARROW2 LLAVEIZQ block LLAVEDER COMA {
        $arms = instructions.NewArm($listMatch.start.GetLine(),$listMatch.start.GetColumn(), $listMatch.ma, $block.blk)
        }))) (RULE listMatch (returns *arrayList.List ma) (BLOCK (ALT (= lma listMatch) PLEC expression {
                                $lma.ma.Add($expression.p)
                                $ma = $lma.ma
                             }) (ALT expression {
                 $ma = arrayList.New()
                 $ma.Add($expression.p)
              }))) (RULE defaultArm (returns *arrayList.List defa) (BLOCK (ALT UNDERSCORE ARROW2 block COMA { $defa = $block.blk }) (ALT UNDERSCORE ARROW2 LLAVEIZQ block LLAVEDER COMA { $defa = $block.blk }) (ALT { $defa = arrayList.New() }))) (RULE impression (returns interfaces.Instruction pr) (BLOCK (ALT PRINT PARIZQ listParams PARDER { $pr = instructions.NewPrint($PRINT.line,$PRINT.pos,$listParams.l) }))) (RULE declaration (returns interfaces.Instruction dec) (BLOCK (ALT LET MUT ID D_PTS types IGUAL expression { $dec = instructions.NewDeclaration($LET.line, $LET.pos, $ID.text, $types.ty, $expression.p, true) }) (ALT LET MUT ID IGUAL expression { $dec = instructions.NewDeclaration($LET.line, $LET.pos, $ID.text, environment.WILDCARD, $expression.p, true) }) (ALT LET ID D_PTS types IGUAL expression { $dec = instructions.NewDeclaration($LET.line, $LET.pos, $ID.text, $types.ty, $expression.p, false) }) (ALT LET ID IGUAL expression { $dec = instructions.NewDeclaration($LET.line, $LET.pos, $ID.text, environment.WILDCARD, $expression.p, false) }) (ALT LET MUT ID D_PTS arrayType IGUAL expression { $dec = instructions.NewArrayDeclaration($LET.line, $LET.pos, $ID.text, $arrayType.t, $expression.p, true) }) (ALT LET ID D_PTS arrayType IGUAL expression { $dec = instructions.NewArrayDeclaration($LET.line, $LET.pos, $ID.text, $arrayType.t, $expression.p, false) }) (ALT vectDeclaration { $dec = $vectDeclaration.vec }))) (RULE vectDeclaration (returns interfaces.Instruction vec) (BLOCK (ALT LET ID D_PTS VECTOR2 MENOR types MAYOR IGUAL VECTOR2 C_PTS NEW PARIZQ PARDER { $vec = instructions.NewVectorDeclaration($LET.line, $LET.pos, $ID.text, $types.ty, nil, false, nil, "") }) (ALT LET ID D_PTS VECTOR2 MENOR types MAYOR IGUAL VECTOR2 C_PTS WCAPACITY PARIZQ expression PARDER { $vec = instructions.NewVectorDeclaration($LET.line, $LET.pos, $ID.text, $types.ty, $expression.p, false, nil, "") }) (ALT LET MUT ID D_PTS VECTOR2 MENOR types MAYOR IGUAL VECTOR2 C_PTS NEW PARIZQ PARDER { $vec = instructions.NewVectorDeclaration($LET.line, $LET.pos, $ID.text, $types.ty, nil, true, nil) }) (ALT LET MUT ID D_PTS VECTOR2 MENOR types MAYOR IGUAL VECTOR2 C_PTS WCAPACITY PARIZQ expression PARDER { $vec = instructions.NewVectorDeclaration($LET.line, $LET.pos, $ID.text, $types.ty, $expression.p, true, nil) }) (ALT LET ID D_PTS VECTOR2 MENOR types MAYOR IGUAL expression { $vec = instructions.NewVectorDeclaration($LET.line, $LET.pos, $ID.text, $types.ty, nil, false, $expression.p) }) (ALT LET MUT ID D_PTS VECTOR2 MENOR types MAYOR IGUAL expression { $vec = instructions.NewVectorDeclaration($LET.line, $LET.pos, $ID.text, $types.ty, nil, true, $expression.p) }) (ALT LET (= id1 ID) D_PTS VECTOR2 MENOR (= id2 ID) MAYOR IGUAL VECTOR2 C_PTS NEW PARIZQ PARDER { $vec = instructions.NewVectorDeclaration($LET.line, $LET.pos, $ID.text, $types.ty, nil, false, nil) }) (ALT LET (= id1 ID) D_PTS VECTOR2 MENOR (= id2 ID) MAYOR IGUAL VECTOR2 C_PTS WCAPACITY PARIZQ expression PARDER { $vec = instructions.NewVectorDeclaration($LET.line, $LET.pos, $ID.text, $types.ty, $expression.p, false, nil) }) (ALT LET MUT (= id1 ID) D_PTS VECTOR2 MENOR (= id2 ID) MAYOR IGUAL VECTOR2 C_PTS NEW PARIZQ PARDER { $vec = instructions.NewVectorDeclaration($LET.line, $LET.pos, $ID.text, $types.ty, nil, true, nil) }) (ALT LET MUT (= id1 ID) D_PTS VECTOR2 MENOR (= id2 ID) MAYOR IGUAL VECTOR2 C_PTS WCAPACITY PARIZQ expression PARDER { $vec = instructions.NewVectorDeclaration($LET.line, $LET.pos, $ID.text, $types.ty, $expression.p, true, nil) }) (ALT LET (= id1 ID) D_PTS VECTOR2 MENOR (= id2 ID) MAYOR IGUAL expression { $vec = instructions.NewVectorDeclaration($LET.line, $LET.pos, $ID.text, $types.ty, nil, false, $expression.p) }) (ALT LET MUT (= id1 ID) D_PTS VECTOR2 MENOR (= id2 ID) MAYOR IGUAL expression { $vec = instructions.NewVectorDeclaration($LET.line, $LET.pos, $ID.text, $types.ty, nil, true, $expression.p) }))) (RULE structCreation (returns interfaces.Instruction dec) (BLOCK (ALT STRUCT ID LLAVEIZQ listStructDec LLAVEDER { $dec = instructions.NewStruct($STRUCT.line, $STRUCT.pos, $ID.text, $listStructDec.l) }))) (RULE listStructDec (returns *arrayList.List l) (BLOCK (ALT (= list listStructDec) COMA (= id1 ID) D_PTS types {
                                        StrDef := environment.NewStructType($id1.text, $types.ty, "")
                                        $list.l.Add(StrDef);
                                        $l = $list.l;
                                    }) (ALT (= list listStructDec) COMA (= id1 ID) D_PTS (= id2 ID) {
                                          StrDef := environment.NewStructType($id1.text,environment.WILDCARD, $id2.text)
                                          $list.l.Add(StrDef);
                                          $l = $list.l;
                                      }) (ALT (= id1 ID) D_PTS types {
                    StrDef := environment.NewStructType($id1.text, $types.ty, "")
                    $l = arrayList.New();
                    $l.Add(StrDef);
                }) (ALT (= id1 ID) D_PTS (= id2 ID) {
                      StrDef := environment.NewStructType($id1.text, environment.WILDCARD, $id2.text)
                      $l = arrayList.New();
                      $l.Add(StrDef);
                  }))) (RULE assignment (returns interfaces.Instruction ass) (BLOCK (ALT ID IGUAL expression { $ass = instructions.NewAssignment($ID.line, $ID.pos, $ID.text, $expression.p)}) (ALT listAccessStruct IGUAL expression { $ass = instructions.NewStructAssign($listAccessStruct.start.GetLine(),$listAccessStruct.start.GetColumn(), $listAccessStruct.l, $expression.p) }) (ALT ID listAccessArray IGUAL expression { $ass = instructions.NewArrayAssign($ID.line, $ID.pos, $ID.text, $listAccessArray.l, $expression.p) }))) (RULE listAccessStruct (returns *arrayList.List l) (BLOCK (ALT (= list listAccessStruct) PUNTO ID {
                                   $list.l.Add($ID.text)
                                   $l = $list.l
                                  }) (ALT ID {
    $l = arrayList.New()
    $l.Add($ID.text)
}))) (RULE listAccessArray (returns *arrayList.List l) (BLOCK (ALT (= list listAccessArray) CORIZQ expression CORDER {
                                                  $list.l.Add($expression.p)
                                                  $l = $list.l
                                                 }) (ALT CORIZQ expression CORDER {
                              $l = arrayList.New()
                              $l.Add($expression.p)
                          }))) (RULE arrayType (returns *arrayList.List t) (BLOCK (ALT CORIZQ arrayType PYC expression CORDER {
                                        newType := environment.NewArrayType(environment.ARRAY, $expression.p)
                                       $arrayType.t.Add(newType)
                                       $t = $arrayType.t
                                        }) (ALT CORIZQ types PYC expression CORDER {
                            $t = arrayList.New()
                            newType := environment.NewArrayType($types.ty, $expression.p)
                            $t.Add(newType)
                         }))) (RULE function (returns  interfaces.Instruction fun ) (BLOCK (ALT FUNC ID PARIZQ listParamsFunc PARDER LLAVEIZQ block LLAVEDER {
                        $fun = instructions.NewFunction($FUNC.line, $FUNC.pos, $ID.text, $listParamsFunc.lpf, environment.WILDCARD, $block.blk)
                        }) (ALT FUNC ID PARIZQ listParamsFunc PARDER ARROW1 types LLAVEIZQ block LLAVEDER {
                       $fun = instructions.NewFunction($FUNC.line, $FUNC.pos, $ID.text, $listParamsFunc.lpf, $types.ty, $block.blk)
                       }))) (RULE listParamsFunc (returns *arrayList.List lpf) (BLOCK (ALT (= list listParamsFunc) COMA ID D_PTS types {
                   newParam := instructions.NewParamsDeclaration($ID.line, $ID.pos, $ID.text, $types.ty)
                   $list.lpf.Add(newParam)
                   $lpf = $list.lpf
                    }) (ALT (= list listParamsFunc) COMA ID D_PTS AMP MUT arrayType {
             newParam := instructions.NewParamsDeclaration($ID.line, $ID.pos, $ID.text, environment.ARRAY)
             $list.lpf.Add(newParam)
             $lpf = $list.lpf
              }) (ALT (= list listParamsFunc) COMA ID D_PTS arrayType {
             newParam := instructions.NewParamsDeclaration($ID.line, $ID.pos, $ID.text, environment.ARRAY)
             $list.lpf.Add(newParam)
             $lpf = $list.lpf
              }) (ALT ID D_PTS types {
                $lpf = arrayList.New()
                newParam := instructions.NewParamsDeclaration($ID.line, $ID.pos, $ID.text, $types.ty)
                $lpf.Add(newParam)
             }) (ALT ID D_PTS AMP MUT arrayType {
                 $lpf = arrayList.New()
                 newParam := instructions.NewParamsDeclaration($ID.line, $ID.pos, $ID.text, environment.ARRAY)
                 $lpf.Add(newParam)
              }) (ALT ID D_PTS arrayType {
                 $lpf = arrayList.New()
                 newParam := instructions.NewParamsDeclaration($ID.line, $ID.pos, $ID.text, environment.ARRAY)
                 $lpf.Add(newParam)
              }) (ALT { $lpf = arrayList.New() }))) (RULE module (returns ) (BLOCK (ALT MODULE ID LLAVEIZQ moduleContent LLAVEDER))) (RULE moduleContent (returns ) (BLOCK (ALT module) (ALT function))) (RULE types (returns environment.TipoExpresion ty) (BLOCK (ALT INT { $ty = environment.INTEGER }) (ALT FLOAT { $ty = environment.FLOAT }) (ALT BOOL { $ty = environment.BOOLEAN }) (ALT CHAR { $ty = environment.CHAR }) (ALT STR1 { $ty = environment.STRING }) (ALT STR2 { $ty = environment.STR }) (ALT VECTOR1 { $ty = environment.VECTOR }) (ALT STRUCT { $ty = environment.STRUCT }))) (RULE listParams (returns *arrayList.List l) (BLOCK (ALT (= list listParams) COMA expression {
                                        $list.l.Add($expression.p)
                                        $l = $list.l
                                     }) (ALT expression {
                $l = arrayList.New()
                $l.Add($expression.p)
             }))) (RULE listVec (returns interfaces.Expression lv) (BLOCK (ALT (= exp1 expression) PYC (= exp2 expression) { $lv = expressions.NewVectorList($exp1.start.GetLine(),$exp1.start.GetColumn(), $exp1.p, $exp2.p) }))) (RULE expression (returns interfaces.Expression p) (BLOCK (ALT expr_arit { $p = $expr_arit.p }) (ALT (= expuno expression) PUNTO PUNTO (= expdos expression) { $p = expressions.NewRange($expuno.start.GetLine(),$expuno.start.GetColumn(), $expuno.p, $expdos.p) }))) (RULE callFunction (returns interfaces.Expression cf) (BLOCK (ALT ID PARIZQ listParamsCall PARDER PYC { $cf = expressions.NewCallExp($ID.line, $ID.pos, $ID.text, $listParamsCall.l) }) (ALT ID PARIZQ listParamsCall PARDER { $cf = expressions.NewCallExp($ID.line, $ID.pos, $ID.text, $listParamsCall.l) }))) (RULE expr_arit (returns interfaces.Expression p) (BLOCK (ALT (= opIz expr_arit) (= op (SET MUL DIV MOD)) (= opDe expr_arit) {$p = expressions.NewOperation($opIz.start.GetLine(),$opIz.start.GetColumn(),$opIz.p,$op.text,$opDe.p)}) (ALT (= opIz expr_arit) (= op (SET ADD SUB)) (= opDe expr_arit) {$p = expressions.NewOperation($opIz.start.GetLine(),$opIz.start.GetColumn(),$opIz.p,$op.text,$opDe.p)}) (ALT (= opIz expr_arit) (= op (SET MENOR MENORIGUAL MAYORIGUAL MAYOR IG_IG DIFERENTE)) (= opDe expr_arit) {$p = expressions.NewOperation($opIz.start.GetLine(),$opIz.start.GetColumn(),$opIz.p,$op.text,$opDe.p)}) (ALT SUB (= opDe expr_arit) {$p = expressions.NewOperation($SUB.line,$SUB.pos,$opDe.p,"MENOS_UNARIO",nil)}) (ALT NOT (= opDe expr_arit) {$p = expressions.NewOperation($NOT.line,$NOT.pos,$opDe.p,$NOT.text,nil)}) (ALT CORIZQ listParams CORDER { $p = expressions.NewArray($CORIZQ.line, $CORIZQ.pos, $listParams.l) }) (ALT VECTOR1 NOT CORIZQ listParams CORDER { $p = expressions.NewVector($VECTOR1.line, $VECTOR1.pos, $listParams.l) }) (ALT VECTOR1 NOT CORIZQ listVec CORDER { $p = $listVec.lv }) (ALT PARIZQ expression PARDER { $p = $expression.p }) (ALT ID LLAVEIZQ listStructExp LLAVEDER { $p = expressions.NewStructExp($ID.line, $ID.pos, $ID.text, $listStructExp.l ) }) (ALT callFunction { $p = $callFunction.cf }) (ALT primitive { $p = $primitive.p }) (ALT condIf { $p = $condIf.ifCond }) (ALT condMatch { $p = $condMatch.mtch }) (ALT loopBucle { $p = $loopBucle.lb }) (ALT expVectors { $p = $expVectors.ev }))) (RULE primitive (returns interfaces.Expression p) (BLOCK (ALT NUMBER {
            if (strings.Contains($NUMBER.text,".")){
                num,err := strconv.ParseFloat($NUMBER.text, 64);
                if err!= nil{
                    fmt.Println(err)
                }
                $p = expressions.NewPrimitive($NUMBER.line,$NUMBER.pos,num,environment.FLOAT)
            }else{
                num,err := strconv.Atoi($NUMBER.text)
                if err!= nil{
                    fmt.Println(err)
                }
                $p = expressions.NewPrimitive($NUMBER.line,$NUMBER.pos,num,environment.INTEGER)
            }
        }) (ALT stringTypes { $p = $stringTypes.st  }) (ALT CHARACTER { $p = expressions.NewPrimitive($CHARACTER.line, $CHARACTER.pos,$CHARACTER.text,environment.CHAR) }) (ALT TRU { $p = expressions.NewPrimitive($TRU.line, $TRU.pos,true,environment.BOOLEAN) }) (ALT FAL { $p = expressions.NewPrimitive($FAL.line, $FAL.pos,false,environment.BOOLEAN) }) (ALT (= list listArray) { $p = $list.p}))) (RULE stringTypes (returns interfaces.Expression st) (BLOCK (ALT STRING PUNTO (= fnc (SET TOSTR TOOWN)) {
                                     str := $STRING.text
                                     $st = expressions.NewPrimitive($STRING.line, $STRING.pos,str[1:len(str)-1],environment.STRING)
                                 }) (ALT (* (BLOCK (ALT AMP))) STRING (* (BLOCK (ALT PUNTO TOSTR) (ALT PUNTO TOOWN))) {
              str := $STRING.text
              $st = expressions.NewPrimitive($AMP.line, $AMP.pos,str[1:len(str)-1],environment.STR)
          }))) (RULE listArray (returns interfaces.Expression p) (BLOCK (ALT (= list listArray) CORIZQ expression CORDER { $p = expressions.NewArrayAccess($list.start.GetLine(), $list.start.GetColumn(), $list.p, $expression.p) }) (ALT (= list listArray) PUNTO ID { $p = expressions.NewStructAccess($list.start.GetLine(), $list.start.GetColumn(), $list.p, $ID.text)  }) (ALT ID { $p = expressions.NewCallVar($ID.line, $ID.pos, $ID.text)}))) (RULE listStructExp (returns *arrayList.List l) (BLOCK (ALT (= list listStructExp) COMA ID D_PTS expression {
                                        StrExp := environment.NewStructContent($ID.text, $expression.p)
                                        $list.l.Add(StrExp);
                                        $l = $list.l;
                                    }) (ALT ID D_PTS expression {
                    StrExp := environment.NewStructContent($ID.text, $expression.p)
                    $l = arrayList.New();
                    $l.Add(StrExp);
                }))) (RULE expVectors (returns interfaces.Expression ev) (BLOCK (ALT ID PUNTO REMOVE PARIZQ expression PARDER { $ev = expressions.NewRemove($ID.line, $ID.pos, $ID.text, $expression.p) }) (ALT ID PUNTO CONTAINS PARIZQ AMP expression PARDER { $ev = expressions.NewContains($ID.line, $ID.pos, $ID.text, $expression.p) }) (ALT ID PUNTO LEN PARIZQ PARDER { $ev = expressions.NewLen($ID.line, $ID.pos, $ID.text) }) (ALT ID PUNTO CAPACITY PARIZQ PARDER { $ev = expressions.NewCapacity($ID.line, $ID.pos, $ID.text) })))))
2022-03-23 04:11:18:717 left-recursion LogManager.java:25 listParamsCall returns [*arrayList.List l]
    :   ( {} expression<tokenIndex=298> {
                 ByRef := environment.NewByReference($expression.p, false)
                 $l = arrayList.New()
                 $l.Add(ByRef)
              } 
        | AMP<tokenIndex=304> MUT<tokenIndex=306> expression<tokenIndex=308> {
                        ByRef := environment.NewByReference($expression.p, true)
                        $l = arrayList.New()
                        $l.Add(ByRef)
                     } 
        | {
          $l = arrayList.New()
       } 
        )
        (
          {p.Precpred(p.GetParserRuleContext(), 5)}?<p=5> COMA<tokenIndex=275> expression<tokenIndex=277>{
                                                   ByRef := environment.NewByReference($expression.p, false)
                                                   $list.l.Add(ByRef);
                                                   $l = $list.l;
                                                }
                  | {p.Precpred(p.GetParserRuleContext(), 4)}?<p=4> COMA<tokenIndex=286> AMP<tokenIndex=288> MUT<tokenIndex=290> expression<tokenIndex=292> {
                                                      ByRef := environment.NewByReference($expression.p, true)
                                                      $list.l.Add(ByRef);
                                                      $l = $list.l;
                                                   }
        )*
    ;
2022-03-23 04:11:18:725 grammar LogManager.java:25 added: (RULE listParamsCall (returns *arrayList.List l) (BLOCK (ALT (BLOCK (ALT {} (expression (ELEMENT_OPTIONS (= tokenIndex 298))) {
                 ByRef := environment.NewByReference($expression.p, false)
                 $l = arrayList.New()
                 $l.Add(ByRef)
              }) (ALT (AMP (ELEMENT_OPTIONS (= tokenIndex 304))) (MUT (ELEMENT_OPTIONS (= tokenIndex 306))) (expression (ELEMENT_OPTIONS (= tokenIndex 308))) {
                        ByRef := environment.NewByReference($expression.p, true)
                        $l = arrayList.New()
                        $l.Add(ByRef)
                     }) (ALT {
          $l = arrayList.New()
       })) (* (BLOCK (ALT ({p.Precpred(p.GetParserRuleContext(), 5)}? (ELEMENT_OPTIONS (= p 5))) (COMA (ELEMENT_OPTIONS (= tokenIndex 275))) (expression (ELEMENT_OPTIONS (= tokenIndex 277))) {
                                                   ByRef := environment.NewByReference($expression.p, false)
                                                   $list.l.Add(ByRef);
                                                   $l = $list.l;
                                                }) (ALT ({p.Precpred(p.GetParserRuleContext(), 4)}? (ELEMENT_OPTIONS (= p 4))) (COMA (ELEMENT_OPTIONS (= tokenIndex 286))) (AMP (ELEMENT_OPTIONS (= tokenIndex 288))) (MUT (ELEMENT_OPTIONS (= tokenIndex 290))) (expression (ELEMENT_OPTIONS (= tokenIndex 292))) {
                                                      ByRef := environment.NewByReference($expression.p, true)
                                                      $list.l.Add(ByRef);
                                                      $l = $list.l;
                                                   }))))))
2022-03-23 04:11:18:809 left-recursion LogManager.java:25 block returns [*arrayList.List blk]
    :   ( {} instruction<tokenIndex=562> { $blk.Add($instruction.inst) } 
        | expression<tokenIndex=568> { $blk.Add($expression.p) } 
        )
        (
          {p.Precpred(p.GetParserRuleContext(), 4)}?<p=4> instruction<tokenIndex=546> {
                                      $bloque.blk.Add($instruction.inst)
                                      $blk = $bloque.blk
                                      }
                  | {p.Precpred(p.GetParserRuleContext(), 3)}?<p=3> expression<tokenIndex=556> {
                                      $bloque.blk.Add($expression.p)
                                      $blk = $bloque.blk
                                     }
        )*
    ;
2022-03-23 04:11:18:810 grammar LogManager.java:25 added: (RULE block (returns *arrayList.List blk) (BLOCK (ALT (BLOCK (ALT {} (instruction (ELEMENT_OPTIONS (= tokenIndex 562))) { $blk.Add($instruction.inst) }) (ALT (expression (ELEMENT_OPTIONS (= tokenIndex 568))) { $blk.Add($expression.p) })) (* (BLOCK (ALT ({p.Precpred(p.GetParserRuleContext(), 4)}? (ELEMENT_OPTIONS (= p 4))) (instruction (ELEMENT_OPTIONS (= tokenIndex 546))) {
                                      $bloque.blk.Add($instruction.inst)
                                      $blk = $bloque.blk
                                      }) (ALT ({p.Precpred(p.GetParserRuleContext(), 3)}? (ELEMENT_OPTIONS (= p 3))) (expression (ELEMENT_OPTIONS (= tokenIndex 556))) {
                                      $bloque.blk.Add($expression.p)
                                      $blk = $bloque.blk
                                     }))))))
2022-03-23 04:11:18:863 left-recursion LogManager.java:25 listMatch returns [*arrayList.List ma]
    :   ( {} expression<tokenIndex=655> {
                 $ma = arrayList.New()
                 $ma.Add($expression.p)
              } 
        )
        (
          {p.Precpred(p.GetParserRuleContext(), 2)}?<p=2> PLEC<tokenIndex=647> expression<tokenIndex=649> {
                                          $lma.ma.Add($expression.p)
                                          $ma = $lma.ma
                                       }
        )*
    ;
2022-03-23 04:11:18:865 grammar LogManager.java:25 added: (RULE listMatch (returns *arrayList.List ma) (BLOCK (ALT (BLOCK (ALT {} (expression (ELEMENT_OPTIONS (= tokenIndex 655))) {
                 $ma = arrayList.New()
                 $ma.Add($expression.p)
              })) (* (BLOCK (ALT ({p.Precpred(p.GetParserRuleContext(), 2)}? (ELEMENT_OPTIONS (= p 2))) (PLEC (ELEMENT_OPTIONS (= tokenIndex 647))) (expression (ELEMENT_OPTIONS (= tokenIndex 649))) {
                                          $lma.ma.Add($expression.p)
                                          $ma = $lma.ma
                                       }))))))
2022-03-23 04:11:18:911 left-recursion LogManager.java:25 listStructDec returns [*arrayList.List l]
    :   ( {} id1=ID<tokenIndex=1275> D_PTS<tokenIndex=1277> types<tokenIndex=1279>{
                    StrDef := environment.NewStructType($id1.text, $types.ty, "")
                    $l = arrayList.New();
                    $l.Add(StrDef);
                } 
        | id1=ID<tokenIndex=1286> D_PTS<tokenIndex=1288> id2=ID<tokenIndex=1292> {
                      StrDef := environment.NewStructType($id1.text, environment.WILDCARD, $id2.text)
                      $l = arrayList.New();
                      $l.Add(StrDef);
                  } 
        )
        (
          {p.Precpred(p.GetParserRuleContext(), 4)}?<p=4> COMA<tokenIndex=1239> id1=ID<tokenIndex=1243> D_PTS<tokenIndex=1245> types<tokenIndex=1247> {
                                                  StrDef := environment.NewStructType($id1.text, $types.ty, "")
                                                  $list.l.Add(StrDef);
                                                  $l = $list.l;
                                              }
                  | {p.Precpred(p.GetParserRuleContext(), 3)}?<p=3> COMA<tokenIndex=1257> id1=ID<tokenIndex=1261> D_PTS<tokenIndex=1263> id2=ID<tokenIndex=1267> {
                                                    StrDef := environment.NewStructType($id1.text,environment.WILDCARD, $id2.text)
                                                    $list.l.Add(StrDef);
                                                    $l = $list.l;
                                                }
        )*
    ;
2022-03-23 04:11:18:914 grammar LogManager.java:25 added: (RULE listStructDec (returns *arrayList.List l) (BLOCK (ALT (BLOCK (ALT {} (= id1 (ID (ELEMENT_OPTIONS (= tokenIndex 1275)))) (D_PTS (ELEMENT_OPTIONS (= tokenIndex 1277))) (types (ELEMENT_OPTIONS (= tokenIndex 1279))) {
                    StrDef := environment.NewStructType($id1.text, $types.ty, "")
                    $l = arrayList.New();
                    $l.Add(StrDef);
                }) (ALT (= id1 (ID (ELEMENT_OPTIONS (= tokenIndex 1286)))) (D_PTS (ELEMENT_OPTIONS (= tokenIndex 1288))) (= id2 (ID (ELEMENT_OPTIONS (= tokenIndex 1292)))) {
                      StrDef := environment.NewStructType($id1.text, environment.WILDCARD, $id2.text)
                      $l = arrayList.New();
                      $l.Add(StrDef);
                  })) (* (BLOCK (ALT ({p.Precpred(p.GetParserRuleContext(), 4)}? (ELEMENT_OPTIONS (= p 4))) (COMA (ELEMENT_OPTIONS (= tokenIndex 1239))) (= id1 (ID (ELEMENT_OPTIONS (= tokenIndex 1243)))) (D_PTS (ELEMENT_OPTIONS (= tokenIndex 1245))) (types (ELEMENT_OPTIONS (= tokenIndex 1247))) {
                                                  StrDef := environment.NewStructType($id1.text, $types.ty, "")
                                                  $list.l.Add(StrDef);
                                                  $l = $list.l;
                                              }) (ALT ({p.Precpred(p.GetParserRuleContext(), 3)}? (ELEMENT_OPTIONS (= p 3))) (COMA (ELEMENT_OPTIONS (= tokenIndex 1257))) (= id1 (ID (ELEMENT_OPTIONS (= tokenIndex 1261)))) (D_PTS (ELEMENT_OPTIONS (= tokenIndex 1263))) (= id2 (ID (ELEMENT_OPTIONS (= tokenIndex 1267)))) {
                                                    StrDef := environment.NewStructType($id1.text,environment.WILDCARD, $id2.text)
                                                    $list.l.Add(StrDef);
                                                    $l = $list.l;
                                                }))))))
2022-03-23 04:11:18:942 left-recursion LogManager.java:25 listAccessStruct returns [*arrayList.List l]
    :   ( {} ID<tokenIndex=1357> {
    $l = arrayList.New()
    $l.Add($ID.text)
} 
        )
        (
          {p.Precpred(p.GetParserRuleContext(), 2)}?<p=2> PUNTO<tokenIndex=1349> ID<tokenIndex=1351> {
                                             $list.l.Add($ID.text)
                                             $l = $list.l
                                            }
        )*
    ;
2022-03-23 04:11:18:944 grammar LogManager.java:25 added: (RULE listAccessStruct (returns *arrayList.List l) (BLOCK (ALT (BLOCK (ALT {} (ID (ELEMENT_OPTIONS (= tokenIndex 1357))) {
    $l = arrayList.New()
    $l.Add($ID.text)
})) (* (BLOCK (ALT ({p.Precpred(p.GetParserRuleContext(), 2)}? (ELEMENT_OPTIONS (= p 2))) (PUNTO (ELEMENT_OPTIONS (= tokenIndex 1349))) (ID (ELEMENT_OPTIONS (= tokenIndex 1351))) {
                                             $list.l.Add($ID.text)
                                             $l = $list.l
                                            }))))))
2022-03-23 04:11:18:982 left-recursion LogManager.java:25 listAccessArray returns [*arrayList.List l]
    :   ( {} CORIZQ<tokenIndex=1383> expression<tokenIndex=1385> CORDER<tokenIndex=1387>{
                              $l = arrayList.New()
                              $l.Add($expression.p)
                          } 
        )
        (
          {p.Precpred(p.GetParserRuleContext(), 2)}?<p=2> CORIZQ<tokenIndex=1374> expression<tokenIndex=1376> CORDER<tokenIndex=1378>{
                                                            $list.l.Add($expression.p)
                                                            $l = $list.l
                                                           }
        )*
    ;
2022-03-23 04:11:18:983 grammar LogManager.java:25 added: (RULE listAccessArray (returns *arrayList.List l) (BLOCK (ALT (BLOCK (ALT {} (CORIZQ (ELEMENT_OPTIONS (= tokenIndex 1383))) (expression (ELEMENT_OPTIONS (= tokenIndex 1385))) (CORDER (ELEMENT_OPTIONS (= tokenIndex 1387))) {
                              $l = arrayList.New()
                              $l.Add($expression.p)
                          })) (* (BLOCK (ALT ({p.Precpred(p.GetParserRuleContext(), 2)}? (ELEMENT_OPTIONS (= p 2))) (CORIZQ (ELEMENT_OPTIONS (= tokenIndex 1374))) (expression (ELEMENT_OPTIONS (= tokenIndex 1376))) (CORDER (ELEMENT_OPTIONS (= tokenIndex 1378))) {
                                                            $list.l.Add($expression.p)
                                                            $l = $list.l
                                                           }))))))
2022-03-23 04:11:19:012 left-recursion LogManager.java:25 listParamsFunc returns [*arrayList.List lpf]
    :   ( {} ID<tokenIndex=1537> D_PTS<tokenIndex=1539> types<tokenIndex=1541>{
                $lpf = arrayList.New()
                newParam := instructions.NewParamsDeclaration($ID.line, $ID.pos, $ID.text, $types.ty)
                $lpf.Add(newParam)
             } 
        | ID<tokenIndex=1546> D_PTS<tokenIndex=1548> AMP<tokenIndex=1550> MUT<tokenIndex=1552> arrayType<tokenIndex=1554> {
                 $lpf = arrayList.New()
                 newParam := instructions.NewParamsDeclaration($ID.line, $ID.pos, $ID.text, environment.ARRAY)
                 $lpf.Add(newParam)
              } 
        | ID<tokenIndex=1560> D_PTS<tokenIndex=1562> arrayType<tokenIndex=1564> {
                 $lpf = arrayList.New()
                 newParam := instructions.NewParamsDeclaration($ID.line, $ID.pos, $ID.text, environment.ARRAY)
                 $lpf.Add(newParam)
              } 
        | { $lpf = arrayList.New() } 
        )
        (
          {p.Precpred(p.GetParserRuleContext(), 7)}?<p=7> COMA<tokenIndex=1489> ID<tokenIndex=1491> D_PTS<tokenIndex=1493> types<tokenIndex=1495> {
                             newParam := instructions.NewParamsDeclaration($ID.line, $ID.pos, $ID.text, $types.ty)
                             $list.lpf.Add(newParam)
                             $lpf = $list.lpf
                              }
                  | {p.Precpred(p.GetParserRuleContext(), 6)}?<p=6> COMA<tokenIndex=1505> ID<tokenIndex=1507> D_PTS<tokenIndex=1509> AMP<tokenIndex=1511> MUT<tokenIndex=1513> arrayType<tokenIndex=1515> {
                       newParam := instructions.NewParamsDeclaration($ID.line, $ID.pos, $ID.text, environment.ARRAY)
                       $list.lpf.Add(newParam)
                       $lpf = $list.lpf
                        }
                  | {p.Precpred(p.GetParserRuleContext(), 5)}?<p=5> COMA<tokenIndex=1525> ID<tokenIndex=1527> D_PTS<tokenIndex=1529> arrayType<tokenIndex=1531> {
                       newParam := instructions.NewParamsDeclaration($ID.line, $ID.pos, $ID.text, environment.ARRAY)
                       $list.lpf.Add(newParam)
                       $lpf = $list.lpf
                        }
        )*
    ;
2022-03-23 04:11:19:015 grammar LogManager.java:25 added: (RULE listParamsFunc (returns *arrayList.List lpf) (BLOCK (ALT (BLOCK (ALT {} (ID (ELEMENT_OPTIONS (= tokenIndex 1537))) (D_PTS (ELEMENT_OPTIONS (= tokenIndex 1539))) (types (ELEMENT_OPTIONS (= tokenIndex 1541))) {
                $lpf = arrayList.New()
                newParam := instructions.NewParamsDeclaration($ID.line, $ID.pos, $ID.text, $types.ty)
                $lpf.Add(newParam)
             }) (ALT (ID (ELEMENT_OPTIONS (= tokenIndex 1546))) (D_PTS (ELEMENT_OPTIONS (= tokenIndex 1548))) (AMP (ELEMENT_OPTIONS (= tokenIndex 1550))) (MUT (ELEMENT_OPTIONS (= tokenIndex 1552))) (arrayType (ELEMENT_OPTIONS (= tokenIndex 1554))) {
                 $lpf = arrayList.New()
                 newParam := instructions.NewParamsDeclaration($ID.line, $ID.pos, $ID.text, environment.ARRAY)
                 $lpf.Add(newParam)
              }) (ALT (ID (ELEMENT_OPTIONS (= tokenIndex 1560))) (D_PTS (ELEMENT_OPTIONS (= tokenIndex 1562))) (arrayType (ELEMENT_OPTIONS (= tokenIndex 1564))) {
                 $lpf = arrayList.New()
                 newParam := instructions.NewParamsDeclaration($ID.line, $ID.pos, $ID.text, environment.ARRAY)
                 $lpf.Add(newParam)
              }) (ALT { $lpf = arrayList.New() })) (* (BLOCK (ALT ({p.Precpred(p.GetParserRuleContext(), 7)}? (ELEMENT_OPTIONS (= p 7))) (COMA (ELEMENT_OPTIONS (= tokenIndex 1489))) (ID (ELEMENT_OPTIONS (= tokenIndex 1491))) (D_PTS (ELEMENT_OPTIONS (= tokenIndex 1493))) (types (ELEMENT_OPTIONS (= tokenIndex 1495))) {
                             newParam := instructions.NewParamsDeclaration($ID.line, $ID.pos, $ID.text, $types.ty)
                             $list.lpf.Add(newParam)
                             $lpf = $list.lpf
                              }) (ALT ({p.Precpred(p.GetParserRuleContext(), 6)}? (ELEMENT_OPTIONS (= p 6))) (COMA (ELEMENT_OPTIONS (= tokenIndex 1505))) (ID (ELEMENT_OPTIONS (= tokenIndex 1507))) (D_PTS (ELEMENT_OPTIONS (= tokenIndex 1509))) (AMP (ELEMENT_OPTIONS (= tokenIndex 1511))) (MUT (ELEMENT_OPTIONS (= tokenIndex 1513))) (arrayType (ELEMENT_OPTIONS (= tokenIndex 1515))) {
                       newParam := instructions.NewParamsDeclaration($ID.line, $ID.pos, $ID.text, environment.ARRAY)
                       $list.lpf.Add(newParam)
                       $lpf = $list.lpf
                        }) (ALT ({p.Precpred(p.GetParserRuleContext(), 5)}? (ELEMENT_OPTIONS (= p 5))) (COMA (ELEMENT_OPTIONS (= tokenIndex 1525))) (ID (ELEMENT_OPTIONS (= tokenIndex 1527))) (D_PTS (ELEMENT_OPTIONS (= tokenIndex 1529))) (arrayType (ELEMENT_OPTIONS (= tokenIndex 1531))) {
                       newParam := instructions.NewParamsDeclaration($ID.line, $ID.pos, $ID.text, environment.ARRAY)
                       $list.lpf.Add(newParam)
                       $lpf = $list.lpf
                        }))))))
2022-03-23 04:11:19:043 left-recursion LogManager.java:25 listParams returns [*arrayList.List l]
    :   ( {} expression<tokenIndex=1682> {
                $l = arrayList.New()
                $l.Add($expression.p)
             } 
        )
        (
          {p.Precpred(p.GetParserRuleContext(), 2)}?<p=2> COMA<tokenIndex=1674> expression<tokenIndex=1676>   {
                                                  $list.l.Add($expression.p)
                                                  $l = $list.l
                                               }
        )*
    ;
2022-03-23 04:11:19:045 grammar LogManager.java:25 added: (RULE listParams (returns *arrayList.List l) (BLOCK (ALT (BLOCK (ALT {} (expression (ELEMENT_OPTIONS (= tokenIndex 1682))) {
                $l = arrayList.New()
                $l.Add($expression.p)
             })) (* (BLOCK (ALT ({p.Precpred(p.GetParserRuleContext(), 2)}? (ELEMENT_OPTIONS (= p 2))) (COMA (ELEMENT_OPTIONS (= tokenIndex 1674))) (expression (ELEMENT_OPTIONS (= tokenIndex 1676))) {
                                                  $list.l.Add($expression.p)
                                                  $l = $list.l
                                               }))))))
2022-03-23 04:11:19:073 left-recursion LogManager.java:25 expression returns [interfaces.Expression p]
    :   ( {} expr_arit<tokenIndex=1717> { $p = $expr_arit.p } 
        )
        (
          {p.Precpred(p.GetParserRuleContext(), 1)}?<p=1> PUNTO<tokenIndex=1727> PUNTO<tokenIndex=1729> expdos=expression<tokenIndex=1733,p=2> { $p = expressions.NewRange($expuno.start.GetLine(),$expuno.start.GetColumn(), $expuno.p, $expdos.p) }
        )*
    ;
2022-03-23 04:11:19:075 grammar LogManager.java:25 added: (RULE expression (returns interfaces.Expression p) (BLOCK (ALT (BLOCK (ALT {} (expr_arit (ELEMENT_OPTIONS (= tokenIndex 1717))) { $p = $expr_arit.p })) (* (BLOCK (ALT ({p.Precpred(p.GetParserRuleContext(), 1)}? (ELEMENT_OPTIONS (= p 1))) (PUNTO (ELEMENT_OPTIONS (= tokenIndex 1727))) (PUNTO (ELEMENT_OPTIONS (= tokenIndex 1729))) (= expdos (expression (ELEMENT_OPTIONS (= tokenIndex 1733) (= p 2)))) { $p = expressions.NewRange($expuno.start.GetLine(),$expuno.start.GetColumn(), $expuno.p, $expdos.p) }))))))
2022-03-23 04:11:19:097 left-recursion LogManager.java:25 expr_arit returns [interfaces.Expression p]
    :   ( {} SUB<tokenIndex=1849> opDe=expr_arit<tokenIndex=1853,p=13> {$p = expressions.NewOperation($SUB.line,$SUB.pos,$opDe.p,"MENOS_UNARIO",nil)} 
        | NOT<tokenIndex=1859> opDe=expr_arit<tokenIndex=1863,p=12> {$p = expressions.NewOperation($NOT.line,$NOT.pos,$opDe.p,$NOT.text,nil)} 
        | CORIZQ<tokenIndex=1869> listParams<tokenIndex=1871> CORDER<tokenIndex=1873> { $p = expressions.NewArray($CORIZQ.line, $CORIZQ.pos, $listParams.l) } 
        | VECTOR1<tokenIndex=1879> NOT<tokenIndex=1881> CORIZQ<tokenIndex=1883> listParams<tokenIndex=1885> CORDER<tokenIndex=1887> { $p = expressions.NewVector($VECTOR1.line, $VECTOR1.pos, $listParams.l) } 
        | VECTOR1<tokenIndex=1893> NOT<tokenIndex=1895> CORIZQ<tokenIndex=1897> listVec<tokenIndex=1899> CORDER<tokenIndex=1901> { $p = $listVec.lv } 
        | PARIZQ<tokenIndex=1907> expression<tokenIndex=1909> PARDER<tokenIndex=1911> { $p = $expression.p } 
        | ID<tokenIndex=1917> LLAVEIZQ<tokenIndex=1919> listStructExp<tokenIndex=1921> LLAVEDER<tokenIndex=1923> { $p = expressions.NewStructExp($ID.line, $ID.pos, $ID.text, $listStructExp.l ) } 
        | callFunction<tokenIndex=1929> { $p = $callFunction.cf } 
        | primitive<tokenIndex=1935> { $p = $primitive.p } 
        | condIf<tokenIndex=1941> { $p = $condIf.ifCond } 
        | condMatch<tokenIndex=1947> { $p = $condMatch.mtch } 
        | loopBucle<tokenIndex=1953> { $p = $loopBucle.lb } 
        | expVectors<tokenIndex=1959> { $p = $expVectors.ev } 
        )
        (
          {p.Precpred(p.GetParserRuleContext(), 16)}?<p=16> op=(MUL<tokenIndex=1786>|DIV<tokenIndex=1788>|MOD<tokenIndex=1790>) opDe=expr_arit<tokenIndex=1795,p=17> {$p = expressions.NewOperation($opIz.start.GetLine(),$opIz.start.GetColumn(),$opIz.p,$op.text,$opDe.p)}
                  | {p.Precpred(p.GetParserRuleContext(), 15)}?<p=15> op=(ADD<tokenIndex=1808>|SUB<tokenIndex=1810>) opDe=expr_arit<tokenIndex=1815,p=16> {$p = expressions.NewOperation($opIz.start.GetLine(),$opIz.start.GetColumn(),$opIz.p,$op.text,$opDe.p)}
                  | {p.Precpred(p.GetParserRuleContext(), 14)}?<p=14> op=(MENOR<tokenIndex=1828>|MENORIGUAL<tokenIndex=1830>|MAYORIGUAL<tokenIndex=1832>|MAYOR<tokenIndex=1834>|IG_IG<tokenIndex=1836>|DIFERENTE<tokenIndex=1838>) opDe=expr_arit<tokenIndex=1843,p=15> {$p = expressions.NewOperation($opIz.start.GetLine(),$opIz.start.GetColumn(),$opIz.p,$op.text,$opDe.p)}
        )*
    ;
2022-03-23 04:11:19:102 grammar LogManager.java:25 added: (RULE expr_arit (returns interfaces.Expression p) (BLOCK (ALT (BLOCK (ALT {} (SUB (ELEMENT_OPTIONS (= tokenIndex 1849))) (= opDe (expr_arit (ELEMENT_OPTIONS (= tokenIndex 1853) (= p 13)))) {$p = expressions.NewOperation($SUB.line,$SUB.pos,$opDe.p,"MENOS_UNARIO",nil)}) (ALT (NOT (ELEMENT_OPTIONS (= tokenIndex 1859))) (= opDe (expr_arit (ELEMENT_OPTIONS (= tokenIndex 1863) (= p 12)))) {$p = expressions.NewOperation($NOT.line,$NOT.pos,$opDe.p,$NOT.text,nil)}) (ALT (CORIZQ (ELEMENT_OPTIONS (= tokenIndex 1869))) (listParams (ELEMENT_OPTIONS (= tokenIndex 1871))) (CORDER (ELEMENT_OPTIONS (= tokenIndex 1873))) { $p = expressions.NewArray($CORIZQ.line, $CORIZQ.pos, $listParams.l) }) (ALT (VECTOR1 (ELEMENT_OPTIONS (= tokenIndex 1879))) (NOT (ELEMENT_OPTIONS (= tokenIndex 1881))) (CORIZQ (ELEMENT_OPTIONS (= tokenIndex 1883))) (listParams (ELEMENT_OPTIONS (= tokenIndex 1885))) (CORDER (ELEMENT_OPTIONS (= tokenIndex 1887))) { $p = expressions.NewVector($VECTOR1.line, $VECTOR1.pos, $listParams.l) }) (ALT (VECTOR1 (ELEMENT_OPTIONS (= tokenIndex 1893))) (NOT (ELEMENT_OPTIONS (= tokenIndex 1895))) (CORIZQ (ELEMENT_OPTIONS (= tokenIndex 1897))) (listVec (ELEMENT_OPTIONS (= tokenIndex 1899))) (CORDER (ELEMENT_OPTIONS (= tokenIndex 1901))) { $p = $listVec.lv }) (ALT (PARIZQ (ELEMENT_OPTIONS (= tokenIndex 1907))) (expression (ELEMENT_OPTIONS (= tokenIndex 1909))) (PARDER (ELEMENT_OPTIONS (= tokenIndex 1911))) { $p = $expression.p }) (ALT (ID (ELEMENT_OPTIONS (= tokenIndex 1917))) (LLAVEIZQ (ELEMENT_OPTIONS (= tokenIndex 1919))) (listStructExp (ELEMENT_OPTIONS (= tokenIndex 1921))) (LLAVEDER (ELEMENT_OPTIONS (= tokenIndex 1923))) { $p = expressions.NewStructExp($ID.line, $ID.pos, $ID.text, $listStructExp.l ) }) (ALT (callFunction (ELEMENT_OPTIONS (= tokenIndex 1929))) { $p = $callFunction.cf }) (ALT (primitive (ELEMENT_OPTIONS (= tokenIndex 1935))) { $p = $primitive.p }) (ALT (condIf (ELEMENT_OPTIONS (= tokenIndex 1941))) { $p = $condIf.ifCond }) (ALT (condMatch (ELEMENT_OPTIONS (= tokenIndex 1947))) { $p = $condMatch.mtch }) (ALT (loopBucle (ELEMENT_OPTIONS (= tokenIndex 1953))) { $p = $loopBucle.lb }) (ALT (expVectors (ELEMENT_OPTIONS (= tokenIndex 1959))) { $p = $expVectors.ev })) (* (BLOCK (ALT ({p.Precpred(p.GetParserRuleContext(), 16)}? (ELEMENT_OPTIONS (= p 16))) (= op (SET (MUL (ELEMENT_OPTIONS (= tokenIndex 1786))) (DIV (ELEMENT_OPTIONS (= tokenIndex 1788))) (MOD (ELEMENT_OPTIONS (= tokenIndex 1790))))) (= opDe (expr_arit (ELEMENT_OPTIONS (= tokenIndex 1795) (= p 17)))) {$p = expressions.NewOperation($opIz.start.GetLine(),$opIz.start.GetColumn(),$opIz.p,$op.text,$opDe.p)}) (ALT ({p.Precpred(p.GetParserRuleContext(), 15)}? (ELEMENT_OPTIONS (= p 15))) (= op (SET (ADD (ELEMENT_OPTIONS (= tokenIndex 1808))) (SUB (ELEMENT_OPTIONS (= tokenIndex 1810))))) (= opDe (expr_arit (ELEMENT_OPTIONS (= tokenIndex 1815) (= p 16)))) {$p = expressions.NewOperation($opIz.start.GetLine(),$opIz.start.GetColumn(),$opIz.p,$op.text,$opDe.p)}) (ALT ({p.Precpred(p.GetParserRuleContext(), 14)}? (ELEMENT_OPTIONS (= p 14))) (= op (SET (MENOR (ELEMENT_OPTIONS (= tokenIndex 1828))) (MENORIGUAL (ELEMENT_OPTIONS (= tokenIndex 1830))) (MAYORIGUAL (ELEMENT_OPTIONS (= tokenIndex 1832))) (MAYOR (ELEMENT_OPTIONS (= tokenIndex 1834))) (IG_IG (ELEMENT_OPTIONS (= tokenIndex 1836))) (DIFERENTE (ELEMENT_OPTIONS (= tokenIndex 1838))))) (= opDe (expr_arit (ELEMENT_OPTIONS (= tokenIndex 1843) (= p 15)))) {$p = expressions.NewOperation($opIz.start.GetLine(),$opIz.start.GetColumn(),$opIz.p,$op.text,$opDe.p)}))))))
2022-03-23 04:11:19:119 left-recursion LogManager.java:25 listArray returns [interfaces.Expression p]
    :   ( {} ID<tokenIndex=2089> { $p = expressions.NewCallVar($ID.line, $ID.pos, $ID.text)} 
        )
        (
          {p.Precpred(p.GetParserRuleContext(), 3)}?<p=3> CORIZQ<tokenIndex=2065> expression<tokenIndex=2067> CORDER<tokenIndex=2069> { $p = expressions.NewArrayAccess($list.start.GetLine(), $list.start.GetColumn(), $list.p, $expression.p) }
                  | {p.Precpred(p.GetParserRuleContext(), 2)}?<p=2> PUNTO<tokenIndex=2081> ID<tokenIndex=2083> { $p = expressions.NewStructAccess($list.start.GetLine(), $list.start.GetColumn(), $list.p, $ID.text)  }
        )*
    ;
2022-03-23 04:11:19:120 grammar LogManager.java:25 added: (RULE listArray (returns interfaces.Expression p) (BLOCK (ALT (BLOCK (ALT {} (ID (ELEMENT_OPTIONS (= tokenIndex 2089))) { $p = expressions.NewCallVar($ID.line, $ID.pos, $ID.text)})) (* (BLOCK (ALT ({p.Precpred(p.GetParserRuleContext(), 3)}? (ELEMENT_OPTIONS (= p 3))) (CORIZQ (ELEMENT_OPTIONS (= tokenIndex 2065))) (expression (ELEMENT_OPTIONS (= tokenIndex 2067))) (CORDER (ELEMENT_OPTIONS (= tokenIndex 2069))) { $p = expressions.NewArrayAccess($list.start.GetLine(), $list.start.GetColumn(), $list.p, $expression.p) }) (ALT ({p.Precpred(p.GetParserRuleContext(), 2)}? (ELEMENT_OPTIONS (= p 2))) (PUNTO (ELEMENT_OPTIONS (= tokenIndex 2081))) (ID (ELEMENT_OPTIONS (= tokenIndex 2083))) { $p = expressions.NewStructAccess($list.start.GetLine(), $list.start.GetColumn(), $list.p, $ID.text)  }))))))
2022-03-23 04:11:19:136 left-recursion LogManager.java:25 listStructExp returns [*arrayList.List l]
    :   ( {} ID<tokenIndex=2118> D_PTS<tokenIndex=2120> expression<tokenIndex=2122>{
                    StrExp := environment.NewStructContent($ID.text, $expression.p)
                    $l = arrayList.New();
                    $l.Add(StrExp);
                } 
        )
        (
          {p.Precpred(p.GetParserRuleContext(), 2)}?<p=2> COMA<tokenIndex=2106> ID<tokenIndex=2108> D_PTS<tokenIndex=2110> expression<tokenIndex=2112> {
                                                  StrExp := environment.NewStructContent($ID.text, $expression.p)
                                                  $list.l.Add(StrExp);
                                                  $l = $list.l;
                                              }
        )*
    ;
2022-03-23 04:11:19:137 grammar LogManager.java:25 added: (RULE listStructExp (returns *arrayList.List l) (BLOCK (ALT (BLOCK (ALT {} (ID (ELEMENT_OPTIONS (= tokenIndex 2118))) (D_PTS (ELEMENT_OPTIONS (= tokenIndex 2120))) (expression (ELEMENT_OPTIONS (= tokenIndex 2122))) {
                    StrExp := environment.NewStructContent($ID.text, $expression.p)
                    $l = arrayList.New();
                    $l.Add(StrExp);
                })) (* (BLOCK (ALT ({p.Precpred(p.GetParserRuleContext(), 2)}? (ELEMENT_OPTIONS (= p 2))) (COMA (ELEMENT_OPTIONS (= tokenIndex 2106))) (ID (ELEMENT_OPTIONS (= tokenIndex 2108))) (D_PTS (ELEMENT_OPTIONS (= tokenIndex 2110))) (expression (ELEMENT_OPTIONS (= tokenIndex 2112))) {
                                                  StrExp := environment.NewStructContent($ID.text, $expression.p)
                                                  $list.l.Add(StrExp);
                                                  $l = $list.l;
                                              }))))))
2022-03-23 04:11:19:161 grammar LogManager.java:25 import INT=1
2022-03-23 04:11:19:161 grammar LogManager.java:25 import FLOAT=2
2022-03-23 04:11:19:161 grammar LogManager.java:25 import BOOL=3
2022-03-23 04:11:19:161 grammar LogManager.java:25 import CHAR=4
2022-03-23 04:11:19:161 grammar LogManager.java:25 import STR1=5
2022-03-23 04:11:19:161 grammar LogManager.java:25 import STR2=6
2022-03-23 04:11:19:161 grammar LogManager.java:25 import USIZE=7
2022-03-23 04:11:19:161 grammar LogManager.java:25 import VECTOR1=8
2022-03-23 04:11:19:161 grammar LogManager.java:25 import VECTOR2=9
2022-03-23 04:11:19:161 grammar LogManager.java:25 import STRUCT=10
2022-03-23 04:11:19:161 grammar LogManager.java:25 import TRU=11
2022-03-23 04:11:19:161 grammar LogManager.java:25 import FAL=12
2022-03-23 04:11:19:161 grammar LogManager.java:25 import POW=13
2022-03-23 04:11:19:161 grammar LogManager.java:25 import PRINT=14
2022-03-23 04:11:19:161 grammar LogManager.java:25 import LET=15
2022-03-23 04:11:19:161 grammar LogManager.java:25 import MUT=16
2022-03-23 04:11:19:161 grammar LogManager.java:25 import FUNC=17
2022-03-23 04:11:19:161 grammar LogManager.java:25 import ARROW1=18
2022-03-23 04:11:19:161 grammar LogManager.java:25 import ARROW2=19
2022-03-23 04:11:19:161 grammar LogManager.java:25 import ABS=20
2022-03-23 04:11:19:161 grammar LogManager.java:25 import SQRT=21
2022-03-23 04:11:19:161 grammar LogManager.java:25 import TOSTR=22
2022-03-23 04:11:19:161 grammar LogManager.java:25 import TOOWN=23
2022-03-23 04:11:19:161 grammar LogManager.java:25 import CLONE=24
2022-03-23 04:11:19:161 grammar LogManager.java:25 import NEW=25
2022-03-23 04:11:19:161 grammar LogManager.java:25 import LEN=26
2022-03-23 04:11:19:161 grammar LogManager.java:25 import PUSH=27
2022-03-23 04:11:19:161 grammar LogManager.java:25 import REMOVE=28
2022-03-23 04:11:19:161 grammar LogManager.java:25 import CONTAINS=29
2022-03-23 04:11:19:161 grammar LogManager.java:25 import INSERT=30
2022-03-23 04:11:19:161 grammar LogManager.java:25 import CAPACITY=31
2022-03-23 04:11:19:161 grammar LogManager.java:25 import WCAPACITY=32
2022-03-23 04:11:19:161 grammar LogManager.java:25 import MAIN=33
2022-03-23 04:11:19:162 grammar LogManager.java:25 import IF=34
2022-03-23 04:11:19:162 grammar LogManager.java:25 import ELSE=35
2022-03-23 04:11:19:162 grammar LogManager.java:25 import MATCH=36
2022-03-23 04:11:19:162 grammar LogManager.java:25 import LOOP=37
2022-03-23 04:11:19:162 grammar LogManager.java:25 import WHILE=38
2022-03-23 04:11:19:162 grammar LogManager.java:25 import FOR=39
2022-03-23 04:11:19:162 grammar LogManager.java:25 import IN=40
2022-03-23 04:11:19:162 grammar LogManager.java:25 import BREAK=41
2022-03-23 04:11:19:162 grammar LogManager.java:25 import CONTINUE=42
2022-03-23 04:11:19:162 grammar LogManager.java:25 import RETURN=43
2022-03-23 04:11:19:162 grammar LogManager.java:25 import MODULE=44
2022-03-23 04:11:19:162 grammar LogManager.java:25 import PUB=45
2022-03-23 04:11:19:162 grammar LogManager.java:25 import NUMBER=46
2022-03-23 04:11:19:162 grammar LogManager.java:25 import STRING=47
2022-03-23 04:11:19:162 grammar LogManager.java:25 import ID=48
2022-03-23 04:11:19:162 grammar LogManager.java:25 import CHARACTER=49
2022-03-23 04:11:19:162 grammar LogManager.java:25 import PUNTO=50
2022-03-23 04:11:19:162 grammar LogManager.java:25 import C_PTS=51
2022-03-23 04:11:19:162 grammar LogManager.java:25 import D_PTS=52
2022-03-23 04:11:19:162 grammar LogManager.java:25 import PYC=53
2022-03-23 04:11:19:162 grammar LogManager.java:25 import COMA=54
2022-03-23 04:11:19:162 grammar LogManager.java:25 import DIFERENTE=55
2022-03-23 04:11:19:162 grammar LogManager.java:25 import IG_IG=56
2022-03-23 04:11:19:162 grammar LogManager.java:25 import NOT=57
2022-03-23 04:11:19:162 grammar LogManager.java:25 import OR=58
2022-03-23 04:11:19:162 grammar LogManager.java:25 import PLEC=59
2022-03-23 04:11:19:162 grammar LogManager.java:25 import UNDERSCORE=60
2022-03-23 04:11:19:162 grammar LogManager.java:25 import AND=61
2022-03-23 04:11:19:162 grammar LogManager.java:25 import IGUAL=62
2022-03-23 04:11:19:162 grammar LogManager.java:25 import MAYORIGUAL=63
2022-03-23 04:11:19:162 grammar LogManager.java:25 import MENORIGUAL=64
2022-03-23 04:11:19:162 grammar LogManager.java:25 import MAYOR=65
2022-03-23 04:11:19:162 grammar LogManager.java:25 import MENOR=66
2022-03-23 04:11:19:162 grammar LogManager.java:25 import MUL=67
2022-03-23 04:11:19:162 grammar LogManager.java:25 import DIV=68
2022-03-23 04:11:19:162 grammar LogManager.java:25 import ADD=69
2022-03-23 04:11:19:162 grammar LogManager.java:25 import SUB=70
2022-03-23 04:11:19:162 grammar LogManager.java:25 import MOD=71
2022-03-23 04:11:19:162 grammar LogManager.java:25 import PARIZQ=72
2022-03-23 04:11:19:162 grammar LogManager.java:25 import PARDER=73
2022-03-23 04:11:19:162 grammar LogManager.java:25 import LLAVEIZQ=74
2022-03-23 04:11:19:162 grammar LogManager.java:25 import LLAVEDER=75
2022-03-23 04:11:19:162 grammar LogManager.java:25 import CORIZQ=76
2022-03-23 04:11:19:162 grammar LogManager.java:25 import CORDER=77
2022-03-23 04:11:19:162 grammar LogManager.java:25 import AMP=78
2022-03-23 04:11:19:162 grammar LogManager.java:25 import WHITESPACE=79
2022-03-23 04:11:19:162 grammar LogManager.java:25 import COMMENT=80
2022-03-23 04:11:19:162 grammar LogManager.java:25 import LINE_COMMENT=81
2022-03-23 04:11:19:162 grammar LogManager.java:25 import 'i64'=1
2022-03-23 04:11:19:162 grammar LogManager.java:25 import 'f64'=2
2022-03-23 04:11:19:162 grammar LogManager.java:25 import 'bool'=3
2022-03-23 04:11:19:162 grammar LogManager.java:25 import 'char'=4
2022-03-23 04:11:19:162 grammar LogManager.java:25 import 'String'=5
2022-03-23 04:11:19:162 grammar LogManager.java:25 import '&str'=6
2022-03-23 04:11:19:162 grammar LogManager.java:25 import 'usize'=7
2022-03-23 04:11:19:162 grammar LogManager.java:25 import 'vec'=8
2022-03-23 04:11:19:162 grammar LogManager.java:25 import 'Vec'=9
2022-03-23 04:11:19:162 grammar LogManager.java:25 import 'struct'=10
2022-03-23 04:11:19:162 grammar LogManager.java:25 import 'true'=11
2022-03-23 04:11:19:162 grammar LogManager.java:25 import 'false'=12
2022-03-23 04:11:19:162 grammar LogManager.java:25 import 'pow'=13
2022-03-23 04:11:19:162 grammar LogManager.java:25 import 'println!'=14
2022-03-23 04:11:19:163 grammar LogManager.java:25 import 'let'=15
2022-03-23 04:11:19:163 grammar LogManager.java:25 import 'mut'=16
2022-03-23 04:11:19:163 grammar LogManager.java:25 import 'fn'=17
2022-03-23 04:11:19:163 grammar LogManager.java:25 import '->'=18
2022-03-23 04:11:19:163 grammar LogManager.java:25 import '=>'=19
2022-03-23 04:11:19:163 grammar LogManager.java:25 import 'abs'=20
2022-03-23 04:11:19:163 grammar LogManager.java:25 import 'sqrt'=21
2022-03-23 04:11:19:163 grammar LogManager.java:25 import 'to_string()'=22
2022-03-23 04:11:19:163 grammar LogManager.java:25 import 'to_owned()'=23
2022-03-23 04:11:19:163 grammar LogManager.java:25 import 'clone'=24
2022-03-23 04:11:19:163 grammar LogManager.java:25 import 'new'=25
2022-03-23 04:11:19:163 grammar LogManager.java:25 import 'len'=26
2022-03-23 04:11:19:163 grammar LogManager.java:25 import 'push'=27
2022-03-23 04:11:19:163 grammar LogManager.java:25 import 'remove'=28
2022-03-23 04:11:19:163 grammar LogManager.java:25 import 'contains'=29
2022-03-23 04:11:19:163 grammar LogManager.java:25 import 'insert'=30
2022-03-23 04:11:19:163 grammar LogManager.java:25 import 'capacity'=31
2022-03-23 04:11:19:163 grammar LogManager.java:25 import 'with_capacity'=32
2022-03-23 04:11:19:163 grammar LogManager.java:25 import 'main'=33
2022-03-23 04:11:19:163 grammar LogManager.java:25 import 'if'=34
2022-03-23 04:11:19:163 grammar LogManager.java:25 import 'else'=35
2022-03-23 04:11:19:163 grammar LogManager.java:25 import 'match'=36
2022-03-23 04:11:19:163 grammar LogManager.java:25 import 'loop'=37
2022-03-23 04:11:19:163 grammar LogManager.java:25 import 'while'=38
2022-03-23 04:11:19:163 grammar LogManager.java:25 import 'for'=39
2022-03-23 04:11:19:163 grammar LogManager.java:25 import 'in'=40
2022-03-23 04:11:19:163 grammar LogManager.java:25 import 'break'=41
2022-03-23 04:11:19:163 grammar LogManager.java:25 import 'continue'=42
2022-03-23 04:11:19:163 grammar LogManager.java:25 import 'return'=43
2022-03-23 04:11:19:163 grammar LogManager.java:25 import 'mod'=44
2022-03-23 04:11:19:163 grammar LogManager.java:25 import 'pub'=45
2022-03-23 04:11:19:163 grammar LogManager.java:25 import '.'=50
2022-03-23 04:11:19:163 grammar LogManager.java:25 import '::'=51
2022-03-23 04:11:19:163 grammar LogManager.java:25 import ':'=52
2022-03-23 04:11:19:163 grammar LogManager.java:25 import ';'=53
2022-03-23 04:11:19:163 grammar LogManager.java:25 import ','=54
2022-03-23 04:11:19:163 grammar LogManager.java:25 import '!='=55
2022-03-23 04:11:19:163 grammar LogManager.java:25 import '=='=56
2022-03-23 04:11:19:163 grammar LogManager.java:25 import '!'=57
2022-03-23 04:11:19:163 grammar LogManager.java:25 import '||'=58
2022-03-23 04:11:19:163 grammar LogManager.java:25 import '|'=59
2022-03-23 04:11:19:163 grammar LogManager.java:25 import '_'=60
2022-03-23 04:11:19:163 grammar LogManager.java:25 import '&&'=61
2022-03-23 04:11:19:163 grammar LogManager.java:25 import '='=62
2022-03-23 04:11:19:163 grammar LogManager.java:25 import '>='=63
2022-03-23 04:11:19:163 grammar LogManager.java:25 import '<='=64
2022-03-23 04:11:19:163 grammar LogManager.java:25 import '>'=65
2022-03-23 04:11:19:163 grammar LogManager.java:25 import '<'=66
2022-03-23 04:11:19:163 grammar LogManager.java:25 import '*'=67
2022-03-23 04:11:19:163 grammar LogManager.java:25 import '/'=68
2022-03-23 04:11:19:163 grammar LogManager.java:25 import '+'=69
2022-03-23 04:11:19:163 grammar LogManager.java:25 import '-'=70
2022-03-23 04:11:19:163 grammar LogManager.java:25 import '%'=71
2022-03-23 04:11:19:163 grammar LogManager.java:25 import '('=72
2022-03-23 04:11:19:163 grammar LogManager.java:25 import ')'=73
2022-03-23 04:11:19:163 grammar LogManager.java:25 import '{'=74
2022-03-23 04:11:19:163 grammar LogManager.java:25 import '}'=75
2022-03-23 04:11:19:163 grammar LogManager.java:25 import '['=76
2022-03-23 04:11:19:163 grammar LogManager.java:25 import ']'=77
2022-03-23 04:11:19:163 grammar LogManager.java:25 import '&'=78
2022-03-23 04:11:19:164 grammar LogManager.java:25 tokens={INT=1, FLOAT=2, BOOL=3, CHAR=4, STR1=5, STR2=6, USIZE=7, VECTOR1=8, VECTOR2=9, STRUCT=10, TRU=11, FAL=12, POW=13, PRINT=14, LET=15, MUT=16, FUNC=17, ARROW1=18, ARROW2=19, ABS=20, SQRT=21, TOSTR=22, TOOWN=23, CLONE=24, NEW=25, LEN=26, PUSH=27, REMOVE=28, CONTAINS=29, INSERT=30, CAPACITY=31, WCAPACITY=32, MAIN=33, IF=34, ELSE=35, MATCH=36, LOOP=37, WHILE=38, FOR=39, IN=40, BREAK=41, CONTINUE=42, RETURN=43, MODULE=44, PUB=45, NUMBER=46, STRING=47, ID=48, CHARACTER=49, PUNTO=50, C_PTS=51, D_PTS=52, PYC=53, COMA=54, DIFERENTE=55, IG_IG=56, NOT=57, OR=58, PLEC=59, UNDERSCORE=60, AND=61, IGUAL=62, MAYORIGUAL=63, MENORIGUAL=64, MAYOR=65, MENOR=66, MUL=67, DIV=68, ADD=69, SUB=70, MOD=71, PARIZQ=72, PARDER=73, LLAVEIZQ=74, LLAVEDER=75, CORIZQ=76, CORDER=77, AMP=78, WHITESPACE=79, COMMENT=80, LINE_COMMENT=81, 'i64'=1, 'f64'=2, 'bool'=3, 'char'=4, 'String'=5, '&str'=6, 'usize'=7, 'vec'=8, 'Vec'=9, 'struct'=10, 'true'=11, 'false'=12, 'pow'=13, 'println!'=14, 'let'=15, 'mut'=16, 'fn'=17, '->'=18, '=>'=19, 'abs'=20, 'sqrt'=21, 'to_string()'=22, 'to_owned()'=23, 'clone'=24, 'new'=25, 'len'=26, 'push'=27, 'remove'=28, 'contains'=29, 'insert'=30, 'capacity'=31, 'with_capacity'=32, 'main'=33, 'if'=34, 'else'=35, 'match'=36, 'loop'=37, 'while'=38, 'for'=39, 'in'=40, 'break'=41, 'continue'=42, 'return'=43, 'mod'=44, 'pub'=45, '.'=50, '::'=51, ':'=52, ';'=53, ','=54, '!='=55, '=='=56, '!'=57, '||'=58, '|'=59, '_'=60, '&&'=61, '='=62, '>='=63, '<='=64, '>'=65, '<'=66, '*'=67, '/'=68, '+'=69, '-'=70, '%'=71, '('=72, ')'=73, '{'=74, '}'=75, '['=76, ']'=77, '&'=78}
2022-03-23 04:11:19:164 semantics LogManager.java:25 tokens={EOF=-1, INT=1, FLOAT=2, BOOL=3, CHAR=4, STR1=5, STR2=6, USIZE=7, VECTOR1=8, VECTOR2=9, STRUCT=10, TRU=11, FAL=12, POW=13, PRINT=14, LET=15, MUT=16, FUNC=17, ARROW1=18, ARROW2=19, ABS=20, SQRT=21, TOSTR=22, TOOWN=23, CLONE=24, NEW=25, LEN=26, PUSH=27, REMOVE=28, CONTAINS=29, INSERT=30, CAPACITY=31, WCAPACITY=32, MAIN=33, IF=34, ELSE=35, MATCH=36, LOOP=37, WHILE=38, FOR=39, IN=40, BREAK=41, CONTINUE=42, RETURN=43, MODULE=44, PUB=45, NUMBER=46, STRING=47, ID=48, CHARACTER=49, PUNTO=50, C_PTS=51, D_PTS=52, PYC=53, COMA=54, DIFERENTE=55, IG_IG=56, NOT=57, OR=58, PLEC=59, UNDERSCORE=60, AND=61, IGUAL=62, MAYORIGUAL=63, MENORIGUAL=64, MAYOR=65, MENOR=66, MUL=67, DIV=68, ADD=69, SUB=70, MOD=71, PARIZQ=72, PARDER=73, LLAVEIZQ=74, LLAVEDER=75, CORIZQ=76, CORDER=77, AMP=78, WHITESPACE=79, COMMENT=80, LINE_COMMENT=81}
2022-03-23 04:11:19:164 semantics LogManager.java:25 strings={'i64'=1, 'f64'=2, 'bool'=3, 'char'=4, 'String'=5, '&str'=6, 'usize'=7, 'vec'=8, 'Vec'=9, 'struct'=10, 'true'=11, 'false'=12, 'pow'=13, 'println!'=14, 'let'=15, 'mut'=16, 'fn'=17, '->'=18, '=>'=19, 'abs'=20, 'sqrt'=21, 'to_string()'=22, 'to_owned()'=23, 'clone'=24, 'new'=25, 'len'=26, 'push'=27, 'remove'=28, 'contains'=29, 'insert'=30, 'capacity'=31, 'with_capacity'=32, 'main'=33, 'if'=34, 'else'=35, 'match'=36, 'loop'=37, 'while'=38, 'for'=39, 'in'=40, 'break'=41, 'continue'=42, 'return'=43, 'mod'=44, 'pub'=45, '.'=50, '::'=51, ':'=52, ';'=53, ','=54, '!='=55, '=='=56, '!'=57, '||'=58, '|'=59, '_'=60, '&&'=61, '='=62, '>='=63, '<='=64, '>'=65, '<'=66, '*'=67, '/'=68, '+'=69, '-'=70, '%'=71, '('=72, ')'=73, '{'=74, '}'=75, '['=76, ']'=77, '&'=78}
