2022-03-17 05:08:52:942 grammar LogManager.java:25 before: (PARSER_GRAMMAR Rust (OPTIONS (= tokenVocab RustLexer)) (@ header {
    import arrayList "github.com/colegno/arraylist"
    import "OLC2/interfaces"
    import "OLC2/expressions"
    import "OLC2/instructions"
    import "OLC2/environment"
    import "strings"
}) (RULES (RULE start (returns environment.Code code) (BLOCK (ALT (* (BLOCK (ALT (+= e global_env)))) main (* (BLOCK (ALT (+= e global_env)))) {
        global := arrayList.New()
        listInt := localctx.(*StartContext).GetE()
        for _, e := range listInt {
            global.Add(e.GetHi())
        }
        $code = environment.NewCode($main.mainInst, global)
    }))) (RULE global_env (returns string hi) (BLOCK (ALT declaration PYC {$hi = "declaration"}) (ALT function {$hi = "function"}) (ALT module {$hi = "module"}))) (RULE main (returns *arrayList.List mainInst) (BLOCK (ALT FUNC MAIN PARIZQ PARDER LLAVEIZQ instructions LLAVEDER { $mainInst = $instructions.insts }))) (RULE instructions (returns *arrayList.List insts) (@ init {
    $insts = arrayList.New()
  }) (BLOCK (ALT (+ (BLOCK (ALT (+= e instruction)))) {
        listInt := localctx.(*InstructionsContext).GetE()
        for _, e := range listInt {
            $insts.Add(e.GetInst())
        }
    }))) (RULE instruction (returns interfaces.Instruction inst) (BLOCK (ALT impression PYC { $inst = $impression.pr }) (ALT declaration PYC { $inst = $declaration.dec }) (ALT assignment PYC { $inst = $assignment.ass }) (ALT condIf { $inst = $condIf.ifCond }) (ALT condMatch { $inst = $condMatch.mtch }) (ALT loopWhile { $inst = $loopWhile.lw }) (ALT transBreak PYC { $inst = $transBreak.brk }))) (RULE loopWhile (returns interfaces.Instruction lw) (BLOCK (ALT WHILE expression LLAVEIZQ block LLAVEDER { $lw = instructions.NewWhile($WHILE.line, $WHILE.pos, $expression.p, $block.blk ) }))) (RULE transBreak (returns interfaces.Instruction brk) (BLOCK (ALT BREAK expression { $brk = instructions.NewBreak($BREAK.line, $BREAK.pos, $expression.p) }) (ALT BREAK { $brk = instructions.NewBreak($BREAK.line, $BREAK.pos, nil) }))) (RULE condIf (returns  interfaces.Instruction ifCond ) (BLOCK (ALT IF expression LLAVEIZQ block LLAVEDER (* (BLOCK (ALT (+= e condElseIf)))) condElse {
            elif := arrayList.New()
            listElif := localctx.(*CondIfContext).GetE()
            for _, e := range listElif {
                elif.Add(e.GetElif())
            }
            $ifCond = instructions.NewIf($IF.line, $IF.pos, $expression.p, $block.blk, elif, $condElse.blkelse)
            }))) (RULE condElseIf (returns interfaces.Instruction elif) (BLOCK (ALT ELSE IF expression LLAVEIZQ block LLAVEDER {
    elif := arrayList.New()
    condelse := arrayList.New()
    $elif = instructions.NewIf($ELSE.line, $ELSE.pos, $expression.p, $block.blk, elif, condelse)
    }))) (RULE condElse (returns *arrayList.List blkelse) (BLOCK (ALT ELSE LLAVEIZQ block LLAVEDER { $blkelse = $block.blk }) (ALT { $blkelse = arrayList.New() }))) (RULE block (returns *arrayList.List blk) (@ init {
    $blk = arrayList.New()
  }) (BLOCK (ALT (= bloque block) instruction {
                            $bloque.blk.Add($instruction.inst)
                            $blk = $bloque.blk
                            }) (ALT (= bloque block) expression {
                            $bloque.blk.Add($expression.p)
                            $blk = $bloque.blk
                           }) (ALT instruction { $blk.Add($instruction.inst) }) (ALT expression { $blk.Add($expression.p) }))) (RULE condMatch (returns interfaces.Instruction mtch) (BLOCK (ALT MATCH expression LLAVEIZQ (+ (BLOCK (ALT (+= e listArms)))) defaultArm LLAVEDER {
        arrarms := arrayList.New()
        larms := localctx.(*CondMatchContext).GetE()
        for _, e := range larms {
            arrarms.Add(e.GetArms())
        }
        $mtch = instructions.NewMatch($MATCH.line, $MATCH.pos, $expression.p, arrarms, $defaultArm.defa)
        }))) (RULE listArms (returns interfaces.Instruction arms) (BLOCK (ALT listMatch ARROW2 block COMA {
         $arms = instructions.NewArm($listMatch.start.GetLine(),$listMatch.start.GetColumn(), $listMatch.ma, $block.blk)
         }) (ALT listMatch ARROW2 LLAVEIZQ block LLAVEDER COMA {
        $arms = instructions.NewArm($listMatch.start.GetLine(),$listMatch.start.GetColumn(), $listMatch.ma, $block.blk)
        }))) (RULE listMatch (returns *arrayList.List ma) (BLOCK (ALT (= lma listMatch) PLEC expression {
                                $lma.ma.Add($expression.p)
                                $ma = $lma.ma
                             }) (ALT expression {
                 $ma = arrayList.New()
                 $ma.Add($expression.p)
              }))) (RULE defaultArm (returns *arrayList.List defa) (BLOCK (ALT UNDERSCORE ARROW2 block COMA { $defa = $block.blk }) (ALT UNDERSCORE ARROW2 LLAVEIZQ block LLAVEDER COMA { $defa = $block.blk }) (ALT { $defa = arrayList.New() }))) (RULE impression (returns interfaces.Instruction pr) (BLOCK (ALT PRINT PARIZQ listParams PARDER { $pr = instructions.NewPrint($PRINT.line,$PRINT.pos,$listParams.l) }))) (RULE declaration (returns interfaces.Instruction dec) (BLOCK (ALT LET MUT ID D_PTS types IGUAL expression { $dec = instructions.NewDeclaration($LET.line, $LET.pos, $ID.text, $types.ty, $expression.p, true) }) (ALT LET MUT ID IGUAL expression { $dec = instructions.NewDeclaration($LET.line, $LET.pos, $ID.text, environment.WILDCARD, $expression.p, true) }) (ALT LET ID D_PTS types IGUAL expression { $dec = instructions.NewDeclaration($LET.line, $LET.pos, $ID.text, $types.ty, $expression.p, false) }) (ALT LET ID IGUAL expression { $dec = instructions.NewDeclaration($LET.line, $LET.pos, $ID.text, environment.WILDCARD, $expression.p, false) }) (ALT LET MUT ID D_PTS arrayType IGUAL expression { $dec = instructions.NewArrayDeclaration($LET.line, $LET.pos, $ID.text, $arrayType.t, $expression.p, true) }) (ALT LET ID D_PTS arrayType IGUAL expression { $dec = instructions.NewArrayDeclaration($LET.line, $LET.pos, $ID.text, $arrayType.t, $expression.p, false) }))) (RULE assignment (returns interfaces.Instruction ass) (BLOCK (ALT ID IGUAL expression { $ass = instructions.NewAssignment($ID.line, $ID.pos, $ID.text, $expression.p)}))) (RULE arrayType (returns *arrayList.List t) (BLOCK (ALT CORIZQ arrayType PYC expression CORDER {
                                            newType := environment.NewArrayType(environment.ARRAY, $expression.p)
                                           $arrayType.t.Add(newType)
                                           $t = $arrayType.t
                                            }) (ALT CORIZQ types PYC expression CORDER {
                                        $t = arrayList.New()
                                        newType := environment.NewArrayType($types.ty, $expression.p)
                                        $t.Add(newType)
                                     }))) (RULE function (returns ) (BLOCK (ALT FUNC ID PARIZQ listParams PARDER LLAVEIZQ instructions LLAVEDER))) (RULE module (returns ) (BLOCK (ALT MODULE ID LLAVEIZQ LLAVEDER))) (RULE types (returns environment.TipoExpresion ty) (BLOCK (ALT INT { $ty = environment.INTEGER }) (ALT FLOAT { $ty = environment.FLOAT }) (ALT BOOL { $ty = environment.BOOLEAN }) (ALT CHAR { $ty = environment.CHAR }) (ALT STR1 { $ty = environment.STRING }) (ALT VECTOR { $ty = environment.VECTOR }) (ALT STRUCT { $ty = environment.STRUCT }))) (RULE listParams (returns *arrayList.List l) (BLOCK (ALT (= list listParams) COMA expression {
                                        $list.l.Add($expression.p)
                                        $l = $list.l
                                     }) (ALT expression {
                $l = arrayList.New()
                $l.Add($expression.p)
             }))) (RULE expression (returns interfaces.Expression p) (BLOCK (ALT expr_arit { $p = $expr_arit.p }))) (RULE expr_arit (returns interfaces.Expression p) (BLOCK (ALT (= opIz expr_arit) (= op (BLOCK (ALT MUL) (ALT DIV))) (= opDe expr_arit) {$p = expressions.NewOperation($opIz.start.GetLine(),$opIz.start.GetColumn(),$opIz.p,$op.text,$opDe.p)}) (ALT (= opIz expr_arit) (= op (BLOCK (ALT ADD) (ALT SUB))) (= opDe expr_arit) {$p = expressions.NewOperation(0,0,$opIz.p,$op.text,$opDe.p)}) (ALT (= opIz expr_arit) (= op (BLOCK (ALT MENOR) (ALT MENORIGUAL) (ALT MAYORIGUAL) (ALT MAYOR))) (= opDe expr_arit) {$p = expressions.NewOperation(0,0,$opIz.p,$op.text,$opDe.p)}) (ALT CORIZQ listParams CORDER { $p = expressions.NewArray($CORIZQ.line, $CORIZQ.pos, $listParams.l) }) (ALT PARIZQ expression PARDER { $p = $expression.p }) (ALT primitive { $p = $primitive.p }) (ALT condIf { $p = $condIf.ifCond }) (ALT condMatch { $p = $condMatch.mtch }))) (RULE primitive (returns interfaces.Expression p) (BLOCK (ALT NUMBER {
            if (strings.Contains($NUMBER.text,".")){
                num,err := strconv.ParseFloat($NUMBER.text, 64);
                if err!= nil{
                    fmt.Println(err)
                }
                $p = expressions.NewPrimitive($NUMBER.line,$NUMBER.pos,num,environment.FLOAT)
            }else{
                num,err := strconv.Atoi($NUMBER.text)
                if err!= nil{
                    fmt.Println(err)
                }
                $p = expressions.NewPrimitive($NUMBER.line,$NUMBER.pos,num,environment.INTEGER)
            }
        }) (ALT STRING {
                str := $STRING.text
                $p = expressions.NewPrimitive($STRING.line, $STRING.pos,str[1:len(str)-1],environment.STRING)
            }) (ALT TRU { $p = expressions.NewPrimitive($TRU.line, $TRU.pos,true,environment.BOOLEAN) }) (ALT FAL { $p = expressions.NewPrimitive($FAL.line, $FAL.pos,false,environment.BOOLEAN) }) (ALT (= list listArray) { $p = $list.p}))) (RULE listArray (returns interfaces.Expression p) (BLOCK (ALT (= list listArray) CORIZQ expression CORDER { $p = expressions.NewArrayAccess($list.start.GetLine(), $list.start.GetColumn(), $list.p, $expression.p) }) (ALT ID { $p = expressions.NewCallVar($ID.line, $ID.pos, $ID.text)})))))
2022-03-17 05:08:52:963 grammar LogManager.java:25 after: (PARSER_GRAMMAR Rust (OPTIONS (= tokenVocab RustLexer)) (@ header {
    import arrayList "github.com/colegno/arraylist"
    import "OLC2/interfaces"
    import "OLC2/expressions"
    import "OLC2/instructions"
    import "OLC2/environment"
    import "strings"
}) (RULES (RULE start (returns environment.Code code) (BLOCK (ALT (* (BLOCK (ALT (+= e global_env)))) main (* (BLOCK (ALT (+= e global_env)))) {
        global := arrayList.New()
        listInt := localctx.(*StartContext).GetE()
        for _, e := range listInt {
            global.Add(e.GetHi())
        }
        $code = environment.NewCode($main.mainInst, global)
    }))) (RULE global_env (returns string hi) (BLOCK (ALT declaration PYC {$hi = "declaration"}) (ALT function {$hi = "function"}) (ALT module {$hi = "module"}))) (RULE main (returns *arrayList.List mainInst) (BLOCK (ALT FUNC MAIN PARIZQ PARDER LLAVEIZQ instructions LLAVEDER { $mainInst = $instructions.insts }))) (RULE instructions (returns *arrayList.List insts) (@ init {
    $insts = arrayList.New()
  }) (BLOCK (ALT (+ (BLOCK (ALT (+= e instruction)))) {
        listInt := localctx.(*InstructionsContext).GetE()
        for _, e := range listInt {
            $insts.Add(e.GetInst())
        }
    }))) (RULE instruction (returns interfaces.Instruction inst) (BLOCK (ALT impression PYC { $inst = $impression.pr }) (ALT declaration PYC { $inst = $declaration.dec }) (ALT assignment PYC { $inst = $assignment.ass }) (ALT condIf { $inst = $condIf.ifCond }) (ALT condMatch { $inst = $condMatch.mtch }) (ALT loopWhile { $inst = $loopWhile.lw }) (ALT transBreak PYC { $inst = $transBreak.brk }))) (RULE loopWhile (returns interfaces.Instruction lw) (BLOCK (ALT WHILE expression LLAVEIZQ block LLAVEDER { $lw = instructions.NewWhile($WHILE.line, $WHILE.pos, $expression.p, $block.blk ) }))) (RULE transBreak (returns interfaces.Instruction brk) (BLOCK (ALT BREAK expression { $brk = instructions.NewBreak($BREAK.line, $BREAK.pos, $expression.p) }) (ALT BREAK { $brk = instructions.NewBreak($BREAK.line, $BREAK.pos, nil) }))) (RULE condIf (returns  interfaces.Instruction ifCond ) (BLOCK (ALT IF expression LLAVEIZQ block LLAVEDER (* (BLOCK (ALT (+= e condElseIf)))) condElse {
            elif := arrayList.New()
            listElif := localctx.(*CondIfContext).GetE()
            for _, e := range listElif {
                elif.Add(e.GetElif())
            }
            $ifCond = instructions.NewIf($IF.line, $IF.pos, $expression.p, $block.blk, elif, $condElse.blkelse)
            }))) (RULE condElseIf (returns interfaces.Instruction elif) (BLOCK (ALT ELSE IF expression LLAVEIZQ block LLAVEDER {
    elif := arrayList.New()
    condelse := arrayList.New()
    $elif = instructions.NewIf($ELSE.line, $ELSE.pos, $expression.p, $block.blk, elif, condelse)
    }))) (RULE condElse (returns *arrayList.List blkelse) (BLOCK (ALT ELSE LLAVEIZQ block LLAVEDER { $blkelse = $block.blk }) (ALT { $blkelse = arrayList.New() }))) (RULE block (returns *arrayList.List blk) (@ init {
    $blk = arrayList.New()
  }) (BLOCK (ALT (= bloque block) instruction {
                            $bloque.blk.Add($instruction.inst)
                            $blk = $bloque.blk
                            }) (ALT (= bloque block) expression {
                            $bloque.blk.Add($expression.p)
                            $blk = $bloque.blk
                           }) (ALT instruction { $blk.Add($instruction.inst) }) (ALT expression { $blk.Add($expression.p) }))) (RULE condMatch (returns interfaces.Instruction mtch) (BLOCK (ALT MATCH expression LLAVEIZQ (+ (BLOCK (ALT (+= e listArms)))) defaultArm LLAVEDER {
        arrarms := arrayList.New()
        larms := localctx.(*CondMatchContext).GetE()
        for _, e := range larms {
            arrarms.Add(e.GetArms())
        }
        $mtch = instructions.NewMatch($MATCH.line, $MATCH.pos, $expression.p, arrarms, $defaultArm.defa)
        }))) (RULE listArms (returns interfaces.Instruction arms) (BLOCK (ALT listMatch ARROW2 block COMA {
         $arms = instructions.NewArm($listMatch.start.GetLine(),$listMatch.start.GetColumn(), $listMatch.ma, $block.blk)
         }) (ALT listMatch ARROW2 LLAVEIZQ block LLAVEDER COMA {
        $arms = instructions.NewArm($listMatch.start.GetLine(),$listMatch.start.GetColumn(), $listMatch.ma, $block.blk)
        }))) (RULE listMatch (returns *arrayList.List ma) (BLOCK (ALT (= lma listMatch) PLEC expression {
                                $lma.ma.Add($expression.p)
                                $ma = $lma.ma
                             }) (ALT expression {
                 $ma = arrayList.New()
                 $ma.Add($expression.p)
              }))) (RULE defaultArm (returns *arrayList.List defa) (BLOCK (ALT UNDERSCORE ARROW2 block COMA { $defa = $block.blk }) (ALT UNDERSCORE ARROW2 LLAVEIZQ block LLAVEDER COMA { $defa = $block.blk }) (ALT { $defa = arrayList.New() }))) (RULE impression (returns interfaces.Instruction pr) (BLOCK (ALT PRINT PARIZQ listParams PARDER { $pr = instructions.NewPrint($PRINT.line,$PRINT.pos,$listParams.l) }))) (RULE declaration (returns interfaces.Instruction dec) (BLOCK (ALT LET MUT ID D_PTS types IGUAL expression { $dec = instructions.NewDeclaration($LET.line, $LET.pos, $ID.text, $types.ty, $expression.p, true) }) (ALT LET MUT ID IGUAL expression { $dec = instructions.NewDeclaration($LET.line, $LET.pos, $ID.text, environment.WILDCARD, $expression.p, true) }) (ALT LET ID D_PTS types IGUAL expression { $dec = instructions.NewDeclaration($LET.line, $LET.pos, $ID.text, $types.ty, $expression.p, false) }) (ALT LET ID IGUAL expression { $dec = instructions.NewDeclaration($LET.line, $LET.pos, $ID.text, environment.WILDCARD, $expression.p, false) }) (ALT LET MUT ID D_PTS arrayType IGUAL expression { $dec = instructions.NewArrayDeclaration($LET.line, $LET.pos, $ID.text, $arrayType.t, $expression.p, true) }) (ALT LET ID D_PTS arrayType IGUAL expression { $dec = instructions.NewArrayDeclaration($LET.line, $LET.pos, $ID.text, $arrayType.t, $expression.p, false) }))) (RULE assignment (returns interfaces.Instruction ass) (BLOCK (ALT ID IGUAL expression { $ass = instructions.NewAssignment($ID.line, $ID.pos, $ID.text, $expression.p)}))) (RULE arrayType (returns *arrayList.List t) (BLOCK (ALT CORIZQ arrayType PYC expression CORDER {
                                            newType := environment.NewArrayType(environment.ARRAY, $expression.p)
                                           $arrayType.t.Add(newType)
                                           $t = $arrayType.t
                                            }) (ALT CORIZQ types PYC expression CORDER {
                                        $t = arrayList.New()
                                        newType := environment.NewArrayType($types.ty, $expression.p)
                                        $t.Add(newType)
                                     }))) (RULE function (returns ) (BLOCK (ALT FUNC ID PARIZQ listParams PARDER LLAVEIZQ instructions LLAVEDER))) (RULE module (returns ) (BLOCK (ALT MODULE ID LLAVEIZQ LLAVEDER))) (RULE types (returns environment.TipoExpresion ty) (BLOCK (ALT INT { $ty = environment.INTEGER }) (ALT FLOAT { $ty = environment.FLOAT }) (ALT BOOL { $ty = environment.BOOLEAN }) (ALT CHAR { $ty = environment.CHAR }) (ALT STR1 { $ty = environment.STRING }) (ALT VECTOR { $ty = environment.VECTOR }) (ALT STRUCT { $ty = environment.STRUCT }))) (RULE listParams (returns *arrayList.List l) (BLOCK (ALT (= list listParams) COMA expression {
                                        $list.l.Add($expression.p)
                                        $l = $list.l
                                     }) (ALT expression {
                $l = arrayList.New()
                $l.Add($expression.p)
             }))) (RULE expression (returns interfaces.Expression p) (BLOCK (ALT expr_arit { $p = $expr_arit.p }))) (RULE expr_arit (returns interfaces.Expression p) (BLOCK (ALT (= opIz expr_arit) (= op (SET MUL DIV)) (= opDe expr_arit) {$p = expressions.NewOperation($opIz.start.GetLine(),$opIz.start.GetColumn(),$opIz.p,$op.text,$opDe.p)}) (ALT (= opIz expr_arit) (= op (SET ADD SUB)) (= opDe expr_arit) {$p = expressions.NewOperation(0,0,$opIz.p,$op.text,$opDe.p)}) (ALT (= opIz expr_arit) (= op (SET MENOR MENORIGUAL MAYORIGUAL MAYOR)) (= opDe expr_arit) {$p = expressions.NewOperation(0,0,$opIz.p,$op.text,$opDe.p)}) (ALT CORIZQ listParams CORDER { $p = expressions.NewArray($CORIZQ.line, $CORIZQ.pos, $listParams.l) }) (ALT PARIZQ expression PARDER { $p = $expression.p }) (ALT primitive { $p = $primitive.p }) (ALT condIf { $p = $condIf.ifCond }) (ALT condMatch { $p = $condMatch.mtch }))) (RULE primitive (returns interfaces.Expression p) (BLOCK (ALT NUMBER {
            if (strings.Contains($NUMBER.text,".")){
                num,err := strconv.ParseFloat($NUMBER.text, 64);
                if err!= nil{
                    fmt.Println(err)
                }
                $p = expressions.NewPrimitive($NUMBER.line,$NUMBER.pos,num,environment.FLOAT)
            }else{
                num,err := strconv.Atoi($NUMBER.text)
                if err!= nil{
                    fmt.Println(err)
                }
                $p = expressions.NewPrimitive($NUMBER.line,$NUMBER.pos,num,environment.INTEGER)
            }
        }) (ALT STRING {
                str := $STRING.text
                $p = expressions.NewPrimitive($STRING.line, $STRING.pos,str[1:len(str)-1],environment.STRING)
            }) (ALT TRU { $p = expressions.NewPrimitive($TRU.line, $TRU.pos,true,environment.BOOLEAN) }) (ALT FAL { $p = expressions.NewPrimitive($FAL.line, $FAL.pos,false,environment.BOOLEAN) }) (ALT (= list listArray) { $p = $list.p}))) (RULE listArray (returns interfaces.Expression p) (BLOCK (ALT (= list listArray) CORIZQ expression CORDER { $p = expressions.NewArrayAccess($list.start.GetLine(), $list.start.GetColumn(), $list.p, $expression.p) }) (ALT ID { $p = expressions.NewCallVar($ID.line, $ID.pos, $ID.text)})))))
2022-03-17 05:08:53:123 left-recursion LogManager.java:25 block returns [*arrayList.List blk]
    :   ( {} instruction<tokenIndex=328> { $blk.Add($instruction.inst) } 
        | expression<tokenIndex=334> { $blk.Add($expression.p) } 
        )
        (
          {p.Precpred(p.GetParserRuleContext(), 4)}?<p=4> instruction<tokenIndex=312> {
                                      $bloque.blk.Add($instruction.inst)
                                      $blk = $bloque.blk
                                      }
                  | {p.Precpred(p.GetParserRuleContext(), 3)}?<p=3> expression<tokenIndex=322> {
                                      $bloque.blk.Add($expression.p)
                                      $blk = $bloque.blk
                                     }
        )*
    ;
2022-03-17 05:08:53:129 grammar LogManager.java:25 added: (RULE block (returns *arrayList.List blk) (BLOCK (ALT (BLOCK (ALT {} (instruction (ELEMENT_OPTIONS (= tokenIndex 328))) { $blk.Add($instruction.inst) }) (ALT (expression (ELEMENT_OPTIONS (= tokenIndex 334))) { $blk.Add($expression.p) })) (* (BLOCK (ALT ({p.Precpred(p.GetParserRuleContext(), 4)}? (ELEMENT_OPTIONS (= p 4))) (instruction (ELEMENT_OPTIONS (= tokenIndex 312))) {
                                      $bloque.blk.Add($instruction.inst)
                                      $blk = $bloque.blk
                                      }) (ALT ({p.Precpred(p.GetParserRuleContext(), 3)}? (ELEMENT_OPTIONS (= p 3))) (expression (ELEMENT_OPTIONS (= tokenIndex 322))) {
                                      $bloque.blk.Add($expression.p)
                                      $blk = $bloque.blk
                                     }))))))
2022-03-17 05:08:53:195 left-recursion LogManager.java:25 listMatch returns [*arrayList.List ma]
    :   ( {} expression<tokenIndex=421> {
                 $ma = arrayList.New()
                 $ma.Add($expression.p)
              } 
        )
        (
          {p.Precpred(p.GetParserRuleContext(), 2)}?<p=2> PLEC<tokenIndex=413> expression<tokenIndex=415> {
                                          $lma.ma.Add($expression.p)
                                          $ma = $lma.ma
                                       }
        )*
    ;
2022-03-17 05:08:53:197 grammar LogManager.java:25 added: (RULE listMatch (returns *arrayList.List ma) (BLOCK (ALT (BLOCK (ALT {} (expression (ELEMENT_OPTIONS (= tokenIndex 421))) {
                 $ma = arrayList.New()
                 $ma.Add($expression.p)
              })) (* (BLOCK (ALT ({p.Precpred(p.GetParserRuleContext(), 2)}? (ELEMENT_OPTIONS (= p 2))) (PLEC (ELEMENT_OPTIONS (= tokenIndex 413))) (expression (ELEMENT_OPTIONS (= tokenIndex 415))) {
                                          $lma.ma.Add($expression.p)
                                          $ma = $lma.ma
                                       }))))))
2022-03-17 05:08:53:243 left-recursion LogManager.java:25 listParams returns [*arrayList.List l]
    :   ( {} expression<tokenIndex=752> {
                $l = arrayList.New()
                $l.Add($expression.p)
             } 
        )
        (
          {p.Precpred(p.GetParserRuleContext(), 2)}?<p=2> COMA<tokenIndex=744> expression<tokenIndex=746>   {
                                                  $list.l.Add($expression.p)
                                                  $l = $list.l
                                               }
        )*
    ;
2022-03-17 05:08:53:245 grammar LogManager.java:25 added: (RULE listParams (returns *arrayList.List l) (BLOCK (ALT (BLOCK (ALT {} (expression (ELEMENT_OPTIONS (= tokenIndex 752))) {
                $l = arrayList.New()
                $l.Add($expression.p)
             })) (* (BLOCK (ALT ({p.Precpred(p.GetParserRuleContext(), 2)}? (ELEMENT_OPTIONS (= p 2))) (COMA (ELEMENT_OPTIONS (= tokenIndex 744))) (expression (ELEMENT_OPTIONS (= tokenIndex 746))) {
                                                  $list.l.Add($expression.p)
                                                  $l = $list.l
                                               }))))))
2022-03-17 05:08:53:283 left-recursion LogManager.java:25 expr_arit returns [interfaces.Expression p]
    :   ( {} CORIZQ<tokenIndex=842> listParams<tokenIndex=844> CORDER<tokenIndex=846> { $p = expressions.NewArray($CORIZQ.line, $CORIZQ.pos, $listParams.l) } 
        | PARIZQ<tokenIndex=852> expression<tokenIndex=854> PARDER<tokenIndex=856> { $p = $expression.p } 
        | primitive<tokenIndex=862> { $p = $primitive.p } 
        | condIf<tokenIndex=868> { $p = $condIf.ifCond } 
        | condMatch<tokenIndex=874> { $p = $condMatch.mtch } 
        )
        (
          {p.Precpred(p.GetParserRuleContext(), 8)}?<p=8> op=(MUL<tokenIndex=785>|DIV<tokenIndex=787>) opDe=expr_arit<tokenIndex=792,p=9> {$p = expressions.NewOperation($opIz.start.GetLine(),$opIz.start.GetColumn(),$opIz.p,$op.text,$opDe.p)}
                  | {p.Precpred(p.GetParserRuleContext(), 7)}?<p=7> op=(ADD<tokenIndex=805>|SUB<tokenIndex=807>) opDe=expr_arit<tokenIndex=812,p=8> {$p = expressions.NewOperation(0,0,$opIz.p,$op.text,$opDe.p)}
                  | {p.Precpred(p.GetParserRuleContext(), 6)}?<p=6> op=(MENOR<tokenIndex=825>|MENORIGUAL<tokenIndex=827>|MAYORIGUAL<tokenIndex=829>|MAYOR<tokenIndex=831>) opDe=expr_arit<tokenIndex=836,p=7> {$p = expressions.NewOperation(0,0,$opIz.p,$op.text,$opDe.p)}
        )*
    ;
2022-03-17 05:08:53:289 grammar LogManager.java:25 added: (RULE expr_arit (returns interfaces.Expression p) (BLOCK (ALT (BLOCK (ALT {} (CORIZQ (ELEMENT_OPTIONS (= tokenIndex 842))) (listParams (ELEMENT_OPTIONS (= tokenIndex 844))) (CORDER (ELEMENT_OPTIONS (= tokenIndex 846))) { $p = expressions.NewArray($CORIZQ.line, $CORIZQ.pos, $listParams.l) }) (ALT (PARIZQ (ELEMENT_OPTIONS (= tokenIndex 852))) (expression (ELEMENT_OPTIONS (= tokenIndex 854))) (PARDER (ELEMENT_OPTIONS (= tokenIndex 856))) { $p = $expression.p }) (ALT (primitive (ELEMENT_OPTIONS (= tokenIndex 862))) { $p = $primitive.p }) (ALT (condIf (ELEMENT_OPTIONS (= tokenIndex 868))) { $p = $condIf.ifCond }) (ALT (condMatch (ELEMENT_OPTIONS (= tokenIndex 874))) { $p = $condMatch.mtch })) (* (BLOCK (ALT ({p.Precpred(p.GetParserRuleContext(), 8)}? (ELEMENT_OPTIONS (= p 8))) (= op (SET (MUL (ELEMENT_OPTIONS (= tokenIndex 785))) (DIV (ELEMENT_OPTIONS (= tokenIndex 787))))) (= opDe (expr_arit (ELEMENT_OPTIONS (= tokenIndex 792) (= p 9)))) {$p = expressions.NewOperation($opIz.start.GetLine(),$opIz.start.GetColumn(),$opIz.p,$op.text,$opDe.p)}) (ALT ({p.Precpred(p.GetParserRuleContext(), 7)}? (ELEMENT_OPTIONS (= p 7))) (= op (SET (ADD (ELEMENT_OPTIONS (= tokenIndex 805))) (SUB (ELEMENT_OPTIONS (= tokenIndex 807))))) (= opDe (expr_arit (ELEMENT_OPTIONS (= tokenIndex 812) (= p 8)))) {$p = expressions.NewOperation(0,0,$opIz.p,$op.text,$opDe.p)}) (ALT ({p.Precpred(p.GetParserRuleContext(), 6)}? (ELEMENT_OPTIONS (= p 6))) (= op (SET (MENOR (ELEMENT_OPTIONS (= tokenIndex 825))) (MENORIGUAL (ELEMENT_OPTIONS (= tokenIndex 827))) (MAYORIGUAL (ELEMENT_OPTIONS (= tokenIndex 829))) (MAYOR (ELEMENT_OPTIONS (= tokenIndex 831))))) (= opDe (expr_arit (ELEMENT_OPTIONS (= tokenIndex 836) (= p 7)))) {$p = expressions.NewOperation(0,0,$opIz.p,$op.text,$opDe.p)}))))))
2022-03-17 05:08:53:318 left-recursion LogManager.java:25 listArray returns [interfaces.Expression p]
    :   ( {} ID<tokenIndex=941> { $p = expressions.NewCallVar($ID.line, $ID.pos, $ID.text)} 
        )
        (
          {p.Precpred(p.GetParserRuleContext(), 2)}?<p=2> CORIZQ<tokenIndex=931> expression<tokenIndex=933> CORDER<tokenIndex=935> { $p = expressions.NewArrayAccess($list.start.GetLine(), $list.start.GetColumn(), $list.p, $expression.p) }
        )*
    ;
2022-03-17 05:08:53:319 grammar LogManager.java:25 added: (RULE listArray (returns interfaces.Expression p) (BLOCK (ALT (BLOCK (ALT {} (ID (ELEMENT_OPTIONS (= tokenIndex 941))) { $p = expressions.NewCallVar($ID.line, $ID.pos, $ID.text)})) (* (BLOCK (ALT ({p.Precpred(p.GetParserRuleContext(), 2)}? (ELEMENT_OPTIONS (= p 2))) (CORIZQ (ELEMENT_OPTIONS (= tokenIndex 931))) (expression (ELEMENT_OPTIONS (= tokenIndex 933))) (CORDER (ELEMENT_OPTIONS (= tokenIndex 935))) { $p = expressions.NewArrayAccess($list.start.GetLine(), $list.start.GetColumn(), $list.p, $expression.p) }))))))
2022-03-17 05:08:53:336 grammar LogManager.java:25 import INT=1
2022-03-17 05:08:53:336 grammar LogManager.java:25 import FLOAT=2
2022-03-17 05:08:53:336 grammar LogManager.java:25 import BOOL=3
2022-03-17 05:08:53:336 grammar LogManager.java:25 import CHAR=4
2022-03-17 05:08:53:336 grammar LogManager.java:25 import STR1=5
2022-03-17 05:08:53:336 grammar LogManager.java:25 import STR2=6
2022-03-17 05:08:53:336 grammar LogManager.java:25 import USIZE=7
2022-03-17 05:08:53:336 grammar LogManager.java:25 import VECTOR=8
2022-03-17 05:08:53:336 grammar LogManager.java:25 import STRUCT=9
2022-03-17 05:08:53:336 grammar LogManager.java:25 import TRU=10
2022-03-17 05:08:53:336 grammar LogManager.java:25 import FAL=11
2022-03-17 05:08:53:336 grammar LogManager.java:25 import POW=12
2022-03-17 05:08:53:336 grammar LogManager.java:25 import PRINT=13
2022-03-17 05:08:53:336 grammar LogManager.java:25 import LET=14
2022-03-17 05:08:53:337 grammar LogManager.java:25 import MUT=15
2022-03-17 05:08:53:337 grammar LogManager.java:25 import FUNC=16
2022-03-17 05:08:53:337 grammar LogManager.java:25 import ARROW1=17
2022-03-17 05:08:53:337 grammar LogManager.java:25 import ARROW2=18
2022-03-17 05:08:53:337 grammar LogManager.java:25 import ABS=19
2022-03-17 05:08:53:337 grammar LogManager.java:25 import SQRT=20
2022-03-17 05:08:53:337 grammar LogManager.java:25 import TOSTR=21
2022-03-17 05:08:53:337 grammar LogManager.java:25 import CLONE=22
2022-03-17 05:08:53:337 grammar LogManager.java:25 import NEW=23
2022-03-17 05:08:53:337 grammar LogManager.java:25 import LEN=24
2022-03-17 05:08:53:337 grammar LogManager.java:25 import PUSH=25
2022-03-17 05:08:53:337 grammar LogManager.java:25 import REMOVE=26
2022-03-17 05:08:53:337 grammar LogManager.java:25 import CONTAINS=27
2022-03-17 05:08:53:337 grammar LogManager.java:25 import INSERT=28
2022-03-17 05:08:53:337 grammar LogManager.java:25 import CAPACITY=29
2022-03-17 05:08:53:337 grammar LogManager.java:25 import WCAPACITY=30
2022-03-17 05:08:53:337 grammar LogManager.java:25 import MAIN=31
2022-03-17 05:08:53:337 grammar LogManager.java:25 import IF=32
2022-03-17 05:08:53:337 grammar LogManager.java:25 import ELSE=33
2022-03-17 05:08:53:337 grammar LogManager.java:25 import MATCH=34
2022-03-17 05:08:53:337 grammar LogManager.java:25 import LOOP=35
2022-03-17 05:08:53:337 grammar LogManager.java:25 import WHILE=36
2022-03-17 05:08:53:337 grammar LogManager.java:25 import FOR=37
2022-03-17 05:08:53:337 grammar LogManager.java:25 import IN=38
2022-03-17 05:08:53:337 grammar LogManager.java:25 import BREAK=39
2022-03-17 05:08:53:337 grammar LogManager.java:25 import CONTINUE=40
2022-03-17 05:08:53:337 grammar LogManager.java:25 import RETURN=41
2022-03-17 05:08:53:337 grammar LogManager.java:25 import MODULE=42
2022-03-17 05:08:53:337 grammar LogManager.java:25 import PUB=43
2022-03-17 05:08:53:338 grammar LogManager.java:25 import NUMBER=44
2022-03-17 05:08:53:338 grammar LogManager.java:25 import STRING=45
2022-03-17 05:08:53:338 grammar LogManager.java:25 import ID=46
2022-03-17 05:08:53:338 grammar LogManager.java:25 import PUNTO=47
2022-03-17 05:08:53:338 grammar LogManager.java:25 import C_PTS=48
2022-03-17 05:08:53:338 grammar LogManager.java:25 import D_PTS=49
2022-03-17 05:08:53:338 grammar LogManager.java:25 import PYC=50
2022-03-17 05:08:53:338 grammar LogManager.java:25 import COMA=51
2022-03-17 05:08:53:338 grammar LogManager.java:25 import DIFERENTE=52
2022-03-17 05:08:53:338 grammar LogManager.java:25 import IG_IG=53
2022-03-17 05:08:53:338 grammar LogManager.java:25 import NOT=54
2022-03-17 05:08:53:338 grammar LogManager.java:25 import OR=55
2022-03-17 05:08:53:338 grammar LogManager.java:25 import PLEC=56
2022-03-17 05:08:53:338 grammar LogManager.java:25 import UNDERSCORE=57
2022-03-17 05:08:53:338 grammar LogManager.java:25 import AND=58
2022-03-17 05:08:53:338 grammar LogManager.java:25 import IGUAL=59
2022-03-17 05:08:53:338 grammar LogManager.java:25 import MAYORIGUAL=60
2022-03-17 05:08:53:338 grammar LogManager.java:25 import MENORIGUAL=61
2022-03-17 05:08:53:338 grammar LogManager.java:25 import MAYOR=62
2022-03-17 05:08:53:338 grammar LogManager.java:25 import MENOR=63
2022-03-17 05:08:53:338 grammar LogManager.java:25 import MUL=64
2022-03-17 05:08:53:339 grammar LogManager.java:25 import DIV=65
2022-03-17 05:08:53:339 grammar LogManager.java:25 import ADD=66
2022-03-17 05:08:53:339 grammar LogManager.java:25 import SUB=67
2022-03-17 05:08:53:339 grammar LogManager.java:25 import MOD=68
2022-03-17 05:08:53:339 grammar LogManager.java:25 import PARIZQ=69
2022-03-17 05:08:53:339 grammar LogManager.java:25 import PARDER=70
2022-03-17 05:08:53:339 grammar LogManager.java:25 import LLAVEIZQ=71
2022-03-17 05:08:53:339 grammar LogManager.java:25 import LLAVEDER=72
2022-03-17 05:08:53:339 grammar LogManager.java:25 import CORIZQ=73
2022-03-17 05:08:53:339 grammar LogManager.java:25 import CORDER=74
2022-03-17 05:08:53:339 grammar LogManager.java:25 import WHITESPACE=75
2022-03-17 05:08:53:339 grammar LogManager.java:25 import COMMENT=76
2022-03-17 05:08:53:339 grammar LogManager.java:25 import LINE_COMMENT=77
2022-03-17 05:08:53:339 grammar LogManager.java:25 import 'i64'=1
2022-03-17 05:08:53:339 grammar LogManager.java:25 import 'f64'=2
2022-03-17 05:08:53:339 grammar LogManager.java:25 import 'bool'=3
2022-03-17 05:08:53:339 grammar LogManager.java:25 import 'char'=4
2022-03-17 05:08:53:339 grammar LogManager.java:25 import 'String'=5
2022-03-17 05:08:53:339 grammar LogManager.java:25 import '&str'=6
2022-03-17 05:08:53:339 grammar LogManager.java:25 import 'usize'=7
2022-03-17 05:08:53:339 grammar LogManager.java:25 import 'vec'=8
2022-03-17 05:08:53:339 grammar LogManager.java:25 import 'struct'=9
2022-03-17 05:08:53:339 grammar LogManager.java:25 import 'true'=10
2022-03-17 05:08:53:339 grammar LogManager.java:25 import 'false'=11
2022-03-17 05:08:53:339 grammar LogManager.java:25 import 'pow'=12
2022-03-17 05:08:53:339 grammar LogManager.java:25 import 'println!'=13
2022-03-17 05:08:53:339 grammar LogManager.java:25 import 'let'=14
2022-03-17 05:08:53:339 grammar LogManager.java:25 import 'mut'=15
2022-03-17 05:08:53:339 grammar LogManager.java:25 import 'fn'=16
2022-03-17 05:08:53:339 grammar LogManager.java:25 import '->'=17
2022-03-17 05:08:53:339 grammar LogManager.java:25 import '=>'=18
2022-03-17 05:08:53:339 grammar LogManager.java:25 import 'abs'=19
2022-03-17 05:08:53:339 grammar LogManager.java:25 import 'sqrt'=20
2022-03-17 05:08:53:339 grammar LogManager.java:25 import 'to_string'=21
2022-03-17 05:08:53:339 grammar LogManager.java:25 import 'clone'=22
2022-03-17 05:08:53:339 grammar LogManager.java:25 import 'new'=23
2022-03-17 05:08:53:340 grammar LogManager.java:25 import 'len'=24
2022-03-17 05:08:53:340 grammar LogManager.java:25 import 'push'=25
2022-03-17 05:08:53:340 grammar LogManager.java:25 import 'remove'=26
2022-03-17 05:08:53:340 grammar LogManager.java:25 import 'contains'=27
2022-03-17 05:08:53:340 grammar LogManager.java:25 import 'insert'=28
2022-03-17 05:08:53:340 grammar LogManager.java:25 import 'capacity'=29
2022-03-17 05:08:53:340 grammar LogManager.java:25 import 'with_capacity'=30
2022-03-17 05:08:53:340 grammar LogManager.java:25 import 'main'=31
2022-03-17 05:08:53:340 grammar LogManager.java:25 import 'if'=32
2022-03-17 05:08:53:340 grammar LogManager.java:25 import 'else'=33
2022-03-17 05:08:53:340 grammar LogManager.java:25 import 'match'=34
2022-03-17 05:08:53:340 grammar LogManager.java:25 import 'loop'=35
2022-03-17 05:08:53:340 grammar LogManager.java:25 import 'while'=36
2022-03-17 05:08:53:340 grammar LogManager.java:25 import 'for'=37
2022-03-17 05:08:53:340 grammar LogManager.java:25 import 'in'=38
2022-03-17 05:08:53:340 grammar LogManager.java:25 import 'break'=39
2022-03-17 05:08:53:340 grammar LogManager.java:25 import 'continue'=40
2022-03-17 05:08:53:340 grammar LogManager.java:25 import 'return'=41
2022-03-17 05:08:53:340 grammar LogManager.java:25 import 'mod'=42
2022-03-17 05:08:53:340 grammar LogManager.java:25 import 'pub'=43
2022-03-17 05:08:53:340 grammar LogManager.java:25 import '.'=47
2022-03-17 05:08:53:340 grammar LogManager.java:25 import '::'=48
2022-03-17 05:08:53:340 grammar LogManager.java:25 import ':'=49
2022-03-17 05:08:53:340 grammar LogManager.java:25 import ';'=50
2022-03-17 05:08:53:340 grammar LogManager.java:25 import ','=51
2022-03-17 05:08:53:340 grammar LogManager.java:25 import '!='=52
2022-03-17 05:08:53:340 grammar LogManager.java:25 import '=='=53
2022-03-17 05:08:53:340 grammar LogManager.java:25 import '!'=54
2022-03-17 05:08:53:340 grammar LogManager.java:25 import '||'=55
2022-03-17 05:08:53:340 grammar LogManager.java:25 import '|'=56
2022-03-17 05:08:53:340 grammar LogManager.java:25 import '_'=57
2022-03-17 05:08:53:340 grammar LogManager.java:25 import '&&'=58
2022-03-17 05:08:53:340 grammar LogManager.java:25 import '='=59
2022-03-17 05:08:53:340 grammar LogManager.java:25 import '>='=60
2022-03-17 05:08:53:340 grammar LogManager.java:25 import '<='=61
2022-03-17 05:08:53:340 grammar LogManager.java:25 import '>'=62
2022-03-17 05:08:53:340 grammar LogManager.java:25 import '<'=63
2022-03-17 05:08:53:340 grammar LogManager.java:25 import '*'=64
2022-03-17 05:08:53:340 grammar LogManager.java:25 import '/'=65
2022-03-17 05:08:53:341 grammar LogManager.java:25 import '+'=66
2022-03-17 05:08:53:341 grammar LogManager.java:25 import '-'=67
2022-03-17 05:08:53:341 grammar LogManager.java:25 import '%'=68
2022-03-17 05:08:53:341 grammar LogManager.java:25 import '('=69
2022-03-17 05:08:53:341 grammar LogManager.java:25 import ')'=70
2022-03-17 05:08:53:341 grammar LogManager.java:25 import '{'=71
2022-03-17 05:08:53:341 grammar LogManager.java:25 import '}'=72
2022-03-17 05:08:53:341 grammar LogManager.java:25 import '['=73
2022-03-17 05:08:53:341 grammar LogManager.java:25 import ']'=74
2022-03-17 05:08:53:341 grammar LogManager.java:25 tokens={INT=1, FLOAT=2, BOOL=3, CHAR=4, STR1=5, STR2=6, USIZE=7, VECTOR=8, STRUCT=9, TRU=10, FAL=11, POW=12, PRINT=13, LET=14, MUT=15, FUNC=16, ARROW1=17, ARROW2=18, ABS=19, SQRT=20, TOSTR=21, CLONE=22, NEW=23, LEN=24, PUSH=25, REMOVE=26, CONTAINS=27, INSERT=28, CAPACITY=29, WCAPACITY=30, MAIN=31, IF=32, ELSE=33, MATCH=34, LOOP=35, WHILE=36, FOR=37, IN=38, BREAK=39, CONTINUE=40, RETURN=41, MODULE=42, PUB=43, NUMBER=44, STRING=45, ID=46, PUNTO=47, C_PTS=48, D_PTS=49, PYC=50, COMA=51, DIFERENTE=52, IG_IG=53, NOT=54, OR=55, PLEC=56, UNDERSCORE=57, AND=58, IGUAL=59, MAYORIGUAL=60, MENORIGUAL=61, MAYOR=62, MENOR=63, MUL=64, DIV=65, ADD=66, SUB=67, MOD=68, PARIZQ=69, PARDER=70, LLAVEIZQ=71, LLAVEDER=72, CORIZQ=73, CORDER=74, WHITESPACE=75, COMMENT=76, LINE_COMMENT=77, 'i64'=1, 'f64'=2, 'bool'=3, 'char'=4, 'String'=5, '&str'=6, 'usize'=7, 'vec'=8, 'struct'=9, 'true'=10, 'false'=11, 'pow'=12, 'println!'=13, 'let'=14, 'mut'=15, 'fn'=16, '->'=17, '=>'=18, 'abs'=19, 'sqrt'=20, 'to_string'=21, 'clone'=22, 'new'=23, 'len'=24, 'push'=25, 'remove'=26, 'contains'=27, 'insert'=28, 'capacity'=29, 'with_capacity'=30, 'main'=31, 'if'=32, 'else'=33, 'match'=34, 'loop'=35, 'while'=36, 'for'=37, 'in'=38, 'break'=39, 'continue'=40, 'return'=41, 'mod'=42, 'pub'=43, '.'=47, '::'=48, ':'=49, ';'=50, ','=51, '!='=52, '=='=53, '!'=54, '||'=55, '|'=56, '_'=57, '&&'=58, '='=59, '>='=60, '<='=61, '>'=62, '<'=63, '*'=64, '/'=65, '+'=66, '-'=67, '%'=68, '('=69, ')'=70, '{'=71, '}'=72, '['=73, ']'=74}
2022-03-17 05:08:53:342 semantics LogManager.java:25 tokens={EOF=-1, INT=1, FLOAT=2, BOOL=3, CHAR=4, STR1=5, STR2=6, USIZE=7, VECTOR=8, STRUCT=9, TRU=10, FAL=11, POW=12, PRINT=13, LET=14, MUT=15, FUNC=16, ARROW1=17, ARROW2=18, ABS=19, SQRT=20, TOSTR=21, CLONE=22, NEW=23, LEN=24, PUSH=25, REMOVE=26, CONTAINS=27, INSERT=28, CAPACITY=29, WCAPACITY=30, MAIN=31, IF=32, ELSE=33, MATCH=34, LOOP=35, WHILE=36, FOR=37, IN=38, BREAK=39, CONTINUE=40, RETURN=41, MODULE=42, PUB=43, NUMBER=44, STRING=45, ID=46, PUNTO=47, C_PTS=48, D_PTS=49, PYC=50, COMA=51, DIFERENTE=52, IG_IG=53, NOT=54, OR=55, PLEC=56, UNDERSCORE=57, AND=58, IGUAL=59, MAYORIGUAL=60, MENORIGUAL=61, MAYOR=62, MENOR=63, MUL=64, DIV=65, ADD=66, SUB=67, MOD=68, PARIZQ=69, PARDER=70, LLAVEIZQ=71, LLAVEDER=72, CORIZQ=73, CORDER=74, WHITESPACE=75, COMMENT=76, LINE_COMMENT=77}
2022-03-17 05:08:53:342 semantics LogManager.java:25 strings={'i64'=1, 'f64'=2, 'bool'=3, 'char'=4, 'String'=5, '&str'=6, 'usize'=7, 'vec'=8, 'struct'=9, 'true'=10, 'false'=11, 'pow'=12, 'println!'=13, 'let'=14, 'mut'=15, 'fn'=16, '->'=17, '=>'=18, 'abs'=19, 'sqrt'=20, 'to_string'=21, 'clone'=22, 'new'=23, 'len'=24, 'push'=25, 'remove'=26, 'contains'=27, 'insert'=28, 'capacity'=29, 'with_capacity'=30, 'main'=31, 'if'=32, 'else'=33, 'match'=34, 'loop'=35, 'while'=36, 'for'=37, 'in'=38, 'break'=39, 'continue'=40, 'return'=41, 'mod'=42, 'pub'=43, '.'=47, '::'=48, ':'=49, ';'=50, ','=51, '!='=52, '=='=53, '!'=54, '||'=55, '|'=56, '_'=57, '&&'=58, '='=59, '>='=60, '<='=61, '>'=62, '<'=63, '*'=64, '/'=65, '+'=66, '-'=67, '%'=68, '('=69, ')'=70, '{'=71, '}'=72, '['=73, ']'=74}
2022-03-17 05:08:53:391 LL1 LogManager.java:25 
DECISION 0 in rule start
2022-03-17 05:08:53:391 LL1 LogManager.java:25 look=[{14, 16, 42}, 16]
2022-03-17 05:08:53:391 LL1 LogManager.java:25 LL(1)? false
2022-03-17 05:08:53:391 LL1 LogManager.java:25 
DECISION 1 in rule start
2022-03-17 05:08:53:391 LL1 LogManager.java:25 look=[{14, 16, 42}, <EOF>]
2022-03-17 05:08:53:391 LL1 LogManager.java:25 LL(1)? true
2022-03-17 05:08:53:391 LL1 LogManager.java:25 
DECISION 2 in rule global_env
2022-03-17 05:08:53:391 LL1 LogManager.java:25 look=[14, 16, 42]
2022-03-17 05:08:53:391 LL1 LogManager.java:25 LL(1)? true
2022-03-17 05:08:53:391 LL1 LogManager.java:25 
DECISION 3 in rule instructions
2022-03-17 05:08:53:391 LL1 LogManager.java:25 look=[{13..14, 32, 34, 36, 39, 46}, 72]
2022-03-17 05:08:53:391 LL1 LogManager.java:25 LL(1)? true
2022-03-17 05:08:53:391 LL1 LogManager.java:25 
DECISION 4 in rule instruction
2022-03-17 05:08:53:391 LL1 LogManager.java:25 look=[13, 14, 46, 32, 34, 36, 39]
2022-03-17 05:08:53:391 LL1 LogManager.java:25 LL(1)? true
2022-03-17 05:08:53:391 LL1 LogManager.java:25 
DECISION 5 in rule transBreak
2022-03-17 05:08:53:391 LL1 LogManager.java:25 look=[39, 39]
2022-03-17 05:08:53:391 LL1 LogManager.java:25 LL(1)? false
2022-03-17 05:08:53:391 LL1 LogManager.java:25 
DECISION 6 in rule condIf
2022-03-17 05:08:53:392 LL1 LogManager.java:25 look=[33, null]
2022-03-17 05:08:53:392 LL1 LogManager.java:25 LL(1)? false
2022-03-17 05:08:53:392 LL1 LogManager.java:25 
DECISION 7 in rule condElse
2022-03-17 05:08:53:392 LL1 LogManager.java:25 look=[33, null]
2022-03-17 05:08:53:392 LL1 LogManager.java:25 LL(1)? false
2022-03-17 05:08:53:392 LL1 LogManager.java:25 
DECISION 8 in rule block
2022-03-17 05:08:53:393 LL1 LogManager.java:25 look=[{13..14, 32, 34, 36, 39, 46}, {10..11, 32, 34, 44..46, 69, 73}]
2022-03-17 05:08:53:393 LL1 LogManager.java:25 LL(1)? false
2022-03-17 05:08:53:393 LL1 LogManager.java:25 
DECISION 9 in rule block
2022-03-17 05:08:53:393 LL1 LogManager.java:25 look=[null, null]
2022-03-17 05:08:53:393 LL1 LogManager.java:25 LL(1)? false
2022-03-17 05:08:53:393 LL1 LogManager.java:25 
DECISION 10 in rule block
2022-03-17 05:08:53:393 LL1 LogManager.java:25 look=[null, {51, 72}]
2022-03-17 05:08:53:393 LL1 LogManager.java:25 LL(1)? false
2022-03-17 05:08:53:393 LL1 LogManager.java:25 
DECISION 11 in rule condMatch
2022-03-17 05:08:53:393 LL1 LogManager.java:25 look=[{10..11, 32, 34, 44..46, 69, 73}, {57, 72}]
2022-03-17 05:08:53:393 LL1 LogManager.java:25 LL(1)? true
2022-03-17 05:08:53:393 LL1 LogManager.java:25 
DECISION 12 in rule listArms
2022-03-17 05:08:53:393 LL1 LogManager.java:25 look=[{10..11, 32, 34, 44..46, 69, 73}, {10..11, 32, 34, 44..46, 69, 73}]
2022-03-17 05:08:53:393 LL1 LogManager.java:25 LL(1)? false
2022-03-17 05:08:53:393 LL1 LogManager.java:25 
DECISION 13 in rule listMatch
2022-03-17 05:08:53:393 LL1 LogManager.java:25 look=[null, 18]
2022-03-17 05:08:53:393 LL1 LogManager.java:25 LL(1)? false
2022-03-17 05:08:53:393 LL1 LogManager.java:25 
DECISION 14 in rule defaultArm
2022-03-17 05:08:53:393 LL1 LogManager.java:25 look=[57, 57, 72]
2022-03-17 05:08:53:393 LL1 LogManager.java:25 LL(1)? false
2022-03-17 05:08:53:393 LL1 LogManager.java:25 
DECISION 15 in rule declaration
2022-03-17 05:08:53:393 LL1 LogManager.java:25 look=[14, 14, 14, 14, 14, 14]
2022-03-17 05:08:53:393 LL1 LogManager.java:25 LL(1)? false
2022-03-17 05:08:53:393 LL1 LogManager.java:25 
DECISION 16 in rule arrayType
2022-03-17 05:08:53:393 LL1 LogManager.java:25 look=[73, 73]
2022-03-17 05:08:53:393 LL1 LogManager.java:25 LL(1)? false
2022-03-17 05:08:53:393 LL1 LogManager.java:25 
DECISION 17 in rule types
2022-03-17 05:08:53:393 LL1 LogManager.java:25 look=[1, 2, 3, 4, 5, 8, 9]
2022-03-17 05:08:53:393 LL1 LogManager.java:25 LL(1)? true
2022-03-17 05:08:53:393 LL1 LogManager.java:25 
DECISION 18 in rule listParams
2022-03-17 05:08:53:393 LL1 LogManager.java:25 look=[null, {70, 74}]
2022-03-17 05:08:53:393 LL1 LogManager.java:25 LL(1)? false
2022-03-17 05:08:53:393 LL1 LogManager.java:25 
DECISION 19 in rule expr_arit
2022-03-17 05:08:53:393 LL1 LogManager.java:25 look=[73, 69, {10..11, 44..46}, 32, 34]
2022-03-17 05:08:53:393 LL1 LogManager.java:25 LL(1)? true
2022-03-17 05:08:53:393 LL1 LogManager.java:25 
DECISION 20 in rule expr_arit
2022-03-17 05:08:53:393 LL1 LogManager.java:25 look=[null, null, null]
2022-03-17 05:08:53:394 LL1 LogManager.java:25 LL(1)? false
2022-03-17 05:08:53:394 LL1 LogManager.java:25 
DECISION 21 in rule expr_arit
2022-03-17 05:08:53:394 LL1 LogManager.java:25 look=[null, null]
2022-03-17 05:08:53:394 LL1 LogManager.java:25 LL(1)? false
2022-03-17 05:08:53:394 LL1 LogManager.java:25 
DECISION 22 in rule primitive
2022-03-17 05:08:53:394 LL1 LogManager.java:25 look=[44, 45, 10, 11, 46]
2022-03-17 05:08:53:394 LL1 LogManager.java:25 LL(1)? true
2022-03-17 05:08:53:394 LL1 LogManager.java:25 
DECISION 23 in rule listArray
2022-03-17 05:08:53:394 LL1 LogManager.java:25 look=[null, null]
2022-03-17 05:08:53:394 LL1 LogManager.java:25 LL(1)? false
2022-03-17 05:08:53:410 action-translator LogManager.java:25 translate 
    import arrayList "github.com/colegno/arraylist"
    import "OLC2/interfaces"
    import "OLC2/expressions"
    import "OLC2/instructions"
    import "OLC2/environment"
    import "strings"

2022-03-17 05:08:53:453 action-translator LogManager.java:25 translate 
        global := arrayList.New()
        listInt := localctx.(*StartContext).GetE()
        for _, e := range listInt {
            global.Add(e.GetHi())
        }
        $code = environment.NewCode($main.mainInst, global)
    
2022-03-17 05:08:53:454 action-translator LogManager.java:25 attr [@-1,181:184='code',<0>,24:9]
2022-03-17 05:08:53:454 action-translator LogManager.java:25 qattr [@-1,209:212='main',<0>,24:37].[@-1,214:221='mainInst',<0>,24:42]
2022-03-17 05:08:53:455 action-translator LogManager.java:25 translate $hi = "declaration"
2022-03-17 05:08:53:455 action-translator LogManager.java:25 attr [@-1,1:2='hi',<0>,29:19]
2022-03-17 05:08:53:455 action-translator LogManager.java:25 translate $hi = "function"
2022-03-17 05:08:53:456 action-translator LogManager.java:25 attr [@-1,1:2='hi',<0>,30:12]
2022-03-17 05:08:53:456 action-translator LogManager.java:25 translate $hi = "module"
2022-03-17 05:08:53:456 action-translator LogManager.java:25 attr [@-1,1:2='hi',<0>,31:10]
2022-03-17 05:08:53:457 action-translator LogManager.java:25 translate  $mainInst = $instructions.insts 
2022-03-17 05:08:53:457 action-translator LogManager.java:25 attr [@-1,2:9='mainInst',<0>,35:59]
2022-03-17 05:08:53:457 action-translator LogManager.java:25 qattr [@-1,14:25='instructions',<0>,35:71].[@-1,27:31='insts',<0>,35:84]
2022-03-17 05:08:53:457 action-translator LogManager.java:25 translate 
    $insts = arrayList.New()
  
2022-03-17 05:08:53:457 action-translator LogManager.java:25 attr [@-1,7:11='insts',<0>,40:5]
2022-03-17 05:08:53:458 action-translator LogManager.java:25 translate 
        listInt := localctx.(*InstructionsContext).GetE()
        for _, e := range listInt {
            $insts.Add(e.GetInst())
        }
    
2022-03-17 05:08:53:458 action-translator LogManager.java:25 attr [@-1,111:115='insts',<0>,46:13]
2022-03-17 05:08:53:458 action-translator LogManager.java:25 translate  $inst = $impression.pr 
2022-03-17 05:08:53:459 action-translator LogManager.java:25 attr [@-1,2:5='inst',<0>,52:19]
2022-03-17 05:08:53:459 action-translator LogManager.java:25 qattr [@-1,10:19='impression',<0>,52:27].[@-1,21:22='pr',<0>,52:38]
2022-03-17 05:08:53:459 action-translator LogManager.java:25 translate  $inst = $declaration.dec 
2022-03-17 05:08:53:459 action-translator LogManager.java:25 attr [@-1,2:5='inst',<0>,53:20]
2022-03-17 05:08:53:459 action-translator LogManager.java:25 qattr [@-1,10:20='declaration',<0>,53:28].[@-1,22:24='dec',<0>,53:40]
2022-03-17 05:08:53:459 action-translator LogManager.java:25 translate  $inst = $assignment.ass 
2022-03-17 05:08:53:459 action-translator LogManager.java:25 attr [@-1,2:5='inst',<0>,54:19]
2022-03-17 05:08:53:459 action-translator LogManager.java:25 qattr [@-1,10:19='assignment',<0>,54:27].[@-1,21:23='ass',<0>,54:38]
2022-03-17 05:08:53:459 action-translator LogManager.java:25 translate  $inst = $condIf.ifCond 
2022-03-17 05:08:53:459 action-translator LogManager.java:25 attr [@-1,2:5='inst',<0>,55:11]
2022-03-17 05:08:53:459 action-translator LogManager.java:25 qattr [@-1,10:15='condIf',<0>,55:19].[@-1,17:22='ifCond',<0>,55:26]
2022-03-17 05:08:53:459 action-translator LogManager.java:25 translate  $inst = $condMatch.mtch 
2022-03-17 05:08:53:459 action-translator LogManager.java:25 attr [@-1,2:5='inst',<0>,56:14]
2022-03-17 05:08:53:460 action-translator LogManager.java:25 qattr [@-1,10:18='condMatch',<0>,56:22].[@-1,20:23='mtch',<0>,56:32]
2022-03-17 05:08:53:460 action-translator LogManager.java:25 translate  $inst = $loopWhile.lw 
2022-03-17 05:08:53:460 action-translator LogManager.java:25 attr [@-1,2:5='inst',<0>,57:14]
2022-03-17 05:08:53:460 action-translator LogManager.java:25 qattr [@-1,10:18='loopWhile',<0>,57:22].[@-1,20:21='lw',<0>,57:32]
2022-03-17 05:08:53:460 action-translator LogManager.java:25 translate  $inst = $transBreak.brk 
2022-03-17 05:08:53:460 action-translator LogManager.java:25 attr [@-1,2:5='inst',<0>,58:19]
2022-03-17 05:08:53:460 action-translator LogManager.java:25 qattr [@-1,10:19='transBreak',<0>,58:27].[@-1,21:23='brk',<0>,58:38]
2022-03-17 05:08:53:460 action-translator LogManager.java:25 translate  $lw = instructions.NewWhile($WHILE.line, $WHILE.pos, $expression.p, $block.blk ) 
2022-03-17 05:08:53:460 action-translator LogManager.java:25 attr [@-1,2:3='lw',<0>,62:45]
2022-03-17 05:08:53:460 action-translator LogManager.java:25 qattr [@-1,30:34='WHILE',<0>,62:73].[@-1,36:39='line',<0>,62:79]
2022-03-17 05:08:53:460 action-translator LogManager.java:25 qattr [@-1,43:47='WHILE',<0>,62:86].[@-1,49:51='pos',<0>,62:92]
2022-03-17 05:08:53:460 action-translator LogManager.java:25 qattr [@-1,55:64='expression',<0>,62:98].[@-1,66:66='p',<0>,62:109]
2022-03-17 05:08:53:460 action-translator LogManager.java:25 qattr [@-1,70:74='block',<0>,62:113].[@-1,76:78='blk',<0>,62:119]
2022-03-17 05:08:53:460 action-translator LogManager.java:25 translate  $brk = instructions.NewBreak($BREAK.line, $BREAK.pos, $expression.p) 
2022-03-17 05:08:53:462 action-translator LogManager.java:25 attr [@-1,2:4='brk',<0>,66:21]
2022-03-17 05:08:53:462 action-translator LogManager.java:25 qattr [@-1,31:35='BREAK',<0>,66:50].[@-1,37:40='line',<0>,66:56]
2022-03-17 05:08:53:462 action-translator LogManager.java:25 qattr [@-1,44:48='BREAK',<0>,66:63].[@-1,50:52='pos',<0>,66:69]
2022-03-17 05:08:53:462 action-translator LogManager.java:25 qattr [@-1,56:65='expression',<0>,66:75].[@-1,67:67='p',<0>,66:86]
2022-03-17 05:08:53:462 action-translator LogManager.java:25 translate  $brk = instructions.NewBreak($BREAK.line, $BREAK.pos, nil) 
2022-03-17 05:08:53:462 action-translator LogManager.java:25 attr [@-1,2:4='brk',<0>,67:10]
2022-03-17 05:08:53:462 action-translator LogManager.java:25 qattr [@-1,31:35='BREAK',<0>,67:39].[@-1,37:40='line',<0>,67:45]
2022-03-17 05:08:53:462 action-translator LogManager.java:25 qattr [@-1,44:48='BREAK',<0>,67:52].[@-1,50:52='pos',<0>,67:58]
2022-03-17 05:08:53:462 action-translator LogManager.java:25 translate 
            elif := arrayList.New()
            listElif := localctx.(*CondIfContext).GetE()
            for _, e := range listElif {
                elif.Add(e.GetElif())
            }
            $ifCond = instructions.NewIf($IF.line, $IF.pos, $expression.p, $block.blk, elif, $condElse.blkelse)
            
2022-03-17 05:08:53:462 action-translator LogManager.java:25 attr [@-1,206:211='ifCond',<0>,77:13]
2022-03-17 05:08:53:462 action-translator LogManager.java:25 qattr [@-1,235:236='IF',<0>,77:42].[@-1,238:241='line',<0>,77:45]
2022-03-17 05:08:53:462 action-translator LogManager.java:25 qattr [@-1,245:246='IF',<0>,77:52].[@-1,248:250='pos',<0>,77:55]
2022-03-17 05:08:53:462 action-translator LogManager.java:25 qattr [@-1,254:263='expression',<0>,77:61].[@-1,265:265='p',<0>,77:72]
2022-03-17 05:08:53:462 action-translator LogManager.java:25 qattr [@-1,269:273='block',<0>,77:76].[@-1,275:277='blk',<0>,77:82]
2022-03-17 05:08:53:463 action-translator LogManager.java:25 qattr [@-1,287:294='condElse',<0>,77:94].[@-1,296:302='blkelse',<0>,77:103]
2022-03-17 05:08:53:463 action-translator LogManager.java:25 translate 
    elif := arrayList.New()
    condelse := arrayList.New()
    $elif = instructions.NewIf($ELSE.line, $ELSE.pos, $expression.p, $block.blk, elif, condelse)
    
2022-03-17 05:08:53:463 action-translator LogManager.java:25 attr [@-1,69:72='elif',<0>,85:5]
2022-03-17 05:08:53:463 action-translator LogManager.java:25 qattr [@-1,96:99='ELSE',<0>,85:32].[@-1,101:104='line',<0>,85:37]
2022-03-17 05:08:53:463 action-translator LogManager.java:25 qattr [@-1,108:111='ELSE',<0>,85:44].[@-1,113:115='pos',<0>,85:49]
2022-03-17 05:08:53:463 action-translator LogManager.java:25 qattr [@-1,119:128='expression',<0>,85:55].[@-1,130:130='p',<0>,85:66]
2022-03-17 05:08:53:464 action-translator LogManager.java:25 qattr [@-1,134:138='block',<0>,85:70].[@-1,140:142='blk',<0>,85:76]
2022-03-17 05:08:53:464 action-translator LogManager.java:25 translate  $blkelse = $block.blk 
2022-03-17 05:08:53:464 action-translator LogManager.java:25 attr [@-1,2:8='blkelse',<0>,90:33]
2022-03-17 05:08:53:464 action-translator LogManager.java:25 qattr [@-1,13:17='block',<0>,90:44].[@-1,19:21='blk',<0>,90:50]
2022-03-17 05:08:53:464 action-translator LogManager.java:25 translate  $blkelse = arrayList.New() 
2022-03-17 05:08:53:464 action-translator LogManager.java:25 attr [@-1,2:8='blkelse',<0>,91:4]
2022-03-17 05:08:53:465 action-translator LogManager.java:25 translate 
    $blk = arrayList.New()
  
2022-03-17 05:08:53:465 action-translator LogManager.java:25 attr [@-1,7:9='blk',<0>,96:5]
2022-03-17 05:08:53:465 action-translator LogManager.java:25 translate 
2022-03-17 05:08:53:465 action-translator LogManager.java:25 translate  $blk.Add($instruction.inst) 
2022-03-17 05:08:53:465 action-translator LogManager.java:25 attr [@-1,2:4='blk',<0>,2:43]
2022-03-17 05:08:53:465 action-translator LogManager.java:25 qattr [@-1,11:21='instruction',<0>,2:52].[@-1,23:26='inst',<0>,2:64]
2022-03-17 05:08:53:465 action-translator LogManager.java:25 translate  $blk.Add($expression.p) 
2022-03-17 05:08:53:465 action-translator LogManager.java:25 attr [@-1,2:4='blk',<0>,3:39]
2022-03-17 05:08:53:466 action-translator LogManager.java:25 qattr [@-1,11:20='expression',<0>,3:48].[@-1,22:22='p',<0>,3:59]
2022-03-17 05:08:53:466 action-translator LogManager.java:25 translate p.Precpred(p.GetParserRuleContext(), 4)
2022-03-17 05:08:53:466 action-translator LogManager.java:25 translate 
                                      $bloque.blk.Add($instruction.inst)
                                      $blk = $bloque.blk
                                      
2022-03-17 05:08:53:466 action-translator LogManager.java:25 qattr [@-1,41:46='bloque',<0>,7:39].[@-1,48:50='blk',<0>,7:46]
2022-03-17 05:08:53:466 action-translator LogManager.java:25 qattr [@-1,57:67='instruction',<0>,7:55].[@-1,69:72='inst',<0>,7:67]
2022-03-17 05:08:53:466 action-translator LogManager.java:25 attr [@-1,115:117='blk',<0>,8:39]
2022-03-17 05:08:53:467 action-translator LogManager.java:25 qattr [@-1,122:127='bloque',<0>,8:46].[@-1,129:131='blk',<0>,8:53]
2022-03-17 05:08:53:467 action-translator LogManager.java:25 translate p.Precpred(p.GetParserRuleContext(), 3)
2022-03-17 05:08:53:467 action-translator LogManager.java:25 translate 
                                      $bloque.blk.Add($expression.p)
                                      $blk = $bloque.blk
                                     
2022-03-17 05:08:53:467 action-translator LogManager.java:25 qattr [@-1,41:46='bloque',<0>,11:39].[@-1,48:50='blk',<0>,11:46]
2022-03-17 05:08:53:467 action-translator LogManager.java:25 qattr [@-1,57:66='expression',<0>,11:55].[@-1,68:68='p',<0>,11:66]
2022-03-17 05:08:53:467 action-translator LogManager.java:25 attr [@-1,111:113='blk',<0>,12:39]
2022-03-17 05:08:53:467 action-translator LogManager.java:25 qattr [@-1,118:123='bloque',<0>,12:46].[@-1,125:127='blk',<0>,12:53]
2022-03-17 05:08:53:468 action-translator LogManager.java:25 translate p.Precpred(p.GetParserRuleContext(), 4)
2022-03-17 05:08:53:468 action-translator LogManager.java:25 translate p.Precpred(p.GetParserRuleContext(), 3)
2022-03-17 05:08:53:468 action-translator LogManager.java:25 translate 
        arrarms := arrayList.New()
        larms := localctx.(*CondMatchContext).GetE()
        for _, e := range larms {
            arrarms.Add(e.GetArms())
        }
        $mtch = instructions.NewMatch($MATCH.line, $MATCH.pos, $expression.p, arrarms, $defaultArm.defa)
        
2022-03-17 05:08:53:469 action-translator LogManager.java:25 attr [@-1,185:188='mtch',<0>,118:9]
2022-03-17 05:08:53:469 action-translator LogManager.java:25 qattr [@-1,215:219='MATCH',<0>,118:39].[@-1,221:224='line',<0>,118:45]
2022-03-17 05:08:53:469 action-translator LogManager.java:25 qattr [@-1,228:232='MATCH',<0>,118:52].[@-1,234:236='pos',<0>,118:58]
2022-03-17 05:08:53:469 action-translator LogManager.java:25 qattr [@-1,240:249='expression',<0>,118:64].[@-1,251:251='p',<0>,118:75]
2022-03-17 05:08:53:469 action-translator LogManager.java:25 qattr [@-1,264:273='defaultArm',<0>,118:88].[@-1,275:278='defa',<0>,118:99]
2022-03-17 05:08:53:469 action-translator LogManager.java:25 translate 
         $arms = instructions.NewArm($listMatch.start.GetLine(),$listMatch.start.GetColumn(), $listMatch.ma, $block.blk)
         
2022-03-17 05:08:53:469 action-translator LogManager.java:25 attr [@-1,12:15='arms',<0>,124:10]
2022-03-17 05:08:53:470 action-translator LogManager.java:25 qattr [@-1,40:48='listMatch',<0>,124:38].[@-1,50:54='start',<0>,124:48]
2022-03-17 05:08:53:470 action-translator LogManager.java:25 qattr [@-1,67:75='listMatch',<0>,124:65].[@-1,77:81='start',<0>,124:75]
2022-03-17 05:08:53:470 action-translator LogManager.java:25 qattr [@-1,97:105='listMatch',<0>,124:95].[@-1,107:108='ma',<0>,124:105]
2022-03-17 05:08:53:470 action-translator LogManager.java:25 qattr [@-1,112:116='block',<0>,124:110].[@-1,118:120='blk',<0>,124:116]
2022-03-17 05:08:53:470 action-translator LogManager.java:25 translate 
        $arms = instructions.NewArm($listMatch.start.GetLine(),$listMatch.start.GetColumn(), $listMatch.ma, $block.blk)
        
2022-03-17 05:08:53:470 action-translator LogManager.java:25 attr [@-1,11:14='arms',<0>,127:9]
2022-03-17 05:08:53:470 action-translator LogManager.java:25 qattr [@-1,39:47='listMatch',<0>,127:37].[@-1,49:53='start',<0>,127:47]
2022-03-17 05:08:53:470 action-translator LogManager.java:25 qattr [@-1,66:74='listMatch',<0>,127:64].[@-1,76:80='start',<0>,127:74]
2022-03-17 05:08:53:470 action-translator LogManager.java:25 qattr [@-1,96:104='listMatch',<0>,127:94].[@-1,106:107='ma',<0>,127:104]
2022-03-17 05:08:53:470 action-translator LogManager.java:25 qattr [@-1,111:115='block',<0>,127:109].[@-1,117:119='blk',<0>,127:115]
2022-03-17 05:08:53:471 action-translator LogManager.java:25 translate 
2022-03-17 05:08:53:471 action-translator LogManager.java:25 translate 
                 $ma = arrayList.New()
                 $ma.Add($expression.p)
              
2022-03-17 05:08:53:471 action-translator LogManager.java:25 attr [@-1,20:21='ma',<0>,3:18]
2022-03-17 05:08:53:471 action-translator LogManager.java:25 attr [@-1,60:61='ma',<0>,4:18]
2022-03-17 05:08:53:471 action-translator LogManager.java:25 qattr [@-1,68:77='expression',<0>,4:26].[@-1,79:79='p',<0>,4:37]
2022-03-17 05:08:53:471 action-translator LogManager.java:25 translate p.Precpred(p.GetParserRuleContext(), 2)
2022-03-17 05:08:53:471 action-translator LogManager.java:25 translate 
                                          $lma.ma.Add($expression.p)
                                          $ma = $lma.ma
                                       
2022-03-17 05:08:53:471 action-translator LogManager.java:25 qattr [@-1,45:47='lma',<0>,9:43].[@-1,49:50='ma',<0>,9:47]
2022-03-17 05:08:53:471 action-translator LogManager.java:25 qattr [@-1,57:66='expression',<0>,9:55].[@-1,68:68='p',<0>,9:66]
2022-03-17 05:08:53:471 action-translator LogManager.java:25 attr [@-1,115:116='ma',<0>,10:43]
2022-03-17 05:08:53:471 action-translator LogManager.java:25 qattr [@-1,121:123='lma',<0>,10:49].[@-1,125:126='ma',<0>,10:53]
2022-03-17 05:08:53:472 action-translator LogManager.java:25 translate p.Precpred(p.GetParserRuleContext(), 2)
2022-03-17 05:08:53:472 action-translator LogManager.java:25 translate  $defa = $block.blk 
2022-03-17 05:08:53:472 action-translator LogManager.java:25 attr [@-1,2:5='defa',<0>,143:33]
2022-03-17 05:08:53:473 action-translator LogManager.java:25 qattr [@-1,10:14='block',<0>,143:41].[@-1,16:18='blk',<0>,143:47]
2022-03-17 05:08:53:473 action-translator LogManager.java:25 translate  $defa = $block.blk 
2022-03-17 05:08:53:473 action-translator LogManager.java:25 attr [@-1,2:5='defa',<0>,144:51]
2022-03-17 05:08:53:473 action-translator LogManager.java:25 qattr [@-1,10:14='block',<0>,144:59].[@-1,16:18='blk',<0>,144:65]
2022-03-17 05:08:53:473 action-translator LogManager.java:25 translate  $defa = arrayList.New() 
2022-03-17 05:08:53:473 action-translator LogManager.java:25 attr [@-1,2:5='defa',<0>,145:4]
2022-03-17 05:08:53:474 action-translator LogManager.java:25 translate  $pr = instructions.NewPrint($PRINT.line,$PRINT.pos,$listParams.l) 
2022-03-17 05:08:53:474 action-translator LogManager.java:25 attr [@-1,2:3='pr',<0>,149:35]
2022-03-17 05:08:53:474 action-translator LogManager.java:25 qattr [@-1,30:34='PRINT',<0>,149:63].[@-1,36:39='line',<0>,149:69]
2022-03-17 05:08:53:474 action-translator LogManager.java:25 qattr [@-1,42:46='PRINT',<0>,149:75].[@-1,48:50='pos',<0>,149:81]
2022-03-17 05:08:53:474 action-translator LogManager.java:25 qattr [@-1,53:62='listParams',<0>,149:86].[@-1,64:64='l',<0>,149:97]
2022-03-17 05:08:53:476 action-translator LogManager.java:25 translate  $dec = instructions.NewDeclaration($LET.line, $LET.pos, $ID.text, $types.ty, $expression.p, true) 
2022-03-17 05:08:53:476 action-translator LogManager.java:25 attr [@-1,2:4='dec',<0>,153:46]
2022-03-17 05:08:53:476 action-translator LogManager.java:25 qattr [@-1,37:39='LET',<0>,153:81].[@-1,41:44='line',<0>,153:85]
2022-03-17 05:08:53:476 action-translator LogManager.java:25 qattr [@-1,48:50='LET',<0>,153:92].[@-1,52:54='pos',<0>,153:96]
2022-03-17 05:08:53:476 action-translator LogManager.java:25 qattr [@-1,58:59='ID',<0>,153:102].[@-1,61:64='text',<0>,153:105]
2022-03-17 05:08:53:476 action-translator LogManager.java:25 qattr [@-1,68:72='types',<0>,153:112].[@-1,74:75='ty',<0>,153:118]
2022-03-17 05:08:53:476 action-translator LogManager.java:25 qattr [@-1,79:88='expression',<0>,153:123].[@-1,90:90='p',<0>,153:134]
2022-03-17 05:08:53:477 action-translator LogManager.java:25 translate  $dec = instructions.NewDeclaration($LET.line, $LET.pos, $ID.text, environment.WILDCARD, $expression.p, true) 
2022-03-17 05:08:53:477 action-translator LogManager.java:25 attr [@-1,2:4='dec',<0>,154:46]
2022-03-17 05:08:53:477 action-translator LogManager.java:25 qattr [@-1,37:39='LET',<0>,154:81].[@-1,41:44='line',<0>,154:85]
2022-03-17 05:08:53:477 action-translator LogManager.java:25 qattr [@-1,48:50='LET',<0>,154:92].[@-1,52:54='pos',<0>,154:96]
2022-03-17 05:08:53:477 action-translator LogManager.java:25 qattr [@-1,58:59='ID',<0>,154:102].[@-1,61:64='text',<0>,154:105]
2022-03-17 05:08:53:477 action-translator LogManager.java:25 qattr [@-1,90:99='expression',<0>,154:134].[@-1,101:101='p',<0>,154:145]
2022-03-17 05:08:53:477 action-translator LogManager.java:25 translate  $dec = instructions.NewDeclaration($LET.line, $LET.pos, $ID.text, $types.ty, $expression.p, false) 
2022-03-17 05:08:53:478 action-translator LogManager.java:25 attr [@-1,2:4='dec',<0>,155:46]
2022-03-17 05:08:53:478 action-translator LogManager.java:25 qattr [@-1,37:39='LET',<0>,155:81].[@-1,41:44='line',<0>,155:85]
2022-03-17 05:08:53:478 action-translator LogManager.java:25 qattr [@-1,48:50='LET',<0>,155:92].[@-1,52:54='pos',<0>,155:96]
2022-03-17 05:08:53:478 action-translator LogManager.java:25 qattr [@-1,58:59='ID',<0>,155:102].[@-1,61:64='text',<0>,155:105]
2022-03-17 05:08:53:478 action-translator LogManager.java:25 qattr [@-1,68:72='types',<0>,155:112].[@-1,74:75='ty',<0>,155:118]
2022-03-17 05:08:53:478 action-translator LogManager.java:25 qattr [@-1,79:88='expression',<0>,155:123].[@-1,90:90='p',<0>,155:134]
2022-03-17 05:08:53:478 action-translator LogManager.java:25 translate  $dec = instructions.NewDeclaration($LET.line, $LET.pos, $ID.text, environment.WILDCARD, $expression.p, false) 
2022-03-17 05:08:53:478 action-translator LogManager.java:25 attr [@-1,2:4='dec',<0>,156:46]
2022-03-17 05:08:53:478 action-translator LogManager.java:25 qattr [@-1,37:39='LET',<0>,156:81].[@-1,41:44='line',<0>,156:85]
2022-03-17 05:08:53:479 action-translator LogManager.java:25 qattr [@-1,48:50='LET',<0>,156:92].[@-1,52:54='pos',<0>,156:96]
2022-03-17 05:08:53:479 action-translator LogManager.java:25 qattr [@-1,58:59='ID',<0>,156:102].[@-1,61:64='text',<0>,156:105]
2022-03-17 05:08:53:479 action-translator LogManager.java:25 qattr [@-1,90:99='expression',<0>,156:134].[@-1,101:101='p',<0>,156:145]
2022-03-17 05:08:53:479 action-translator LogManager.java:25 translate  $dec = instructions.NewArrayDeclaration($LET.line, $LET.pos, $ID.text, $arrayType.t, $expression.p, true) 
2022-03-17 05:08:53:479 action-translator LogManager.java:25 attr [@-1,2:4='dec',<0>,157:48]
2022-03-17 05:08:53:479 action-translator LogManager.java:25 qattr [@-1,42:44='LET',<0>,157:88].[@-1,46:49='line',<0>,157:92]
2022-03-17 05:08:53:479 action-translator LogManager.java:25 qattr [@-1,53:55='LET',<0>,157:99].[@-1,57:59='pos',<0>,157:103]
2022-03-17 05:08:53:480 action-translator LogManager.java:25 qattr [@-1,63:64='ID',<0>,157:109].[@-1,66:69='text',<0>,157:112]
2022-03-17 05:08:53:480 action-translator LogManager.java:25 qattr [@-1,73:81='arrayType',<0>,157:119].[@-1,83:83='t',<0>,157:129]
2022-03-17 05:08:53:480 action-translator LogManager.java:25 qattr [@-1,87:96='expression',<0>,157:133].[@-1,98:98='p',<0>,157:144]
2022-03-17 05:08:53:480 action-translator LogManager.java:25 translate  $dec = instructions.NewArrayDeclaration($LET.line, $LET.pos, $ID.text, $arrayType.t, $expression.p, false) 
2022-03-17 05:08:53:480 action-translator LogManager.java:25 attr [@-1,2:4='dec',<0>,158:46]
2022-03-17 05:08:53:480 action-translator LogManager.java:25 qattr [@-1,42:44='LET',<0>,158:86].[@-1,46:49='line',<0>,158:90]
2022-03-17 05:08:53:480 action-translator LogManager.java:25 qattr [@-1,53:55='LET',<0>,158:97].[@-1,57:59='pos',<0>,158:101]
2022-03-17 05:08:53:480 action-translator LogManager.java:25 qattr [@-1,63:64='ID',<0>,158:107].[@-1,66:69='text',<0>,158:110]
2022-03-17 05:08:53:481 action-translator LogManager.java:25 qattr [@-1,73:81='arrayType',<0>,158:117].[@-1,83:83='t',<0>,158:127]
2022-03-17 05:08:53:481 action-translator LogManager.java:25 qattr [@-1,87:96='expression',<0>,158:131].[@-1,98:98='p',<0>,158:142]
2022-03-17 05:08:53:481 action-translator LogManager.java:25 translate  $ass = instructions.NewAssignment($ID.line, $ID.pos, $ID.text, $expression.p)
2022-03-17 05:08:53:481 action-translator LogManager.java:25 attr [@-1,2:4='ass',<0>,162:24]
2022-03-17 05:08:53:481 action-translator LogManager.java:25 qattr [@-1,36:37='ID',<0>,162:58].[@-1,39:42='line',<0>,162:61]
2022-03-17 05:08:53:482 action-translator LogManager.java:25 qattr [@-1,46:47='ID',<0>,162:68].[@-1,49:51='pos',<0>,162:71]
2022-03-17 05:08:53:482 action-translator LogManager.java:25 qattr [@-1,55:56='ID',<0>,162:77].[@-1,58:61='text',<0>,162:80]
2022-03-17 05:08:53:482 action-translator LogManager.java:25 qattr [@-1,65:74='expression',<0>,162:87].[@-1,76:76='p',<0>,162:98]
2022-03-17 05:08:53:482 action-translator LogManager.java:25 translate 
                                            newType := environment.NewArrayType(environment.ARRAY, $expression.p)
                                           $arrayType.t.Add(newType)
                                           $t = $arrayType.t
                                            
2022-03-17 05:08:53:483 action-translator LogManager.java:25 qattr [@-1,102:111='expression',<0>,167:100].[@-1,113:113='p',<0>,167:111]
2022-03-17 05:08:53:483 action-translator LogManager.java:25 qattr [@-1,161:169='arrayType',<0>,168:44].[@-1,171:171='t',<0>,168:54]
2022-03-17 05:08:53:483 action-translator LogManager.java:25 attr [@-1,231:231='t',<0>,169:44]
2022-03-17 05:08:53:483 action-translator LogManager.java:25 qattr [@-1,236:244='arrayType',<0>,169:49].[@-1,246:246='t',<0>,169:59]
2022-03-17 05:08:53:483 action-translator LogManager.java:25 translate 
                                        $t = arrayList.New()
                                        newType := environment.NewArrayType($types.ty, $expression.p)
                                        $t.Add(newType)
                                     
2022-03-17 05:08:53:483 action-translator LogManager.java:25 attr [@-1,43:43='t',<0>,172:41]
2022-03-17 05:08:53:483 action-translator LogManager.java:25 qattr [@-1,141:145='types',<0>,173:77].[@-1,147:148='ty',<0>,173:83]
2022-03-17 05:08:53:483 action-translator LogManager.java:25 qattr [@-1,152:161='expression',<0>,173:88].[@-1,163:163='p',<0>,173:99]
2022-03-17 05:08:53:484 action-translator LogManager.java:25 attr [@-1,208:208='t',<0>,174:41]
2022-03-17 05:08:53:485 action-translator LogManager.java:25 translate  $ty = environment.INTEGER 
2022-03-17 05:08:53:485 action-translator LogManager.java:25 attr [@-1,2:3='ty',<0>,187:8]
2022-03-17 05:08:53:485 action-translator LogManager.java:25 translate  $ty = environment.FLOAT 
2022-03-17 05:08:53:485 action-translator LogManager.java:25 attr [@-1,2:3='ty',<0>,188:10]
2022-03-17 05:08:53:485 action-translator LogManager.java:25 translate  $ty = environment.BOOLEAN 
2022-03-17 05:08:53:485 action-translator LogManager.java:25 attr [@-1,2:3='ty',<0>,189:9]
2022-03-17 05:08:53:485 action-translator LogManager.java:25 translate  $ty = environment.CHAR 
2022-03-17 05:08:53:485 action-translator LogManager.java:25 attr [@-1,2:3='ty',<0>,190:9]
2022-03-17 05:08:53:486 action-translator LogManager.java:25 translate  $ty = environment.STRING 
2022-03-17 05:08:53:486 action-translator LogManager.java:25 attr [@-1,2:3='ty',<0>,191:9]
2022-03-17 05:08:53:486 action-translator LogManager.java:25 translate  $ty = environment.VECTOR 
2022-03-17 05:08:53:486 action-translator LogManager.java:25 attr [@-1,2:3='ty',<0>,192:11]
2022-03-17 05:08:53:486 action-translator LogManager.java:25 translate  $ty = environment.STRUCT 
2022-03-17 05:08:53:486 action-translator LogManager.java:25 attr [@-1,2:3='ty',<0>,193:11]
2022-03-17 05:08:53:486 action-translator LogManager.java:25 translate 
2022-03-17 05:08:53:487 action-translator LogManager.java:25 translate 
                $l = arrayList.New()
                $l.Add($expression.p)
             
2022-03-17 05:08:53:487 action-translator LogManager.java:25 attr [@-1,19:19='l',<0>,3:17]
2022-03-17 05:08:53:487 action-translator LogManager.java:25 attr [@-1,57:57='l',<0>,4:17]
2022-03-17 05:08:53:487 action-translator LogManager.java:25 qattr [@-1,64:73='expression',<0>,4:24].[@-1,75:75='p',<0>,4:35]
2022-03-17 05:08:53:487 action-translator LogManager.java:25 translate p.Precpred(p.GetParserRuleContext(), 2)
2022-03-17 05:08:53:487 action-translator LogManager.java:25 translate 
                                                  $list.l.Add($expression.p)
                                                  $l = $list.l
                                               
2022-03-17 05:08:53:487 action-translator LogManager.java:25 qattr [@-1,53:56='list',<0>,9:51].[@-1,58:58='l',<0>,9:56]
2022-03-17 05:08:53:487 action-translator LogManager.java:25 qattr [@-1,65:74='expression',<0>,9:63].[@-1,76:76='p',<0>,9:74]
2022-03-17 05:08:53:488 action-translator LogManager.java:25 attr [@-1,131:131='l',<0>,10:51]
2022-03-17 05:08:53:488 action-translator LogManager.java:25 qattr [@-1,136:139='list',<0>,10:56].[@-1,141:141='l',<0>,10:61]
2022-03-17 05:08:53:488 action-translator LogManager.java:25 translate p.Precpred(p.GetParserRuleContext(), 2)
2022-03-17 05:08:53:488 action-translator LogManager.java:25 translate  $p = $expr_arit.p 
2022-03-17 05:08:53:488 action-translator LogManager.java:25 attr [@-1,2:2='p',<0>,208:14]
2022-03-17 05:08:53:488 action-translator LogManager.java:25 qattr [@-1,7:15='expr_arit',<0>,208:19].[@-1,17:17='p',<0>,208:29]
2022-03-17 05:08:53:489 action-translator LogManager.java:25 translate 
2022-03-17 05:08:53:490 action-translator LogManager.java:25 translate  $p = expressions.NewArray($CORIZQ.line, $CORIZQ.pos, $listParams.l) 
2022-03-17 05:08:53:490 action-translator LogManager.java:25 attr [@-1,2:2='p',<0>,2:88]
2022-03-17 05:08:53:490 action-translator LogManager.java:25 qattr [@-1,28:33='CORIZQ',<0>,2:114].[@-1,35:38='line',<0>,2:121]
2022-03-17 05:08:53:490 action-translator LogManager.java:25 qattr [@-1,42:47='CORIZQ',<0>,2:128].[@-1,49:51='pos',<0>,2:135]
2022-03-17 05:08:53:490 action-translator LogManager.java:25 qattr [@-1,55:64='listParams',<0>,2:141].[@-1,66:66='l',<0>,2:152]
2022-03-17 05:08:53:490 action-translator LogManager.java:25 translate  $p = $expression.p 
2022-03-17 05:08:53:490 action-translator LogManager.java:25 attr [@-1,2:2='p',<0>,3:85]
2022-03-17 05:08:53:490 action-translator LogManager.java:25 qattr [@-1,7:16='expression',<0>,3:90].[@-1,18:18='p',<0>,3:101]
2022-03-17 05:08:53:491 action-translator LogManager.java:25 translate  $p = $primitive.p 
2022-03-17 05:08:53:491 action-translator LogManager.java:25 attr [@-1,2:2='p',<0>,4:38]
2022-03-17 05:08:53:491 action-translator LogManager.java:25 qattr [@-1,7:15='primitive',<0>,4:43].[@-1,17:17='p',<0>,4:53]
2022-03-17 05:08:53:491 action-translator LogManager.java:25 translate  $p = $condIf.ifCond 
2022-03-17 05:08:53:491 action-translator LogManager.java:25 attr [@-1,2:2='p',<0>,5:35]
2022-03-17 05:08:53:491 action-translator LogManager.java:25 qattr [@-1,7:12='condIf',<0>,5:40].[@-1,14:19='ifCond',<0>,5:47]
2022-03-17 05:08:53:491 action-translator LogManager.java:25 translate  $p = $condMatch.mtch 
2022-03-17 05:08:53:491 action-translator LogManager.java:25 attr [@-1,2:2='p',<0>,6:38]
2022-03-17 05:08:53:491 action-translator LogManager.java:25 qattr [@-1,7:15='condMatch',<0>,6:43].[@-1,17:20='mtch',<0>,6:53]
2022-03-17 05:08:53:492 action-translator LogManager.java:25 translate p.Precpred(p.GetParserRuleContext(), 8)
2022-03-17 05:08:53:492 action-translator LogManager.java:25 translate $p = expressions.NewOperation($opIz.start.GetLine(),$opIz.start.GetColumn(),$opIz.p,$op.text,$opDe.p)
2022-03-17 05:08:53:492 action-translator LogManager.java:25 attr [@-1,1:1='p',<0>,9:139]
2022-03-17 05:08:53:492 action-translator LogManager.java:25 qattr [@-1,31:34='opIz',<0>,9:169].[@-1,36:40='start',<0>,9:174]
2022-03-17 05:08:53:492 action-translator LogManager.java:25 qattr [@-1,53:56='opIz',<0>,9:191].[@-1,58:62='start',<0>,9:196]
2022-03-17 05:08:53:492 action-translator LogManager.java:25 qattr [@-1,77:80='opIz',<0>,9:215].[@-1,82:82='p',<0>,9:220]
2022-03-17 05:08:53:492 action-translator LogManager.java:25 qattr [@-1,85:86='op',<0>,9:223].[@-1,88:91='text',<0>,9:226]
2022-03-17 05:08:53:493 action-translator LogManager.java:25 qattr [@-1,94:97='opDe',<0>,9:232].[@-1,99:99='p',<0>,9:237]
2022-03-17 05:08:53:493 action-translator LogManager.java:25 translate p.Precpred(p.GetParserRuleContext(), 7)
2022-03-17 05:08:53:493 action-translator LogManager.java:25 translate $p = expressions.NewOperation(0,0,$opIz.p,$op.text,$opDe.p)
2022-03-17 05:08:53:493 action-translator LogManager.java:25 attr [@-1,1:1='p',<0>,10:149]
2022-03-17 05:08:53:493 action-translator LogManager.java:25 qattr [@-1,35:38='opIz',<0>,10:183].[@-1,40:40='p',<0>,10:188]
2022-03-17 05:08:53:493 action-translator LogManager.java:25 qattr [@-1,43:44='op',<0>,10:191].[@-1,46:49='text',<0>,10:194]
2022-03-17 05:08:53:493 action-translator LogManager.java:25 qattr [@-1,52:55='opDe',<0>,10:200].[@-1,57:57='p',<0>,10:205]
2022-03-17 05:08:53:494 action-translator LogManager.java:25 translate p.Precpred(p.GetParserRuleContext(), 6)
2022-03-17 05:08:53:494 action-translator LogManager.java:25 translate $p = expressions.NewOperation(0,0,$opIz.p,$op.text,$opDe.p)
2022-03-17 05:08:53:494 action-translator LogManager.java:25 attr [@-1,1:1='p',<0>,11:207]
2022-03-17 05:08:53:494 action-translator LogManager.java:25 qattr [@-1,35:38='opIz',<0>,11:241].[@-1,40:40='p',<0>,11:246]
2022-03-17 05:08:53:494 action-translator LogManager.java:25 qattr [@-1,43:44='op',<0>,11:249].[@-1,46:49='text',<0>,11:252]
2022-03-17 05:08:53:494 action-translator LogManager.java:25 qattr [@-1,52:55='opDe',<0>,11:258].[@-1,57:57='p',<0>,11:263]
2022-03-17 05:08:53:494 action-translator LogManager.java:25 translate p.Precpred(p.GetParserRuleContext(), 8)
2022-03-17 05:08:53:494 action-translator LogManager.java:25 translate p.Precpred(p.GetParserRuleContext(), 7)
2022-03-17 05:08:53:494 action-translator LogManager.java:25 translate p.Precpred(p.GetParserRuleContext(), 6)
2022-03-17 05:08:53:495 action-translator LogManager.java:25 translate 
            if (strings.Contains($NUMBER.text,".")){
                num,err := strconv.ParseFloat($NUMBER.text, 64);
                if err!= nil{
                    fmt.Println(err)
                }
                $p = expressions.NewPrimitive($NUMBER.line,$NUMBER.pos,num,environment.FLOAT)
            }else{
                num,err := strconv.Atoi($NUMBER.text)
                if err!= nil{
                    fmt.Println(err)
                }
                $p = expressions.NewPrimitive($NUMBER.line,$NUMBER.pos,num,environment.INTEGER)
            }
        
2022-03-17 05:08:53:495 action-translator LogManager.java:25 qattr [@-1,36:41='NUMBER',<0>,224:34].[@-1,43:46='text',<0>,224:41]
2022-03-17 05:08:53:495 action-translator LogManager.java:25 qattr [@-1,103:108='NUMBER',<0>,225:47].[@-1,110:113='text',<0>,225:54]
2022-03-17 05:08:53:495 action-translator LogManager.java:25 attr [@-1,227:227='p',<0>,229:17]
2022-03-17 05:08:53:495 action-translator LogManager.java:25 qattr [@-1,257:262='NUMBER',<0>,229:47].[@-1,264:267='line',<0>,229:54]
2022-03-17 05:08:53:496 action-translator LogManager.java:25 qattr [@-1,270:275='NUMBER',<0>,229:60].[@-1,277:279='pos',<0>,229:67]
2022-03-17 05:08:53:496 action-translator LogManager.java:25 qattr [@-1,366:371='NUMBER',<0>,231:41].[@-1,373:376='text',<0>,231:48]
2022-03-17 05:08:53:497 action-translator LogManager.java:25 attr [@-1,485:485='p',<0>,235:17]
2022-03-17 05:08:53:497 action-translator LogManager.java:25 qattr [@-1,515:520='NUMBER',<0>,235:47].[@-1,522:525='line',<0>,235:54]
2022-03-17 05:08:53:497 action-translator LogManager.java:25 qattr [@-1,528:533='NUMBER',<0>,235:60].[@-1,535:537='pos',<0>,235:67]
2022-03-17 05:08:53:497 action-translator LogManager.java:25 translate 
                str := $STRING.text
                $p = expressions.NewPrimitive($STRING.line, $STRING.pos,str[1:len(str)-1],environment.STRING)
            
2022-03-17 05:08:53:497 action-translator LogManager.java:25 qattr [@-1,26:31='STRING',<0>,239:24].[@-1,33:36='text',<0>,239:31]
2022-03-17 05:08:53:497 action-translator LogManager.java:25 attr [@-1,56:56='p',<0>,240:17]
2022-03-17 05:08:53:497 action-translator LogManager.java:25 qattr [@-1,86:91='STRING',<0>,240:47].[@-1,93:96='line',<0>,240:54]
2022-03-17 05:08:53:497 action-translator LogManager.java:25 qattr [@-1,100:105='STRING',<0>,240:61].[@-1,107:109='pos',<0>,240:68]
2022-03-17 05:08:53:497 action-translator LogManager.java:25 translate  $p = expressions.NewPrimitive($TRU.line, $TRU.pos,true,environment.BOOLEAN) 
2022-03-17 05:08:53:498 action-translator LogManager.java:25 attr [@-1,2:2='p',<0>,242:8]
2022-03-17 05:08:53:498 action-translator LogManager.java:25 qattr [@-1,32:34='TRU',<0>,242:38].[@-1,36:39='line',<0>,242:42]
2022-03-17 05:08:53:498 action-translator LogManager.java:25 qattr [@-1,43:45='TRU',<0>,242:49].[@-1,47:49='pos',<0>,242:53]
2022-03-17 05:08:53:498 action-translator LogManager.java:25 translate  $p = expressions.NewPrimitive($FAL.line, $FAL.pos,false,environment.BOOLEAN) 
2022-03-17 05:08:53:498 action-translator LogManager.java:25 attr [@-1,2:2='p',<0>,243:8]
2022-03-17 05:08:53:498 action-translator LogManager.java:25 qattr [@-1,32:34='FAL',<0>,243:38].[@-1,36:39='line',<0>,243:42]
2022-03-17 05:08:53:498 action-translator LogManager.java:25 qattr [@-1,43:45='FAL',<0>,243:49].[@-1,47:49='pos',<0>,243:53]
2022-03-17 05:08:53:498 action-translator LogManager.java:25 translate  $p = $list.p
2022-03-17 05:08:53:498 action-translator LogManager.java:25 attr [@-1,2:2='p',<0>,244:19]
2022-03-17 05:08:53:498 action-translator LogManager.java:25 qattr [@-1,7:10='list',<0>,244:24].[@-1,12:12='p',<0>,244:29]
2022-03-17 05:08:53:499 action-translator LogManager.java:25 translate 
2022-03-17 05:08:53:499 action-translator LogManager.java:25 translate  $p = expressions.NewCallVar($ID.line, $ID.pos, $ID.text)
2022-03-17 05:08:53:499 action-translator LogManager.java:25 attr [@-1,2:2='p',<0>,2:34]
2022-03-17 05:08:53:499 action-translator LogManager.java:25 qattr [@-1,30:31='ID',<0>,2:62].[@-1,33:36='line',<0>,2:65]
2022-03-17 05:08:53:499 action-translator LogManager.java:25 qattr [@-1,40:41='ID',<0>,2:72].[@-1,43:45='pos',<0>,2:75]
2022-03-17 05:08:53:500 action-translator LogManager.java:25 qattr [@-1,49:50='ID',<0>,2:81].[@-1,52:55='text',<0>,2:84]
2022-03-17 05:08:53:500 action-translator LogManager.java:25 translate p.Precpred(p.GetParserRuleContext(), 2)
2022-03-17 05:08:53:500 action-translator LogManager.java:25 translate  $p = expressions.NewArrayAccess($list.start.GetLine(), $list.start.GetColumn(), $list.p, $expression.p) 
2022-03-17 05:08:53:500 action-translator LogManager.java:25 attr [@-1,2:2='p',<0>,5:133]
2022-03-17 05:08:53:500 action-translator LogManager.java:25 qattr [@-1,34:37='list',<0>,5:165].[@-1,39:43='start',<0>,5:170]
2022-03-17 05:08:53:500 action-translator LogManager.java:25 qattr [@-1,57:60='list',<0>,5:188].[@-1,62:66='start',<0>,5:193]
2022-03-17 05:08:53:500 action-translator LogManager.java:25 qattr [@-1,82:85='list',<0>,5:213].[@-1,87:87='p',<0>,5:218]
2022-03-17 05:08:53:500 action-translator LogManager.java:25 qattr [@-1,91:100='expression',<0>,5:222].[@-1,102:102='p',<0>,5:233]
2022-03-17 05:08:53:500 action-translator LogManager.java:25 translate p.Precpred(p.GetParserRuleContext(), 2)
2022-03-17 05:08:53:745 action-translator LogManager.java:25 translate 
    import arrayList "github.com/colegno/arraylist"
    import "OLC2/interfaces"
    import "OLC2/expressions"
    import "OLC2/instructions"
    import "OLC2/environment"
    import "strings"

2022-03-17 05:08:53:746 action-translator LogManager.java:25 translate 
    import arrayList "github.com/colegno/arraylist"
    import "OLC2/interfaces"
    import "OLC2/expressions"
    import "OLC2/instructions"
    import "OLC2/environment"
    import "strings"

2022-03-17 05:08:53:891 action-translator LogManager.java:25 translate 
    import arrayList "github.com/colegno/arraylist"
    import "OLC2/interfaces"
    import "OLC2/expressions"
    import "OLC2/instructions"
    import "OLC2/environment"
    import "strings"

2022-03-17 05:08:53:891 action-translator LogManager.java:25 translate 
    import arrayList "github.com/colegno/arraylist"
    import "OLC2/interfaces"
    import "OLC2/expressions"
    import "OLC2/instructions"
    import "OLC2/environment"
    import "strings"

